<?xml version="1.0" encoding="UTF-8"?>
<coverage generated="1763026220074" clover="3.2.0">
  <project timestamp="1763026220074" name="All files">
    <metrics statements="78" coveredstatements="73" conditionals="90" coveredconditionals="80" methods="9" coveredmethods="9" elements="177" coveredelements="162" complexity="0" loc="78" ncloc="78" packages="1" files="1" classes="1"/>
    <file name="formatters.ts" path="C:\Users\AyodeleOladeji\Documents\dev\credit-default-swap\frontend\src\utils\formatters.ts">
      <metrics statements="78" coveredstatements="73" conditionals="90" coveredconditionals="80" methods="9" coveredmethods="9"/>
      <line num="8" count="1" type="stmt"/>
      <line num="13" count="6" type="cond" truecount="5" falsecount="0"/>
      <line num="14" count="3" type="stmt"/>
      <line num="17" count="3" type="cond" truecount="2" falsecount="0"/>
      <line num="19" count="3" type="cond" truecount="2" falsecount="0"/>
      <line num="20" count="1" type="stmt"/>
      <line num="23" count="2" type="stmt"/>
      <line num="34" count="1" type="stmt"/>
      <line num="39" count="13" type="cond" truecount="5" falsecount="0"/>
      <line num="40" count="3" type="stmt"/>
      <line num="43" count="10" type="cond" truecount="2" falsecount="0"/>
      <line num="45" count="10" type="cond" truecount="1" falsecount="1"/>
      <line num="46" count="0" type="stmt"/>
      <line num="49" count="10" type="stmt"/>
      <line num="58" count="1" type="stmt"/>
      <line num="62" count="5" type="cond" truecount="5" falsecount="0"/>
      <line num="63" count="2" type="stmt"/>
      <line num="66" count="3" type="cond" truecount="1" falsecount="1"/>
      <line num="68" count="3" type="cond" truecount="1" falsecount="1"/>
      <line num="69" count="0" type="stmt"/>
      <line num="72" count="3" type="stmt"/>
      <line num="78" count="1" type="stmt"/>
      <line num="82" count="6" type="cond" truecount="5" falsecount="0"/>
      <line num="83" count="1" type="stmt"/>
      <line num="86" count="5" type="cond" truecount="1" falsecount="1"/>
      <line num="88" count="5" type="cond" truecount="1" falsecount="1"/>
      <line num="89" count="0" type="stmt"/>
      <line num="92" count="5" type="stmt"/>
      <line num="93" count="5" type="cond" truecount="2" falsecount="0"/>
      <line num="95" count="5" type="cond" truecount="2" falsecount="0"/>
      <line num="96" count="1" type="stmt"/>
      <line num="97" count="4" type="cond" truecount="2" falsecount="0"/>
      <line num="98" count="1" type="stmt"/>
      <line num="99" count="3" type="cond" truecount="2" falsecount="0"/>
      <line num="100" count="2" type="stmt"/>
      <line num="102" count="1" type="stmt"/>
      <line num="109" count="1" type="stmt"/>
      <line num="113" count="4" type="cond" truecount="2" falsecount="0"/>
      <line num="114" count="1" type="stmt"/>
      <line num="117" count="3" type="cond" truecount="1" falsecount="1"/>
      <line num="119" count="3" type="cond" truecount="2" falsecount="0"/>
      <line num="120" count="1" type="stmt"/>
      <line num="123" count="2" type="stmt"/>
      <line num="129" count="2" type="cond" truecount="2" falsecount="0"/>
      <line num="130" count="1" type="stmt"/>
      <line num="133" count="2" type="stmt"/>
      <line num="139" count="1" type="stmt"/>
      <line num="143" count="2" type="cond" truecount="2" falsecount="0"/>
      <line num="144" count="1" type="stmt"/>
      <line num="147" count="1" type="cond" truecount="1" falsecount="1"/>
      <line num="149" count="1" type="cond" truecount="1" falsecount="1"/>
      <line num="150" count="0" type="stmt"/>
      <line num="153" count="1" type="stmt"/>
      <line num="159" count="1" type="stmt"/>
      <line num="165" count="1" type="stmt"/>
      <line num="166" count="1" type="stmt"/>
      <line num="168" count="1" type="stmt"/>
      <line num="174" count="1" type="stmt"/>
      <line num="175" count="4" type="cond" truecount="4" falsecount="0"/>
      <line num="176" count="2" type="stmt"/>
      <line num="179" count="2" type="stmt"/>
      <line num="180" count="2" type="stmt"/>
      <line num="181" count="2" type="stmt"/>
      <line num="183" count="2" type="stmt"/>
      <line num="189" count="1" type="stmt"/>
      <line num="193" count="3" type="cond" truecount="5" falsecount="0"/>
      <line num="194" count="1" type="stmt"/>
      <line num="197" count="2" type="cond" truecount="2" falsecount="0"/>
      <line num="199" count="2" type="cond" truecount="1" falsecount="1"/>
      <line num="200" count="0" type="stmt"/>
      <line num="203" count="2" type="stmt"/>
      <line num="204" count="2" type="stmt"/>
      <line num="210" count="1" type="stmt"/>
      <line num="214" count="3" type="cond" truecount="2" falsecount="0"/>
      <line num="215" count="1" type="stmt"/>
      <line num="218" count="2" type="cond" truecount="2" falsecount="0"/>
      <line num="219" count="1" type="stmt"/>
      <line num="222" count="1" type="stmt"/>
    </file>
  </project>
</coverage>
