{"total": {"lines":{"total":374,"covered":112,"skipped":0,"pct":29.94},"statements":{"total":386,"covered":112,"skipped":0,"pct":29.01},"functions":{"total":79,"covered":20,"skipped":0,"pct":25.31},"branches":{"total":298,"covered":60,"skipped":0,"pct":20.13},"branchesTrue":{"total":0,"covered":0,"skipped":0,"pct":100}}
,"C:\\Users\\AyodeleOladeji\\Documents\\dev\\credit-default-swap\\frontend\\src\\components\\portfolio\\PortfolioList.tsx": {"lines":{"total":40,"covered":22,"skipped":0,"pct":55},"functions":{"total":11,"covered":3,"skipped":0,"pct":27.27},"statements":{"total":41,"covered":22,"skipped":0,"pct":53.65},"branches":{"total":26,"covered":3,"skipped":0,"pct":11.53}}
,"C:\\Users\\AyodeleOladeji\\Documents\\dev\\credit-default-swap\\frontend\\src\\components\\settlement-view\\SettlementView.tsx": {"lines":{"total":14,"covered":13,"skipped":0,"pct":92.85},"functions":{"total":4,"covered":4,"skipped":0,"pct":100},"statements":{"total":14,"covered":13,"skipped":0,"pct":92.85},"branches":{"total":39,"covered":28,"skipped":0,"pct":71.79}}
,"C:\\Users\\AyodeleOladeji\\Documents\\dev\\credit-default-swap\\frontend\\src\\components\\trade-detail-modal\\TradeDetailModal.tsx": {"lines":{"total":91,"covered":0,"skipped":0,"pct":0},"functions":{"total":21,"covered":0,"skipped":0,"pct":0},"statements":{"total":97,"covered":0,"skipped":0,"pct":0},"branches":{"total":104,"covered":0,"skipped":0,"pct":0}}
,"C:\\Users\\AyodeleOladeji\\Documents\\dev\\credit-default-swap\\frontend\\src\\hooks\\useSimulationPolling.ts": {"lines":{"total":30,"covered":25,"skipped":0,"pct":83.33},"functions":{"total":4,"covered":4,"skipped":0,"pct":100},"statements":{"total":30,"covered":25,"skipped":0,"pct":83.33},"branches":{"total":15,"covered":7,"skipped":0,"pct":46.66}}
,"C:\\Users\\AyodeleOladeji\\Documents\\dev\\credit-default-swap\\frontend\\src\\services\\basketService.ts": {"lines":{"total":42,"covered":5,"skipped":0,"pct":11.9},"functions":{"total":6,"covered":1,"skipped":0,"pct":16.66},"statements":{"total":42,"covered":5,"skipped":0,"pct":11.9},"branches":{"total":32,"covered":1,"skipped":0,"pct":3.12}}
,"C:\\Users\\AyodeleOladeji\\Documents\\dev\\credit-default-swap\\frontend\\src\\services\\creditEventService.ts": {"lines":{"total":42,"covered":5,"skipped":0,"pct":11.9},"functions":{"total":8,"covered":1,"skipped":0,"pct":12.5},"statements":{"total":43,"covered":5,"skipped":0,"pct":11.62},"branches":{"total":35,"covered":1,"skipped":0,"pct":2.85}}
,"C:\\Users\\AyodeleOladeji\\Documents\\dev\\credit-default-swap\\frontend\\src\\services\\lifecycleService.ts": {"lines":{"total":59,"covered":9,"skipped":0,"pct":15.25},"functions":{"total":19,"covered":3,"skipped":0,"pct":15.78},"statements":{"total":61,"covered":9,"skipped":0,"pct":14.75},"branches":{"total":17,"covered":4,"skipped":0,"pct":23.52}}
,"C:\\Users\\AyodeleOladeji\\Documents\\dev\\credit-default-swap\\frontend\\src\\services\\simulationService.ts": {"lines":{"total":28,"covered":9,"skipped":0,"pct":32.14},"functions":{"total":4,"covered":2,"skipped":0,"pct":50},"statements":{"total":28,"covered":9,"skipped":0,"pct":32.14},"branches":{"total":10,"covered":3,"skipped":0,"pct":30}}
,"C:\\Users\\AyodeleOladeji\\Documents\\dev\\credit-default-swap\\frontend\\src\\services\\risk\\riskService.ts": {"lines":{"total":28,"covered":24,"skipped":0,"pct":85.71},"functions":{"total":2,"covered":2,"skipped":0,"pct":100},"statements":{"total":30,"covered":24,"skipped":0,"pct":80},"branches":{"total":20,"covered":13,"skipped":0,"pct":65}}
}
