{"total": {"lines":{"total":526,"covered":207,"skipped":0,"pct":39.35},"statements":{"total":553,"covered":217,"skipped":0,"pct":39.24},"functions":{"total":140,"covered":71,"skipped":0,"pct":50.71},"branches":{"total":483,"covered":208,"skipped":0,"pct":43.06},"branchesTrue":{"total":0,"covered":0,"skipped":0,"pct":100}}
,"C:\\Users\\AyodeleOladeji\\Documents\\dev\\credit-default-swap\\frontend\\src\\components\\confirmation-modal\\ConfirmationModal.tsx": {"lines":{"total":10,"covered":8,"skipped":0,"pct":80},"functions":{"total":4,"covered":3,"skipped":0,"pct":75},"statements":{"total":11,"covered":9,"skipped":0,"pct":81.81},"branches":{"total":18,"covered":10,"skipped":0,"pct":55.55}}
,"C:\\Users\\AyodeleOladeji\\Documents\\dev\\credit-default-swap\\frontend\\src\\components\\portfolio\\PortfolioList.tsx": {"lines":{"total":40,"covered":0,"skipped":0,"pct":0},"functions":{"total":11,"covered":0,"skipped":0,"pct":0},"statements":{"total":41,"covered":0,"skipped":0,"pct":0},"branches":{"total":26,"covered":0,"skipped":0,"pct":0}}
,"C:\\Users\\AyodeleOladeji\\Documents\\dev\\credit-default-swap\\frontend\\src\\components\\portfolio\\simulation\\SimulationConfigForm.tsx": {"lines":{"total":31,"covered":26,"skipped":0,"pct":83.87},"functions":{"total":13,"covered":10,"skipped":0,"pct":76.92},"statements":{"total":31,"covered":26,"skipped":0,"pct":83.87},"branches":{"total":12,"covered":9,"skipped":0,"pct":75}}
,"C:\\Users\\AyodeleOladeji\\Documents\\dev\\credit-default-swap\\frontend\\src\\components\\risk\\CashflowScheduleTable.tsx": {"lines":{"total":24,"covered":23,"skipped":0,"pct":95.83},"functions":{"total":10,"covered":10,"skipped":0,"pct":100},"statements":{"total":28,"covered":25,"skipped":0,"pct":89.28},"branches":{"total":34,"covered":23,"skipped":0,"pct":67.64}}
,"C:\\Users\\AyodeleOladeji\\Documents\\dev\\credit-default-swap\\frontend\\src\\components\\risk\\MarketDataPanel.tsx": {"lines":{"total":37,"covered":33,"skipped":0,"pct":89.18},"functions":{"total":15,"covered":13,"skipped":0,"pct":86.66},"statements":{"total":41,"covered":33,"skipped":0,"pct":80.48},"branches":{"total":67,"covered":51,"skipped":0,"pct":76.11}}
,"C:\\Users\\AyodeleOladeji\\Documents\\dev\\credit-default-swap\\frontend\\src\\components\\services-status-modal\\ServicesStatusModal.tsx": {"lines":{"total":40,"covered":36,"skipped":0,"pct":90},"functions":{"total":13,"covered":13,"skipped":0,"pct":100},"statements":{"total":45,"covered":41,"skipped":0,"pct":91.11},"branches":{"total":54,"covered":42,"skipped":0,"pct":77.77}}
,"C:\\Users\\AyodeleOladeji\\Documents\\dev\\credit-default-swap\\frontend\\src\\components\\settlement-view\\SettlementView.tsx": {"lines":{"total":14,"covered":13,"skipped":0,"pct":92.85},"functions":{"total":4,"covered":4,"skipped":0,"pct":100},"statements":{"total":14,"covered":13,"skipped":0,"pct":92.85},"branches":{"total":39,"covered":28,"skipped":0,"pct":71.79}}
,"C:\\Users\\AyodeleOladeji\\Documents\\dev\\credit-default-swap\\frontend\\src\\components\\top-bar\\TopBar.tsx": {"lines":{"total":10,"covered":10,"skipped":0,"pct":100},"functions":{"total":6,"covered":6,"skipped":0,"pct":100},"statements":{"total":11,"covered":11,"skipped":0,"pct":100},"branches":{"total":0,"covered":0,"skipped":0,"pct":100}}
,"C:\\Users\\AyodeleOladeji\\Documents\\dev\\credit-default-swap\\frontend\\src\\components\\trade-detail-modal\\TradeDetailModal.tsx": {"lines":{"total":91,"covered":56,"skipped":0,"pct":61.53},"functions":{"total":21,"covered":12,"skipped":0,"pct":57.14},"statements":{"total":97,"covered":57,"skipped":0,"pct":58.76},"branches":{"total":104,"covered":45,"skipped":0,"pct":43.26}}
,"C:\\Users\\AyodeleOladeji\\Documents\\dev\\credit-default-swap\\frontend\\src\\hooks\\useSimulationPolling.ts": {"lines":{"total":30,"covered":0,"skipped":0,"pct":0},"functions":{"total":4,"covered":0,"skipped":0,"pct":0},"statements":{"total":30,"covered":0,"skipped":0,"pct":0},"branches":{"total":15,"covered":0,"skipped":0,"pct":0}}
,"C:\\Users\\AyodeleOladeji\\Documents\\dev\\credit-default-swap\\frontend\\src\\services\\basketService.ts": {"lines":{"total":42,"covered":0,"skipped":0,"pct":0},"functions":{"total":6,"covered":0,"skipped":0,"pct":0},"statements":{"total":42,"covered":0,"skipped":0,"pct":0},"branches":{"total":32,"covered":0,"skipped":0,"pct":0}}
,"C:\\Users\\AyodeleOladeji\\Documents\\dev\\credit-default-swap\\frontend\\src\\services\\creditEventService.ts": {"lines":{"total":42,"covered":0,"skipped":0,"pct":0},"functions":{"total":8,"covered":0,"skipped":0,"pct":0},"statements":{"total":43,"covered":0,"skipped":0,"pct":0},"branches":{"total":35,"covered":0,"skipped":0,"pct":0}}
,"C:\\Users\\AyodeleOladeji\\Documents\\dev\\credit-default-swap\\frontend\\src\\services\\lifecycleService.ts": {"lines":{"total":59,"covered":2,"skipped":0,"pct":3.38},"functions":{"total":19,"covered":0,"skipped":0,"pct":0},"statements":{"total":61,"covered":2,"skipped":0,"pct":3.27},"branches":{"total":17,"covered":0,"skipped":0,"pct":0}}
,"C:\\Users\\AyodeleOladeji\\Documents\\dev\\credit-default-swap\\frontend\\src\\services\\simulationService.ts": {"lines":{"total":28,"covered":0,"skipped":0,"pct":0},"functions":{"total":4,"covered":0,"skipped":0,"pct":0},"statements":{"total":28,"covered":0,"skipped":0,"pct":0},"branches":{"total":10,"covered":0,"skipped":0,"pct":0}}
,"C:\\Users\\AyodeleOladeji\\Documents\\dev\\credit-default-swap\\frontend\\src\\services\\risk\\riskService.ts": {"lines":{"total":28,"covered":0,"skipped":0,"pct":0},"functions":{"total":2,"covered":0,"skipped":0,"pct":0},"statements":{"total":30,"covered":0,"skipped":0,"pct":0},"branches":{"total":20,"covered":0,"skipped":0,"pct":0}}
}
