{"C:\\Users\\AyodeleOladeji\\Documents\\dev\\credit-default-swap\\frontend\\src\\utils\\formatters.ts": {"path":"C:\\Users\\AyodeleOladeji\\Documents\\dev\\credit-default-swap\\frontend\\src\\utils\\formatters.ts","statementMap":{"0":{"start":{"line":8,"column":30},"end":{"line":29,"column":1}},"1":{"start":{"line":13,"column":2},"end":{"line":15,"column":3}},"2":{"start":{"line":14,"column":4},"end":{"line":14,"column":19}},"3":{"start":{"line":17,"column":19},"end":{"line":17,"column":72}},"4":{"start":{"line":19,"column":2},"end":{"line":21,"column":3}},"5":{"start":{"line":20,"column":4},"end":{"line":20,"column":19}},"6":{"start":{"line":23,"column":2},"end":{"line":28,"column":22}},"7":{"start":{"line":34,"column":28},"end":{"line":53,"column":1}},"8":{"start":{"line":39,"column":2},"end":{"line":41,"column":3}},"9":{"start":{"line":40,"column":4},"end":{"line":40,"column":15}},"10":{"start":{"line":43,"column":19},"end":{"line":43,"column":72}},"11":{"start":{"line":45,"column":2},"end":{"line":47,"column":3}},"12":{"start":{"line":46,"column":4},"end":{"line":46,"column":15}},"13":{"start":{"line":49,"column":2},"end":{"line":52,"column":22}},"14":{"start":{"line":58,"column":32},"end":{"line":73,"column":1}},"15":{"start":{"line":62,"column":2},"end":{"line":64,"column":3}},"16":{"start":{"line":63,"column":4},"end":{"line":63,"column":19}},"17":{"start":{"line":66,"column":19},"end":{"line":66,"column":72}},"18":{"start":{"line":68,"column":2},"end":{"line":70,"column":3}},"19":{"start":{"line":69,"column":4},"end":{"line":69,"column":19}},"20":{"start":{"line":72,"column":2},"end":{"line":72,"column":48}},"21":{"start":{"line":78,"column":35},"end":{"line":104,"column":1}},"22":{"start":{"line":82,"column":2},"end":{"line":84,"column":3}},"23":{"start":{"line":83,"column":4},"end":{"line":83,"column":15}},"24":{"start":{"line":86,"column":19},"end":{"line":86,"column":72}},"25":{"start":{"line":88,"column":2},"end":{"line":90,"column":3}},"26":{"start":{"line":89,"column":4},"end":{"line":89,"column":15}},"27":{"start":{"line":92,"column":14},"end":{"line":92,"column":32}},"28":{"start":{"line":93,"column":15},"end":{"line":93,"column":38}},"29":{"start":{"line":95,"column":2},"end":{"line":103,"column":3}},"30":{"start":{"line":96,"column":4},"end":{"line":96,"column":58}},"31":{"start":{"line":97,"column":9},"end":{"line":103,"column":3}},"32":{"start":{"line":98,"column":4},"end":{"line":98,"column":58}},"33":{"start":{"line":99,"column":9},"end":{"line":103,"column":3}},"34":{"start":{"line":100,"column":4},"end":{"line":100,"column":58}},"35":{"start":{"line":102,"column":4},"end":{"line":102,"column":51}},"36":{"start":{"line":109,"column":26},"end":{"line":134,"column":1}},"37":{"start":{"line":113,"column":2},"end":{"line":115,"column":3}},"38":{"start":{"line":114,"column":4},"end":{"line":114,"column":15}},"39":{"start":{"line":117,"column":18},"end":{"line":117,"column":66}},"40":{"start":{"line":119,"column":2},"end":{"line":121,"column":3}},"41":{"start":{"line":120,"column":4},"end":{"line":120,"column":15}},"42":{"start":{"line":123,"column":46},"end":{"line":127,"column":3}},"43":{"start":{"line":129,"column":2},"end":{"line":131,"column":3}},"44":{"start":{"line":130,"column":4},"end":{"line":130,"column":29}},"45":{"start":{"line":133,"column":2},"end":{"line":133,"column":54}},"46":{"start":{"line":139,"column":30},"end":{"line":169,"column":1}},"47":{"start":{"line":143,"column":2},"end":{"line":145,"column":3}},"48":{"start":{"line":144,"column":4},"end":{"line":144,"column":15}},"49":{"start":{"line":147,"column":18},"end":{"line":147,"column":66}},"50":{"start":{"line":149,"column":2},"end":{"line":151,"column":3}},"51":{"start":{"line":150,"column":4},"end":{"line":150,"column":15}},"52":{"start":{"line":153,"column":50},"end":{"line":157,"column":3}},"53":{"start":{"line":159,"column":50},"end":{"line":163,"column":3}},"54":{"start":{"line":165,"column":19},"end":{"line":165,"column":67}},"55":{"start":{"line":166,"column":19},"end":{"line":166,"column":67}},"56":{"start":{"line":168,"column":2},"end":{"line":168,"column":35}},"57":{"start":{"line":174,"column":30},"end":{"line":184,"column":1}},"58":{"start":{"line":175,"column":2},"end":{"line":177,"column":3}},"59":{"start":{"line":176,"column":4},"end":{"line":176,"column":21}},"60":{"start":{"line":179,"column":12},"end":{"line":179,"column":16}},"61":{"start":{"line":180,"column":16},"end":{"line":180,"column":49}},"62":{"start":{"line":181,"column":12},"end":{"line":181,"column":53}},"63":{"start":{"line":183,"column":2},"end":{"line":183,"column":74}},"64":{"start":{"line":189,"column":33},"end":{"line":205,"column":1}},"65":{"start":{"line":193,"column":2},"end":{"line":195,"column":3}},"66":{"start":{"line":194,"column":4},"end":{"line":194,"column":19}},"67":{"start":{"line":197,"column":19},"end":{"line":197,"column":66}},"68":{"start":{"line":199,"column":2},"end":{"line":201,"column":3}},"69":{"start":{"line":200,"column":4},"end":{"line":200,"column":19}},"70":{"start":{"line":203,"column":21},"end":{"line":203,"column":37}},"71":{"start":{"line":204,"column":2},"end":{"line":204,"column":54}},"72":{"start":{"line":210,"column":28},"end":{"line":223,"column":1}},"73":{"start":{"line":214,"column":2},"end":{"line":216,"column":3}},"74":{"start":{"line":215,"column":4},"end":{"line":215,"column":14}},"75":{"start":{"line":218,"column":2},"end":{"line":220,"column":3}},"76":{"start":{"line":219,"column":4},"end":{"line":219,"column":16}},"77":{"start":{"line":222,"column":2},"end":{"line":222,"column":46}}},"fnMap":{"0":{"name":"(anonymous_0)","decl":{"start":{"line":8,"column":30},"end":{"line":8,"column":31}},"loc":{"start":{"line":12,"column":13},"end":{"line":29,"column":1}},"line":12},"1":{"name":"(anonymous_1)","decl":{"start":{"line":34,"column":28},"end":{"line":34,"column":29}},"loc":{"start":{"line":38,"column":13},"end":{"line":53,"column":1}},"line":38},"2":{"name":"(anonymous_2)","decl":{"start":{"line":58,"column":32},"end":{"line":58,"column":33}},"loc":{"start":{"line":61,"column":13},"end":{"line":73,"column":1}},"line":61},"3":{"name":"(anonymous_3)","decl":{"start":{"line":78,"column":35},"end":{"line":78,"column":36}},"loc":{"start":{"line":81,"column":13},"end":{"line":104,"column":1}},"line":81},"4":{"name":"(anonymous_4)","decl":{"start":{"line":109,"column":26},"end":{"line":109,"column":27}},"loc":{"start":{"line":112,"column":13},"end":{"line":134,"column":1}},"line":112},"5":{"name":"(anonymous_5)","decl":{"start":{"line":139,"column":30},"end":{"line":139,"column":31}},"loc":{"start":{"line":142,"column":13},"end":{"line":169,"column":1}},"line":142},"6":{"name":"(anonymous_6)","decl":{"start":{"line":174,"column":30},"end":{"line":174,"column":31}},"loc":{"start":{"line":174,"column":76},"end":{"line":184,"column":1}},"line":174},"7":{"name":"(anonymous_7)","decl":{"start":{"line":189,"column":33},"end":{"line":189,"column":34}},"loc":{"start":{"line":192,"column":13},"end":{"line":205,"column":1}},"line":192},"8":{"name":"(anonymous_8)","decl":{"start":{"line":210,"column":28},"end":{"line":210,"column":29}},"loc":{"start":{"line":213,"column":13},"end":{"line":223,"column":1}},"line":213}},"branchMap":{"0":{"loc":{"start":{"line":10,"column":2},"end":{"line":10,"column":26}},"type":"default-arg","locations":[{"start":{"line":10,"column":21},"end":{"line":10,"column":26}}],"line":10},"1":{"loc":{"start":{"line":11,"column":2},"end":{"line":11,"column":26}},"type":"default-arg","locations":[{"start":{"line":11,"column":19},"end":{"line":11,"column":26}}],"line":11},"2":{"loc":{"start":{"line":13,"column":2},"end":{"line":15,"column":3}},"type":"if","locations":[{"start":{"line":13,"column":2},"end":{"line":15,"column":3}},{"start":{},"end":{}}],"line":13},"3":{"loc":{"start":{"line":13,"column":6},"end":{"line":13,"column":59}},"type":"binary-expr","locations":[{"start":{"line":13,"column":6},"end":{"line":13,"column":20}},{"start":{"line":13,"column":24},"end":{"line":13,"column":43}},{"start":{"line":13,"column":47},"end":{"line":13,"column":59}}],"line":13},"4":{"loc":{"start":{"line":17,"column":19},"end":{"line":17,"column":72}},"type":"cond-expr","locations":[{"start":{"line":17,"column":47},"end":{"line":17,"column":64}},{"start":{"line":17,"column":67},"end":{"line":17,"column":72}}],"line":17},"5":{"loc":{"start":{"line":19,"column":2},"end":{"line":21,"column":3}},"type":"if","locations":[{"start":{"line":19,"column":2},"end":{"line":21,"column":3}},{"start":{},"end":{}}],"line":19},"6":{"loc":{"start":{"line":36,"column":2},"end":{"line":36,"column":22}},"type":"default-arg","locations":[{"start":{"line":36,"column":21},"end":{"line":36,"column":22}}],"line":36},"7":{"loc":{"start":{"line":37,"column":2},"end":{"line":37,"column":26}},"type":"default-arg","locations":[{"start":{"line":37,"column":19},"end":{"line":37,"column":26}}],"line":37},"8":{"loc":{"start":{"line":39,"column":2},"end":{"line":41,"column":3}},"type":"if","locations":[{"start":{"line":39,"column":2},"end":{"line":41,"column":3}},{"start":{},"end":{}}],"line":39},"9":{"loc":{"start":{"line":39,"column":6},"end":{"line":39,"column":59}},"type":"binary-expr","locations":[{"start":{"line":39,"column":6},"end":{"line":39,"column":20}},{"start":{"line":39,"column":24},"end":{"line":39,"column":43}},{"start":{"line":39,"column":47},"end":{"line":39,"column":59}}],"line":39},"10":{"loc":{"start":{"line":43,"column":19},"end":{"line":43,"column":72}},"type":"cond-expr","locations":[{"start":{"line":43,"column":47},"end":{"line":43,"column":64}},{"start":{"line":43,"column":67},"end":{"line":43,"column":72}}],"line":43},"11":{"loc":{"start":{"line":45,"column":2},"end":{"line":47,"column":3}},"type":"if","locations":[{"start":{"line":45,"column":2},"end":{"line":47,"column":3}},{"start":{},"end":{}}],"line":45},"12":{"loc":{"start":{"line":60,"column":2},"end":{"line":60,"column":22}},"type":"default-arg","locations":[{"start":{"line":60,"column":21},"end":{"line":60,"column":22}}],"line":60},"13":{"loc":{"start":{"line":62,"column":2},"end":{"line":64,"column":3}},"type":"if","locations":[{"start":{"line":62,"column":2},"end":{"line":64,"column":3}},{"start":{},"end":{}}],"line":62},"14":{"loc":{"start":{"line":62,"column":6},"end":{"line":62,"column":59}},"type":"binary-expr","locations":[{"start":{"line":62,"column":6},"end":{"line":62,"column":20}},{"start":{"line":62,"column":24},"end":{"line":62,"column":43}},{"start":{"line":62,"column":47},"end":{"line":62,"column":59}}],"line":62},"15":{"loc":{"start":{"line":66,"column":19},"end":{"line":66,"column":72}},"type":"cond-expr","locations":[{"start":{"line":66,"column":47},"end":{"line":66,"column":64}},{"start":{"line":66,"column":67},"end":{"line":66,"column":72}}],"line":66},"16":{"loc":{"start":{"line":68,"column":2},"end":{"line":70,"column":3}},"type":"if","locations":[{"start":{"line":68,"column":2},"end":{"line":70,"column":3}},{"start":{},"end":{}}],"line":68},"17":{"loc":{"start":{"line":80,"column":2},"end":{"line":80,"column":22}},"type":"default-arg","locations":[{"start":{"line":80,"column":21},"end":{"line":80,"column":22}}],"line":80},"18":{"loc":{"start":{"line":82,"column":2},"end":{"line":84,"column":3}},"type":"if","locations":[{"start":{"line":82,"column":2},"end":{"line":84,"column":3}},{"start":{},"end":{}}],"line":82},"19":{"loc":{"start":{"line":82,"column":6},"end":{"line":82,"column":59}},"type":"binary-expr","locations":[{"start":{"line":82,"column":6},"end":{"line":82,"column":20}},{"start":{"line":82,"column":24},"end":{"line":82,"column":43}},{"start":{"line":82,"column":47},"end":{"line":82,"column":59}}],"line":82},"20":{"loc":{"start":{"line":86,"column":19},"end":{"line":86,"column":72}},"type":"cond-expr","locations":[{"start":{"line":86,"column":47},"end":{"line":86,"column":64}},{"start":{"line":86,"column":67},"end":{"line":86,"column":72}}],"line":86},"21":{"loc":{"start":{"line":88,"column":2},"end":{"line":90,"column":3}},"type":"if","locations":[{"start":{"line":88,"column":2},"end":{"line":90,"column":3}},{"start":{},"end":{}}],"line":88},"22":{"loc":{"start":{"line":93,"column":15},"end":{"line":93,"column":38}},"type":"cond-expr","locations":[{"start":{"line":93,"column":30},"end":{"line":93,"column":33}},{"start":{"line":93,"column":36},"end":{"line":93,"column":38}}],"line":93},"23":{"loc":{"start":{"line":95,"column":2},"end":{"line":103,"column":3}},"type":"if","locations":[{"start":{"line":95,"column":2},"end":{"line":103,"column":3}},{"start":{"line":97,"column":9},"end":{"line":103,"column":3}}],"line":95},"24":{"loc":{"start":{"line":97,"column":9},"end":{"line":103,"column":3}},"type":"if","locations":[{"start":{"line":97,"column":9},"end":{"line":103,"column":3}},{"start":{"line":99,"column":9},"end":{"line":103,"column":3}}],"line":97},"25":{"loc":{"start":{"line":99,"column":9},"end":{"line":103,"column":3}},"type":"if","locations":[{"start":{"line":99,"column":9},"end":{"line":103,"column":3}},{"start":{"line":101,"column":9},"end":{"line":103,"column":3}}],"line":99},"26":{"loc":{"start":{"line":111,"column":2},"end":{"line":111,"column":48}},"type":"default-arg","locations":[{"start":{"line":111,"column":40},"end":{"line":111,"column":48}}],"line":111},"27":{"loc":{"start":{"line":113,"column":2},"end":{"line":115,"column":3}},"type":"if","locations":[{"start":{"line":113,"column":2},"end":{"line":115,"column":3}},{"start":{},"end":{}}],"line":113},"28":{"loc":{"start":{"line":117,"column":18},"end":{"line":117,"column":66}},"type":"cond-expr","locations":[{"start":{"line":117,"column":45},"end":{"line":117,"column":59}},{"start":{"line":117,"column":62},"end":{"line":117,"column":66}}],"line":117},"29":{"loc":{"start":{"line":119,"column":2},"end":{"line":121,"column":3}},"type":"if","locations":[{"start":{"line":119,"column":2},"end":{"line":121,"column":3}},{"start":{},"end":{}}],"line":119},"30":{"loc":{"start":{"line":125,"column":11},"end":{"line":125,"column":82}},"type":"cond-expr","locations":[{"start":{"line":125,"column":32},"end":{"line":125,"column":41}},{"start":{"line":125,"column":44},"end":{"line":125,"column":82}}],"line":125},"31":{"loc":{"start":{"line":125,"column":44},"end":{"line":125,"column":82}},"type":"cond-expr","locations":[{"start":{"line":125,"column":66},"end":{"line":125,"column":73}},{"start":{"line":125,"column":76},"end":{"line":125,"column":82}}],"line":125},"32":{"loc":{"start":{"line":129,"column":2},"end":{"line":131,"column":3}},"type":"if","locations":[{"start":{"line":129,"column":2},"end":{"line":131,"column":3}},{"start":{},"end":{}}],"line":129},"33":{"loc":{"start":{"line":141,"column":2},"end":{"line":141,"column":33}},"type":"default-arg","locations":[{"start":{"line":141,"column":28},"end":{"line":141,"column":33}}],"line":141},"34":{"loc":{"start":{"line":143,"column":2},"end":{"line":145,"column":3}},"type":"if","locations":[{"start":{"line":143,"column":2},"end":{"line":145,"column":3}},{"start":{},"end":{}}],"line":143},"35":{"loc":{"start":{"line":147,"column":18},"end":{"line":147,"column":66}},"type":"cond-expr","locations":[{"start":{"line":147,"column":45},"end":{"line":147,"column":59}},{"start":{"line":147,"column":62},"end":{"line":147,"column":66}}],"line":147},"36":{"loc":{"start":{"line":149,"column":2},"end":{"line":151,"column":3}},"type":"if","locations":[{"start":{"line":149,"column":2},"end":{"line":151,"column":3}},{"start":{},"end":{}}],"line":149},"37":{"loc":{"start":{"line":162,"column":8},"end":{"line":162,"column":47}},"type":"binary-expr","locations":[{"start":{"line":162,"column":8},"end":{"line":162,"column":22}},{"start":{"line":162,"column":26},"end":{"line":162,"column":47}}],"line":162},"38":{"loc":{"start":{"line":175,"column":2},"end":{"line":177,"column":3}},"type":"if","locations":[{"start":{"line":175,"column":2},"end":{"line":177,"column":3}},{"start":{},"end":{}}],"line":175},"39":{"loc":{"start":{"line":175,"column":6},"end":{"line":175,"column":27}},"type":"binary-expr","locations":[{"start":{"line":175,"column":6},"end":{"line":175,"column":12}},{"start":{"line":175,"column":16},"end":{"line":175,"column":27}}],"line":175},"40":{"loc":{"start":{"line":191,"column":2},"end":{"line":191,"column":22}},"type":"default-arg","locations":[{"start":{"line":191,"column":21},"end":{"line":191,"column":22}}],"line":191},"41":{"loc":{"start":{"line":193,"column":2},"end":{"line":195,"column":3}},"type":"if","locations":[{"start":{"line":193,"column":2},"end":{"line":195,"column":3}},{"start":{},"end":{}}],"line":193},"42":{"loc":{"start":{"line":193,"column":6},"end":{"line":193,"column":53}},"type":"binary-expr","locations":[{"start":{"line":193,"column":6},"end":{"line":193,"column":18}},{"start":{"line":193,"column":22},"end":{"line":193,"column":39}},{"start":{"line":193,"column":43},"end":{"line":193,"column":53}}],"line":193},"43":{"loc":{"start":{"line":197,"column":19},"end":{"line":197,"column":66}},"type":"cond-expr","locations":[{"start":{"line":197,"column":45},"end":{"line":197,"column":60}},{"start":{"line":197,"column":63},"end":{"line":197,"column":66}}],"line":197},"44":{"loc":{"start":{"line":199,"column":2},"end":{"line":201,"column":3}},"type":"if","locations":[{"start":{"line":199,"column":2},"end":{"line":201,"column":3}},{"start":{},"end":{}}],"line":199},"45":{"loc":{"start":{"line":214,"column":2},"end":{"line":216,"column":3}},"type":"if","locations":[{"start":{"line":214,"column":2},"end":{"line":216,"column":3}},{"start":{},"end":{}}],"line":214},"46":{"loc":{"start":{"line":218,"column":2},"end":{"line":220,"column":3}},"type":"if","locations":[{"start":{"line":218,"column":2},"end":{"line":220,"column":3}},{"start":{},"end":{}}],"line":218}},"s":{"0":1,"1":6,"2":3,"3":3,"4":3,"5":1,"6":2,"7":1,"8":13,"9":3,"10":10,"11":10,"12":0,"13":10,"14":1,"15":5,"16":2,"17":3,"18":3,"19":0,"20":3,"21":1,"22":6,"23":1,"24":5,"25":5,"26":0,"27":5,"28":5,"29":5,"30":1,"31":4,"32":1,"33":3,"34":2,"35":1,"36":1,"37":4,"38":1,"39":3,"40":3,"41":1,"42":2,"43":2,"44":1,"45":2,"46":1,"47":2,"48":1,"49":1,"50":1,"51":0,"52":1,"53":1,"54":1,"55":1,"56":1,"57":1,"58":4,"59":2,"60":2,"61":2,"62":2,"63":2,"64":1,"65":3,"66":1,"67":2,"68":2,"69":0,"70":2,"71":2,"72":1,"73":3,"74":1,"75":2,"76":1,"77":1},"f":{"0":6,"1":13,"2":5,"3":6,"4":4,"5":2,"6":4,"7":3,"8":3},"b":{"0":[6],"1":[6],"2":[3,3],"3":[6,5,4],"4":[2,1],"5":[1,2],"6":[3],"7":[13],"8":[3,10],"9":[13,12,11],"10":[1,9],"11":[0,10],"12":[3],"13":[2,3],"14":[5,4,3],"15":[0,3],"16":[0,3],"17":[6],"18":[1,5],"19":[6,5,5],"20":[0,5],"21":[0,5],"22":[1,4],"23":[1,4],"24":[1,3],"25":[2,1],"26":[3],"27":[1,3],"28":[3,0],"29":[1,2],"30":[0,2],"31":[1,1],"32":[1,1],"33":[1],"34":[1,1],"35":[1,0],"36":[0,1],"37":[1,1],"38":[2,2],"39":[4,2],"40":[3],"41":[1,2],"42":[3,2,2],"43":[1,1],"44":[0,2],"45":[1,2],"46":[1,1]},"_coverageSchema":"1a1c01bbd47fc00a2c39e90264f33305004495a9","hash":"7537bda6521e914841f43e5d052d21a9f49cfff7"}
}
