{"C:\\Users\\AyodeleOladeji\\Documents\\dev\\credit-default-swap\\frontend\\src\\App.tsx": {"path":"C:\\Users\\AyodeleOladeji\\Documents\\dev\\credit-default-swap\\frontend\\src\\App.tsx","statementMap":{"0":{"start":{"line":22,"column":40},"end":{"line":22,"column":66}},"1":{"start":{"line":23,"column":54},"end":{"line":23,"column":69}},"2":{"start":{"line":24,"column":40},"end":{"line":24,"column":79}},"3":{"start":{"line":26,"column":44},"end":{"line":26,"column":83}},"4":{"start":{"line":27,"column":52},"end":{"line":27,"column":67}},"5":{"start":{"line":28,"column":21},"end":{"line":28,"column":48}},"6":{"start":{"line":30,"column":28},"end":{"line":62,"column":3}},"7":{"start":{"line":31,"column":4},"end":{"line":61,"column":5}},"8":{"start":{"line":32,"column":44},"end":{"line":51,"column":7}},"9":{"start":{"line":53,"column":25},"end":{"line":53,"column":72}},"10":{"start":{"line":55,"column":6},"end":{"line":55,"column":33}},"11":{"start":{"line":56,"column":6},"end":{"line":56,"column":34}},"12":{"start":{"line":59,"column":27},"end":{"line":59,"column":92}},"13":{"start":{"line":60,"column":6},"end":{"line":60,"column":52}},"14":{"start":{"line":64,"column":34},"end":{"line":67,"column":3}},"15":{"start":{"line":65,"column":4},"end":{"line":65,"column":33}},"16":{"start":{"line":66,"column":4},"end":{"line":66,"column":25}},"17":{"start":{"line":69,"column":28},"end":{"line":72,"column":3}},"18":{"start":{"line":70,"column":4},"end":{"line":70,"column":28}},"19":{"start":{"line":71,"column":4},"end":{"line":71,"column":31}},"20":{"start":{"line":74,"column":33},"end":{"line":77,"column":3}},"21":{"start":{"line":75,"column":4},"end":{"line":75,"column":32}},"22":{"start":{"line":76,"column":4},"end":{"line":76,"column":27}},"23":{"start":{"line":79,"column":30},"end":{"line":84,"column":3}},"24":{"start":{"line":81,"column":4},"end":{"line":83,"column":5}},"25":{"start":{"line":82,"column":6},"end":{"line":82,"column":41}},"26":{"start":{"line":86,"column":2},"end":{"line":237,"column":4}},"27":{"start":{"line":95,"column":29},"end":{"line":95,"column":51}},"28":{"start":{"line":105,"column":29},"end":{"line":105,"column":54}},"29":{"start":{"line":115,"column":29},"end":{"line":115,"column":52}},"30":{"start":{"line":125,"column":29},"end":{"line":125,"column":54}},"31":{"start":{"line":135,"column":29},"end":{"line":135,"column":57}},"32":{"start":{"line":145,"column":29},"end":{"line":145,"column":51}},"33":{"start":{"line":155,"column":29},"end":{"line":155,"column":53}},"34":{"start":{"line":165,"column":29},"end":{"line":165,"column":64}},"35":{"start":{"line":175,"column":29},"end":{"line":175,"column":61}},"36":{"start":{"line":185,"column":29},"end":{"line":185,"column":54}}},"fnMap":{"0":{"name":"App","decl":{"start":{"line":21,"column":9},"end":{"line":21,"column":12}},"loc":{"start":{"line":21,"column":15},"end":{"line":238,"column":1}},"line":21},"1":{"name":"(anonymous_1)","decl":{"start":{"line":30,"column":28},"end":{"line":30,"column":29}},"loc":{"start":{"line":30,"column":55},"end":{"line":62,"column":3}},"line":30},"2":{"name":"(anonymous_2)","decl":{"start":{"line":64,"column":34},"end":{"line":64,"column":35}},"loc":{"start":{"line":64,"column":40},"end":{"line":67,"column":3}},"line":64},"3":{"name":"(anonymous_3)","decl":{"start":{"line":69,"column":28},"end":{"line":69,"column":29}},"loc":{"start":{"line":69,"column":57},"end":{"line":72,"column":3}},"line":69},"4":{"name":"(anonymous_4)","decl":{"start":{"line":74,"column":33},"end":{"line":74,"column":34}},"loc":{"start":{"line":74,"column":39},"end":{"line":77,"column":3}},"line":74},"5":{"name":"(anonymous_5)","decl":{"start":{"line":79,"column":30},"end":{"line":79,"column":31}},"loc":{"start":{"line":79,"column":63},"end":{"line":84,"column":3}},"line":79},"6":{"name":"(anonymous_6)","decl":{"start":{"line":95,"column":23},"end":{"line":95,"column":24}},"loc":{"start":{"line":95,"column":29},"end":{"line":95,"column":51}},"line":95},"7":{"name":"(anonymous_7)","decl":{"start":{"line":105,"column":23},"end":{"line":105,"column":24}},"loc":{"start":{"line":105,"column":29},"end":{"line":105,"column":54}},"line":105},"8":{"name":"(anonymous_8)","decl":{"start":{"line":115,"column":23},"end":{"line":115,"column":24}},"loc":{"start":{"line":115,"column":29},"end":{"line":115,"column":52}},"line":115},"9":{"name":"(anonymous_9)","decl":{"start":{"line":125,"column":23},"end":{"line":125,"column":24}},"loc":{"start":{"line":125,"column":29},"end":{"line":125,"column":54}},"line":125},"10":{"name":"(anonymous_10)","decl":{"start":{"line":135,"column":23},"end":{"line":135,"column":24}},"loc":{"start":{"line":135,"column":29},"end":{"line":135,"column":57}},"line":135},"11":{"name":"(anonymous_11)","decl":{"start":{"line":145,"column":23},"end":{"line":145,"column":24}},"loc":{"start":{"line":145,"column":29},"end":{"line":145,"column":51}},"line":145},"12":{"name":"(anonymous_12)","decl":{"start":{"line":155,"column":23},"end":{"line":155,"column":24}},"loc":{"start":{"line":155,"column":29},"end":{"line":155,"column":53}},"line":155},"13":{"name":"(anonymous_13)","decl":{"start":{"line":165,"column":23},"end":{"line":165,"column":24}},"loc":{"start":{"line":165,"column":29},"end":{"line":165,"column":64}},"line":165},"14":{"name":"(anonymous_14)","decl":{"start":{"line":175,"column":23},"end":{"line":175,"column":24}},"loc":{"start":{"line":175,"column":29},"end":{"line":175,"column":61}},"line":175},"15":{"name":"(anonymous_15)","decl":{"start":{"line":185,"column":23},"end":{"line":185,"column":24}},"loc":{"start":{"line":185,"column":29},"end":{"line":185,"column":54}},"line":185}},"branchMap":{"0":{"loc":{"start":{"line":59,"column":27},"end":{"line":59,"column":92}},"type":"cond-expr","locations":[{"start":{"line":59,"column":52},"end":{"line":59,"column":65}},{"start":{"line":59,"column":68},"end":{"line":59,"column":92}}],"line":59},"1":{"loc":{"start":{"line":81,"column":4},"end":{"line":83,"column":5}},"type":"if","locations":[{"start":{"line":81,"column":4},"end":{"line":83,"column":5}},{"start":{},"end":{}}],"line":81},"2":{"loc":{"start":{"line":97,"column":16},"end":{"line":99,"column":71}},"type":"cond-expr","locations":[{"start":{"line":98,"column":20},"end":{"line":98,"column":46}},{"start":{"line":99,"column":20},"end":{"line":99,"column":71}}],"line":97},"3":{"loc":{"start":{"line":107,"column":16},"end":{"line":109,"column":71}},"type":"cond-expr","locations":[{"start":{"line":108,"column":20},"end":{"line":108,"column":46}},{"start":{"line":109,"column":20},"end":{"line":109,"column":71}}],"line":107},"4":{"loc":{"start":{"line":117,"column":16},"end":{"line":119,"column":71}},"type":"cond-expr","locations":[{"start":{"line":118,"column":20},"end":{"line":118,"column":46}},{"start":{"line":119,"column":20},"end":{"line":119,"column":71}}],"line":117},"5":{"loc":{"start":{"line":127,"column":16},"end":{"line":129,"column":71}},"type":"cond-expr","locations":[{"start":{"line":128,"column":20},"end":{"line":128,"column":46}},{"start":{"line":129,"column":20},"end":{"line":129,"column":71}}],"line":127},"6":{"loc":{"start":{"line":137,"column":16},"end":{"line":139,"column":71}},"type":"cond-expr","locations":[{"start":{"line":138,"column":20},"end":{"line":138,"column":46}},{"start":{"line":139,"column":20},"end":{"line":139,"column":71}}],"line":137},"7":{"loc":{"start":{"line":147,"column":16},"end":{"line":149,"column":71}},"type":"cond-expr","locations":[{"start":{"line":148,"column":20},"end":{"line":148,"column":46}},{"start":{"line":149,"column":20},"end":{"line":149,"column":71}}],"line":147},"8":{"loc":{"start":{"line":157,"column":16},"end":{"line":159,"column":71}},"type":"cond-expr","locations":[{"start":{"line":158,"column":20},"end":{"line":158,"column":46}},{"start":{"line":159,"column":20},"end":{"line":159,"column":71}}],"line":157},"9":{"loc":{"start":{"line":167,"column":16},"end":{"line":169,"column":71}},"type":"cond-expr","locations":[{"start":{"line":168,"column":20},"end":{"line":168,"column":46}},{"start":{"line":169,"column":20},"end":{"line":169,"column":71}}],"line":167},"10":{"loc":{"start":{"line":177,"column":16},"end":{"line":179,"column":71}},"type":"cond-expr","locations":[{"start":{"line":178,"column":20},"end":{"line":178,"column":46}},{"start":{"line":179,"column":20},"end":{"line":179,"column":71}}],"line":177},"11":{"loc":{"start":{"line":187,"column":16},"end":{"line":189,"column":71}},"type":"cond-expr","locations":[{"start":{"line":188,"column":20},"end":{"line":188,"column":46}},{"start":{"line":189,"column":20},"end":{"line":189,"column":71}}],"line":187},"12":{"loc":{"start":{"line":201,"column":9},"end":{"line":221,"column":16}},"type":"cond-expr","locations":[{"start":{"line":202,"column":10},"end":{"line":202,"column":55}},{"start":{"line":203,"column":12},"end":{"line":221,"column":16}}],"line":201},"13":{"loc":{"start":{"line":203,"column":12},"end":{"line":221,"column":16}},"type":"cond-expr","locations":[{"start":{"line":204,"column":10},"end":{"line":204,"column":75}},{"start":{"line":205,"column":12},"end":{"line":221,"column":16}}],"line":203},"14":{"loc":{"start":{"line":205,"column":12},"end":{"line":221,"column":16}},"type":"cond-expr","locations":[{"start":{"line":206,"column":10},"end":{"line":206,"column":27}},{"start":{"line":207,"column":12},"end":{"line":221,"column":16}}],"line":205},"15":{"loc":{"start":{"line":207,"column":12},"end":{"line":221,"column":16}},"type":"cond-expr","locations":[{"start":{"line":208,"column":10},"end":{"line":208,"column":34}},{"start":{"line":209,"column":12},"end":{"line":221,"column":16}}],"line":207},"16":{"loc":{"start":{"line":209,"column":12},"end":{"line":221,"column":16}},"type":"cond-expr","locations":[{"start":{"line":210,"column":10},"end":{"line":210,"column":27}},{"start":{"line":211,"column":12},"end":{"line":221,"column":16}}],"line":209},"17":{"loc":{"start":{"line":211,"column":12},"end":{"line":221,"column":16}},"type":"cond-expr","locations":[{"start":{"line":212,"column":10},"end":{"line":212,"column":28}},{"start":{"line":213,"column":12},"end":{"line":221,"column":16}}],"line":211},"18":{"loc":{"start":{"line":213,"column":12},"end":{"line":221,"column":16}},"type":"cond-expr","locations":[{"start":{"line":214,"column":10},"end":{"line":214,"column":37}},{"start":{"line":215,"column":12},"end":{"line":221,"column":16}}],"line":213},"19":{"loc":{"start":{"line":215,"column":12},"end":{"line":221,"column":16}},"type":"cond-expr","locations":[{"start":{"line":216,"column":10},"end":{"line":216,"column":22}},{"start":{"line":217,"column":12},"end":{"line":221,"column":16}}],"line":215},"20":{"loc":{"start":{"line":217,"column":12},"end":{"line":221,"column":16}},"type":"cond-expr","locations":[{"start":{"line":218,"column":10},"end":{"line":218,"column":24}},{"start":{"line":219,"column":12},"end":{"line":221,"column":16}}],"line":217},"21":{"loc":{"start":{"line":219,"column":12},"end":{"line":221,"column":16}},"type":"cond-expr","locations":[{"start":{"line":220,"column":10},"end":{"line":220,"column":25}},{"start":{"line":221,"column":12},"end":{"line":221,"column":16}}],"line":219}},"s":{"0":0,"1":0,"2":0,"3":0,"4":0,"5":0,"6":0,"7":0,"8":0,"9":0,"10":0,"11":0,"12":0,"13":0,"14":0,"15":0,"16":0,"17":0,"18":0,"19":0,"20":0,"21":0,"22":0,"23":0,"24":0,"25":0,"26":0,"27":0,"28":0,"29":0,"30":0,"31":0,"32":0,"33":0,"34":0,"35":0,"36":0},"f":{"0":0,"1":0,"2":0,"3":0,"4":0,"5":0,"6":0,"7":0,"8":0,"9":0,"10":0,"11":0,"12":0,"13":0,"14":0,"15":0},"b":{"0":[0,0],"1":[0,0],"2":[0,0],"3":[0,0],"4":[0,0],"5":[0,0],"6":[0,0],"7":[0,0],"8":[0,0],"9":[0,0],"10":[0,0],"11":[0,0],"12":[0,0],"13":[0,0],"14":[0,0],"15":[0,0],"16":[0,0],"17":[0,0],"18":[0,0],"19":[0,0],"20":[0,0],"21":[0,0]}}
,"C:\\Users\\AyodeleOladeji\\Documents\\dev\\credit-default-swap\\frontend\\src\\index.tsx": {"path":"C:\\Users\\AyodeleOladeji\\Documents\\dev\\credit-default-swap\\frontend\\src\\index.tsx","statementMap":{"0":{"start":{"line":6,"column":13},"end":{"line":8,"column":1}},"1":{"start":{"line":9,"column":0},"end":{"line":13,"column":2}}},"fnMap":{},"branchMap":{},"s":{"0":0,"1":0},"f":{},"b":{}}
,"C:\\Users\\AyodeleOladeji\\Documents\\dev\\credit-default-swap\\frontend\\src\\components\\SaCcrDashboard.tsx": {"path":"C:\\Users\\AyodeleOladeji\\Documents\\dev\\credit-default-swap\\frontend\\src\\components\\SaCcrDashboard.tsx","statementMap":{"0":{"start":{"line":43,"column":33},"end":{"line":514,"column":1}},"1":{"start":{"line":44,"column":42},"end":{"line":44,"column":68}},"2":{"start":{"line":45,"column":44},"end":{"line":45,"column":76}},"3":{"start":{"line":46,"column":38},"end":{"line":46,"column":53}},"4":{"start":{"line":47,"column":30},"end":{"line":47,"column":59}},"5":{"start":{"line":48,"column":56},"end":{"line":48,"column":85}},"6":{"start":{"line":49,"column":56},"end":{"line":52,"column":6}},"7":{"start":{"line":55,"column":4},"end":{"line":57,"column":11}},"8":{"start":{"line":56,"column":8},"end":{"line":56,"column":26}},"9":{"start":{"line":61,"column":4},"end":{"line":66,"column":76}},"10":{"start":{"line":62,"column":8},"end":{"line":64,"column":9}},"11":{"start":{"line":63,"column":12},"end":{"line":63,"column":49}},"12":{"start":{"line":68,"column":28},"end":{"line":93,"column":5}},"13":{"start":{"line":69,"column":8},"end":{"line":69,"column":47}},"14":{"start":{"line":70,"column":8},"end":{"line":70,"column":23}},"15":{"start":{"line":71,"column":8},"end":{"line":92,"column":9}},"16":{"start":{"line":72,"column":24},"end":{"line":72,"column":57}},"17":{"start":{"line":73,"column":12},"end":{"line":73,"column":41}},"18":{"start":{"line":75,"column":29},"end":{"line":75,"column":45}},"19":{"start":{"line":76,"column":12},"end":{"line":76,"column":61}},"20":{"start":{"line":78,"column":25},"end":{"line":78,"column":46}},"21":{"start":{"line":79,"column":12},"end":{"line":79,"column":47}},"22":{"start":{"line":81,"column":12},"end":{"line":88,"column":13}},"23":{"start":{"line":82,"column":16},"end":{"line":82,"column":79}},"24":{"start":{"line":83,"column":16},"end":{"line":83,"column":55}},"25":{"start":{"line":85,"column":33},"end":{"line":85,"column":78}},"26":{"start":{"line":86,"column":16},"end":{"line":86,"column":54}},"27":{"start":{"line":87,"column":16},"end":{"line":87,"column":35}},"28":{"start":{"line":90,"column":12},"end":{"line":90,"column":47}},"29":{"start":{"line":91,"column":12},"end":{"line":91,"column":59}},"30":{"start":{"line":95,"column":47},"end":{"line":122,"column":5}},"31":{"start":{"line":96,"column":8},"end":{"line":98,"column":9}},"32":{"start":{"line":97,"column":12},"end":{"line":97,"column":19}},"33":{"start":{"line":100,"column":8},"end":{"line":100,"column":69}},"34":{"start":{"line":101,"column":8},"end":{"line":121,"column":9}},"35":{"start":{"line":102,"column":24},"end":{"line":102,"column":152}},"36":{"start":{"line":104,"column":29},"end":{"line":104,"column":45}},"37":{"start":{"line":105,"column":25},"end":{"line":105,"column":46}},"38":{"start":{"line":107,"column":12},"end":{"line":117,"column":13}},"39":{"start":{"line":108,"column":16},"end":{"line":108,"column":78}},"40":{"start":{"line":109,"column":16},"end":{"line":109,"column":51}},"41":{"start":{"line":112,"column":16},"end":{"line":112,"column":128}},"42":{"start":{"line":113,"column":16},"end":{"line":113,"column":36}},"43":{"start":{"line":116,"column":16},"end":{"line":116,"column":43}},"44":{"start":{"line":119,"column":12},"end":{"line":119,"column":62}},"45":{"start":{"line":120,"column":12},"end":{"line":120,"column":32}},"46":{"start":{"line":124,"column":31},"end":{"line":151,"column":5}},"47":{"start":{"line":125,"column":8},"end":{"line":125,"column":27}},"48":{"start":{"line":126,"column":8},"end":{"line":126,"column":23}},"49":{"start":{"line":128,"column":8},"end":{"line":150,"column":9}},"50":{"start":{"line":129,"column":24},"end":{"line":129,"column":152}},"51":{"start":{"line":131,"column":29},"end":{"line":136,"column":14}},"52":{"start":{"line":138,"column":25},"end":{"line":138,"column":46}},"53":{"start":{"line":140,"column":12},"end":{"line":144,"column":13}},"54":{"start":{"line":141,"column":16},"end":{"line":141,"column":51}},"55":{"start":{"line":143,"column":16},"end":{"line":143,"column":74}},"56":{"start":{"line":146,"column":12},"end":{"line":146,"column":59}},"57":{"start":{"line":147,"column":12},"end":{"line":147,"column":63}},"58":{"start":{"line":149,"column":12},"end":{"line":149,"column":32}},"59":{"start":{"line":153,"column":27},"end":{"line":160,"column":5}},"60":{"start":{"line":154,"column":8},"end":{"line":159,"column":26}},"61":{"start":{"line":162,"column":25},"end":{"line":164,"column":5}},"62":{"start":{"line":163,"column":8},"end":{"line":163,"column":37}},"63":{"start":{"line":167,"column":36},"end":{"line":169,"column":5}},"64":{"start":{"line":168,"column":8},"end":{"line":168,"column":28}},"65":{"start":{"line":171,"column":29},"end":{"line":173,"column":5}},"66":{"start":{"line":172,"column":8},"end":{"line":172,"column":96}},"67":{"start":{"line":172,"column":63},"end":{"line":172,"column":91}},"68":{"start":{"line":175,"column":27},"end":{"line":178,"column":5}},"69":{"start":{"line":176,"column":25},"end":{"line":176,"column":50}},"70":{"start":{"line":177,"column":8},"end":{"line":177,"column":99}},"71":{"start":{"line":177,"column":70},"end":{"line":177,"column":92}},"72":{"start":{"line":180,"column":38},"end":{"line":182,"column":5}},"73":{"start":{"line":181,"column":8},"end":{"line":181,"column":34}},"74":{"start":{"line":184,"column":4},"end":{"line":513,"column":6}},"75":{"start":{"line":294,"column":45},"end":{"line":297,"column":31}},"76":{"start":{"line":294,"column":76},"end":{"line":297,"column":29}},"77":{"start":{"line":308,"column":45},"end":{"line":311,"column":31}},"78":{"start":{"line":308,"column":76},"end":{"line":311,"column":29}},"79":{"start":{"line":390,"column":36},"end":{"line":427,"column":41}},"80":{"start":{"line":393,"column":55},"end":{"line":393,"column":161}},"81":{"start":{"line":475,"column":32},"end":{"line":506,"column":37}}},"fnMap":{"0":{"name":"(anonymous_0)","decl":{"start":{"line":43,"column":33},"end":{"line":43,"column":34}},"loc":{"start":{"line":43,"column":39},"end":{"line":514,"column":1}},"line":43},"1":{"name":"(anonymous_1)","decl":{"start":{"line":55,"column":14},"end":{"line":55,"column":15}},"loc":{"start":{"line":55,"column":20},"end":{"line":57,"column":5}},"line":55},"2":{"name":"(anonymous_2)","decl":{"start":{"line":61,"column":14},"end":{"line":61,"column":15}},"loc":{"start":{"line":61,"column":20},"end":{"line":66,"column":5}},"line":61},"3":{"name":"(anonymous_3)","decl":{"start":{"line":68,"column":28},"end":{"line":68,"column":29}},"loc":{"start":{"line":68,"column":40},"end":{"line":93,"column":5}},"line":68},"4":{"name":"(anonymous_4)","decl":{"start":{"line":95,"column":47},"end":{"line":95,"column":48}},"loc":{"start":{"line":95,"column":59},"end":{"line":122,"column":5}},"line":95},"5":{"name":"(anonymous_5)","decl":{"start":{"line":124,"column":31},"end":{"line":124,"column":32}},"loc":{"start":{"line":124,"column":43},"end":{"line":151,"column":5}},"line":124},"6":{"name":"(anonymous_6)","decl":{"start":{"line":153,"column":27},"end":{"line":153,"column":28}},"loc":{"start":{"line":153,"column":47},"end":{"line":160,"column":5}},"line":153},"7":{"name":"(anonymous_7)","decl":{"start":{"line":162,"column":25},"end":{"line":162,"column":26}},"loc":{"start":{"line":162,"column":64},"end":{"line":164,"column":5}},"line":162},"8":{"name":"(anonymous_8)","decl":{"start":{"line":167,"column":36},"end":{"line":167,"column":37}},"loc":{"start":{"line":167,"column":42},"end":{"line":169,"column":5}},"line":167},"9":{"name":"(anonymous_9)","decl":{"start":{"line":171,"column":29},"end":{"line":171,"column":30}},"loc":{"start":{"line":171,"column":35},"end":{"line":173,"column":5}},"line":171},"10":{"name":"(anonymous_10)","decl":{"start":{"line":172,"column":48},"end":{"line":172,"column":49}},"loc":{"start":{"line":172,"column":63},"end":{"line":172,"column":91}},"line":172},"11":{"name":"(anonymous_11)","decl":{"start":{"line":175,"column":27},"end":{"line":175,"column":28}},"loc":{"start":{"line":175,"column":33},"end":{"line":178,"column":5}},"line":175},"12":{"name":"(anonymous_12)","decl":{"start":{"line":177,"column":62},"end":{"line":177,"column":63}},"loc":{"start":{"line":177,"column":70},"end":{"line":177,"column":92}},"line":177},"13":{"name":"(anonymous_13)","decl":{"start":{"line":180,"column":38},"end":{"line":180,"column":39}},"loc":{"start":{"line":180,"column":44},"end":{"line":182,"column":5}},"line":180},"14":{"name":"(anonymous_14)","decl":{"start":{"line":294,"column":38},"end":{"line":294,"column":39}},"loc":{"start":{"line":294,"column":45},"end":{"line":297,"column":31}},"line":294},"15":{"name":"(anonymous_15)","decl":{"start":{"line":294,"column":67},"end":{"line":294,"column":68}},"loc":{"start":{"line":294,"column":76},"end":{"line":297,"column":29}},"line":294},"16":{"name":"(anonymous_16)","decl":{"start":{"line":308,"column":38},"end":{"line":308,"column":39}},"loc":{"start":{"line":308,"column":45},"end":{"line":311,"column":31}},"line":308},"17":{"name":"(anonymous_17)","decl":{"start":{"line":308,"column":67},"end":{"line":308,"column":68}},"loc":{"start":{"line":308,"column":76},"end":{"line":311,"column":29}},"line":308},"18":{"name":"(anonymous_18)","decl":{"start":{"line":389,"column":63},"end":{"line":389,"column":64}},"loc":{"start":{"line":390,"column":36},"end":{"line":427,"column":41}},"line":390},"19":{"name":"(anonymous_19)","decl":{"start":{"line":393,"column":49},"end":{"line":393,"column":50}},"loc":{"start":{"line":393,"column":55},"end":{"line":393,"column":161}},"line":393},"20":{"name":"(anonymous_20)","decl":{"start":{"line":474,"column":45},"end":{"line":474,"column":46}},"loc":{"start":{"line":475,"column":32},"end":{"line":506,"column":37}},"line":475}},"branchMap":{"0":{"loc":{"start":{"line":62,"column":8},"end":{"line":64,"column":9}},"type":"if","locations":[{"start":{"line":62,"column":8},"end":{"line":64,"column":9}},{"start":{},"end":{}}],"line":62},"1":{"loc":{"start":{"line":81,"column":12},"end":{"line":88,"column":13}},"type":"if","locations":[{"start":{"line":81,"column":12},"end":{"line":88,"column":13}},{"start":{"line":84,"column":19},"end":{"line":88,"column":13}}],"line":81},"2":{"loc":{"start":{"line":83,"column":31},"end":{"line":83,"column":53}},"type":"binary-expr","locations":[{"start":{"line":83,"column":31},"end":{"line":83,"column":47}},{"start":{"line":83,"column":51},"end":{"line":83,"column":53}}],"line":83},"3":{"loc":{"start":{"line":85,"column":33},"end":{"line":85,"column":78}},"type":"binary-expr","locations":[{"start":{"line":85,"column":33},"end":{"line":85,"column":45}},{"start":{"line":85,"column":49},"end":{"line":85,"column":78}}],"line":85},"4":{"loc":{"start":{"line":96,"column":8},"end":{"line":98,"column":9}},"type":"if","locations":[{"start":{"line":96,"column":8},"end":{"line":98,"column":9}},{"start":{},"end":{}}],"line":96},"5":{"loc":{"start":{"line":96,"column":12},"end":{"line":96,"column":81}},"type":"binary-expr","locations":[{"start":{"line":96,"column":12},"end":{"line":96,"column":45}},{"start":{"line":96,"column":49},"end":{"line":96,"column":81}}],"line":96},"6":{"loc":{"start":{"line":107,"column":12},"end":{"line":117,"column":13}},"type":"if","locations":[{"start":{"line":107,"column":12},"end":{"line":117,"column":13}},{"start":{"line":110,"column":19},"end":{"line":117,"column":13}}],"line":107},"7":{"loc":{"start":{"line":107,"column":16},"end":{"line":107,"column":94}},"type":"binary-expr","locations":[{"start":{"line":107,"column":16},"end":{"line":107,"column":41}},{"start":{"line":107,"column":45},"end":{"line":107,"column":62}},{"start":{"line":107,"column":66},"end":{"line":107,"column":94}}],"line":107},"8":{"loc":{"start":{"line":140,"column":12},"end":{"line":144,"column":13}},"type":"if","locations":[{"start":{"line":140,"column":12},"end":{"line":144,"column":13}},{"start":{"line":142,"column":19},"end":{"line":144,"column":13}}],"line":140},"9":{"loc":{"start":{"line":143,"column":25},"end":{"line":143,"column":72}},"type":"binary-expr","locations":[{"start":{"line":143,"column":25},"end":{"line":143,"column":37}},{"start":{"line":143,"column":41},"end":{"line":143,"column":72}}],"line":143},"10":{"loc":{"start":{"line":162,"column":39},"end":{"line":162,"column":59}},"type":"default-arg","locations":[{"start":{"line":162,"column":58},"end":{"line":162,"column":59}}],"line":162},"11":{"loc":{"start":{"line":177,"column":15},"end":{"line":177,"column":98}},"type":"cond-expr","locations":[{"start":{"line":177,"column":37},"end":{"line":177,"column":94}},{"start":{"line":177,"column":97},"end":{"line":177,"column":98}}],"line":177},"12":{"loc":{"start":{"line":197,"column":13},"end":{"line":205,"column":13}},"type":"binary-expr","locations":[{"start":{"line":197,"column":13},"end":{"line":197,"column":18}},{"start":{"line":198,"column":16},"end":{"line":204,"column":22}}],"line":197},"13":{"loc":{"start":{"line":328,"column":29},"end":{"line":338,"column":29}},"type":"cond-expr","locations":[{"start":{"line":329,"column":32},"end":{"line":332,"column":35}},{"start":{"line":334,"column":32},"end":{"line":337,"column":35}}],"line":328},"14":{"loc":{"start":{"line":345,"column":13},"end":{"line":439,"column":13}},"type":"binary-expr","locations":[{"start":{"line":345,"column":13},"end":{"line":345,"column":36}},{"start":{"line":346,"column":16},"end":{"line":438,"column":22}}],"line":345},"15":{"loc":{"start":{"line":353,"column":29},"end":{"line":357,"column":29}},"type":"binary-expr","locations":[{"start":{"line":353,"column":29},"end":{"line":353,"column":67}},{"start":{"line":354,"column":32},"end":{"line":356,"column":39}}],"line":353},"16":{"loc":{"start":{"line":360,"column":21},"end":{"line":437,"column":21}},"type":"cond-expr","locations":[{"start":{"line":361,"column":20},"end":{"line":431,"column":26}},{"start":{"line":433,"column":24},"end":{"line":436,"column":30}}],"line":360},"17":{"loc":{"start":{"line":393,"column":77},"end":{"line":393,"column":160}},"type":"cond-expr","locations":[{"start":{"line":393,"column":128},"end":{"line":393,"column":132}},{"start":{"line":393,"column":135},"end":{"line":393,"column":160}}],"line":393},"18":{"loc":{"start":{"line":420,"column":48},"end":{"line":422,"column":88}},"type":"cond-expr","locations":[{"start":{"line":421,"column":54},"end":{"line":421,"column":86}},{"start":{"line":422,"column":54},"end":{"line":422,"column":88}}],"line":420},"19":{"loc":{"start":{"line":490,"column":44},"end":{"line":492,"column":78}},"type":"cond-expr","locations":[{"start":{"line":491,"column":50},"end":{"line":491,"column":82}},{"start":{"line":492,"column":50},"end":{"line":492,"column":78}}],"line":490},"20":{"loc":{"start":{"line":494,"column":45},"end":{"line":494,"column":86}},"type":"cond-expr","locations":[{"start":{"line":494,"column":74},"end":{"line":494,"column":79}},{"start":{"line":494,"column":82},"end":{"line":494,"column":86}}],"line":494},"21":{"loc":{"start":{"line":499,"column":44},"end":{"line":501,"column":80}},"type":"cond-expr","locations":[{"start":{"line":500,"column":50},"end":{"line":500,"column":82}},{"start":{"line":501,"column":50},"end":{"line":501,"column":80}}],"line":499},"22":{"loc":{"start":{"line":503,"column":45},"end":{"line":503,"column":90}},"type":"cond-expr","locations":[{"start":{"line":503,"column":78},"end":{"line":503,"column":83}},{"start":{"line":503,"column":86},"end":{"line":503,"column":90}}],"line":503}},"s":{"0":0,"1":0,"2":0,"3":0,"4":0,"5":0,"6":0,"7":0,"8":0,"9":0,"10":0,"11":0,"12":0,"13":0,"14":0,"15":0,"16":0,"17":0,"18":0,"19":0,"20":0,"21":0,"22":0,"23":0,"24":0,"25":0,"26":0,"27":0,"28":0,"29":0,"30":0,"31":0,"32":0,"33":0,"34":0,"35":0,"36":0,"37":0,"38":0,"39":0,"40":0,"41":0,"42":0,"43":0,"44":0,"45":0,"46":0,"47":0,"48":0,"49":0,"50":0,"51":0,"52":0,"53":0,"54":0,"55":0,"56":0,"57":0,"58":0,"59":0,"60":0,"61":0,"62":0,"63":0,"64":0,"65":0,"66":0,"67":0,"68":0,"69":0,"70":0,"71":0,"72":0,"73":0,"74":0,"75":0,"76":0,"77":0,"78":0,"79":0,"80":0,"81":0},"f":{"0":0,"1":0,"2":0,"3":0,"4":0,"5":0,"6":0,"7":0,"8":0,"9":0,"10":0,"11":0,"12":0,"13":0,"14":0,"15":0,"16":0,"17":0,"18":0,"19":0,"20":0},"b":{"0":[0,0],"1":[0,0],"2":[0,0],"3":[0,0],"4":[0,0],"5":[0,0],"6":[0,0],"7":[0,0,0],"8":[0,0],"9":[0,0],"10":[0],"11":[0,0],"12":[0,0],"13":[0,0],"14":[0,0],"15":[0,0],"16":[0,0],"17":[0,0],"18":[0,0],"19":[0,0],"20":[0,0],"21":[0,0],"22":[0,0]}}
,"C:\\Users\\AyodeleOladeji\\Documents\\dev\\credit-default-swap\\frontend\\src\\components\\SimmDashboard.tsx": {"path":"C:\\Users\\AyodeleOladeji\\Documents\\dev\\credit-default-swap\\frontend\\src\\components\\SimmDashboard.tsx","statementMap":{"0":{"start":{"line":36,"column":32},"end":{"line":821,"column":1}},"1":{"start":{"line":37,"column":36},"end":{"line":37,"column":90}},"2":{"start":{"line":38,"column":32},"end":{"line":38,"column":58}},"3":{"start":{"line":39,"column":42},"end":{"line":39,"column":73}},"4":{"start":{"line":40,"column":32},"end":{"line":40,"column":47}},"5":{"start":{"line":41,"column":28},"end":{"line":41,"column":57}},"6":{"start":{"line":42,"column":32},"end":{"line":42,"column":61}},"7":{"start":{"line":45,"column":34},"end":{"line":45,"column":49}},"8":{"start":{"line":46,"column":38},"end":{"line":46,"column":65}},"9":{"start":{"line":47,"column":40},"end":{"line":47,"column":60}},"10":{"start":{"line":50,"column":56},"end":{"line":50,"column":76}},"11":{"start":{"line":51,"column":60},"end":{"line":51,"column":116}},"12":{"start":{"line":54,"column":58},"end":{"line":54,"column":78}},"13":{"start":{"line":55,"column":48},"end":{"line":55,"column":104}},"14":{"start":{"line":58,"column":56},"end":{"line":58,"column":76}},"15":{"start":{"line":59,"column":54},"end":{"line":59,"column":80}},"16":{"start":{"line":60,"column":38},"end":{"line":60,"column":57}},"17":{"start":{"line":62,"column":2},"end":{"line":65,"column":9}},"18":{"start":{"line":63,"column":4},"end":{"line":63,"column":23}},"19":{"start":{"line":64,"column":4},"end":{"line":64,"column":22}},"20":{"start":{"line":67,"column":27},"end":{"line":77,"column":3}},"21":{"start":{"line":68,"column":4},"end":{"line":76,"column":5}},"22":{"start":{"line":69,"column":23},"end":{"line":69,"column":74}},"23":{"start":{"line":70,"column":6},"end":{"line":73,"column":7}},"24":{"start":{"line":71,"column":21},"end":{"line":71,"column":42}},"25":{"start":{"line":72,"column":8},"end":{"line":72,"column":30}},"26":{"start":{"line":75,"column":6},"end":{"line":75,"column":57}},"27":{"start":{"line":79,"column":26},"end":{"line":89,"column":3}},"28":{"start":{"line":80,"column":4},"end":{"line":88,"column":5}},"29":{"start":{"line":81,"column":23},"end":{"line":81,"column":60}},"30":{"start":{"line":82,"column":6},"end":{"line":85,"column":7}},"31":{"start":{"line":83,"column":21},"end":{"line":83,"column":42}},"32":{"start":{"line":84,"column":8},"end":{"line":84,"column":25}},"33":{"start":{"line":87,"column":6},"end":{"line":87,"column":57}},"34":{"start":{"line":91,"column":27},"end":{"line":138,"column":3}},"35":{"start":{"line":92,"column":4},"end":{"line":95,"column":5}},"36":{"start":{"line":93,"column":6},"end":{"line":93,"column":39}},"37":{"start":{"line":94,"column":6},"end":{"line":94,"column":13}},"38":{"start":{"line":97,"column":4},"end":{"line":97,"column":21}},"39":{"start":{"line":98,"column":4},"end":{"line":98,"column":19}},"40":{"start":{"line":100,"column":21},"end":{"line":100,"column":35}},"41":{"start":{"line":101,"column":4},"end":{"line":101,"column":40}},"42":{"start":{"line":104,"column":26},"end":{"line":104,"column":81}},"43":{"start":{"line":105,"column":4},"end":{"line":105,"column":50}},"44":{"start":{"line":107,"column":4},"end":{"line":137,"column":5}},"45":{"start":{"line":108,"column":23},"end":{"line":111,"column":8}},"46":{"start":{"line":113,"column":19},"end":{"line":113,"column":40}},"47":{"start":{"line":115,"column":6},"end":{"line":132,"column":7}},"48":{"start":{"line":117,"column":8},"end":{"line":125,"column":9}},"49":{"start":{"line":119,"column":31},"end":{"line":121,"column":40}},"50":{"start":{"line":120,"column":42},"end":{"line":120,"column":78}},"51":{"start":{"line":122,"column":10},"end":{"line":122,"column":131}},"52":{"start":{"line":124,"column":10},"end":{"line":124,"column":117}},"53":{"start":{"line":127,"column":8},"end":{"line":127,"column":49}},"54":{"start":{"line":127,"column":25},"end":{"line":127,"column":42}},"55":{"start":{"line":128,"column":8},"end":{"line":128,"column":28}},"56":{"start":{"line":129,"column":8},"end":{"line":129,"column":27}},"57":{"start":{"line":131,"column":8},"end":{"line":131,"column":48}},"58":{"start":{"line":134,"column":6},"end":{"line":134,"column":59}},"59":{"start":{"line":136,"column":6},"end":{"line":136,"column":24}},"60":{"start":{"line":140,"column":35},"end":{"line":172,"column":3}},"61":{"start":{"line":141,"column":4},"end":{"line":144,"column":5}},"62":{"start":{"line":142,"column":6},"end":{"line":142,"column":43}},"63":{"start":{"line":143,"column":6},"end":{"line":143,"column":13}},"64":{"start":{"line":146,"column":4},"end":{"line":146,"column":21}},"65":{"start":{"line":147,"column":4},"end":{"line":147,"column":19}},"66":{"start":{"line":149,"column":4},"end":{"line":171,"column":5}},"67":{"start":{"line":150,"column":23},"end":{"line":156,"column":8}},"68":{"start":{"line":158,"column":19},"end":{"line":158,"column":40}},"69":{"start":{"line":160,"column":6},"end":{"line":166,"column":7}},"70":{"start":{"line":161,"column":8},"end":{"line":161,"column":117}},"71":{"start":{"line":162,"column":8},"end":{"line":162,"column":49}},"72":{"start":{"line":162,"column":25},"end":{"line":162,"column":42}},"73":{"start":{"line":163,"column":8},"end":{"line":163,"column":35}},"74":{"start":{"line":165,"column":8},"end":{"line":165,"column":52}},"75":{"start":{"line":168,"column":6},"end":{"line":168,"column":63}},"76":{"start":{"line":170,"column":6},"end":{"line":170,"column":24}},"77":{"start":{"line":174,"column":29},"end":{"line":201,"column":3}},"78":{"start":{"line":175,"column":4},"end":{"line":177,"column":5}},"79":{"start":{"line":176,"column":6},"end":{"line":176,"column":13}},"80":{"start":{"line":179,"column":4},"end":{"line":179,"column":21}},"81":{"start":{"line":180,"column":4},"end":{"line":180,"column":19}},"82":{"start":{"line":182,"column":4},"end":{"line":200,"column":5}},"83":{"start":{"line":183,"column":23},"end":{"line":185,"column":8}},"84":{"start":{"line":187,"column":19},"end":{"line":187,"column":40}},"85":{"start":{"line":189,"column":6},"end":{"line":195,"column":7}},"86":{"start":{"line":190,"column":20},"end":{"line":190,"column":157}},"87":{"start":{"line":191,"column":8},"end":{"line":191,"column":24}},"88":{"start":{"line":192,"column":8},"end":{"line":192,"column":49}},"89":{"start":{"line":192,"column":25},"end":{"line":192,"column":42}},"90":{"start":{"line":194,"column":8},"end":{"line":194,"column":48}},"91":{"start":{"line":197,"column":6},"end":{"line":197,"column":59}},"92":{"start":{"line":199,"column":6},"end":{"line":199,"column":24}},"93":{"start":{"line":203,"column":28},"end":{"line":242,"column":3}},"94":{"start":{"line":204,"column":4},"end":{"line":207,"column":5}},"95":{"start":{"line":205,"column":6},"end":{"line":205,"column":43}},"96":{"start":{"line":206,"column":6},"end":{"line":206,"column":13}},"97":{"start":{"line":209,"column":4},"end":{"line":209,"column":21}},"98":{"start":{"line":210,"column":4},"end":{"line":210,"column":19}},"99":{"start":{"line":212,"column":4},"end":{"line":241,"column":5}},"100":{"start":{"line":213,"column":23},"end":{"line":223,"column":8}},"101":{"start":{"line":225,"column":19},"end":{"line":225,"column":40}},"102":{"start":{"line":227,"column":6},"end":{"line":236,"column":7}},"103":{"start":{"line":228,"column":8},"end":{"line":228,"column":207}},"104":{"start":{"line":229,"column":8},"end":{"line":229,"column":27}},"105":{"start":{"line":230,"column":8},"end":{"line":230,"column":36}},"106":{"start":{"line":233,"column":8},"end":{"line":233,"column":50}},"107":{"start":{"line":233,"column":25},"end":{"line":233,"column":41}},"108":{"start":{"line":235,"column":8},"end":{"line":235,"column":53}},"109":{"start":{"line":238,"column":6},"end":{"line":238,"column":64}},"110":{"start":{"line":240,"column":6},"end":{"line":240,"column":24}},"111":{"start":{"line":244,"column":33},"end":{"line":263,"column":3}},"112":{"start":{"line":245,"column":4},"end":{"line":262,"column":5}},"113":{"start":{"line":246,"column":47},"end":{"line":249,"column":8}},"114":{"start":{"line":251,"column":6},"end":{"line":254,"column":7}},"115":{"start":{"line":252,"column":24},"end":{"line":252,"column":52}},"116":{"start":{"line":253,"column":8},"end":{"line":253,"column":39}},"117":{"start":{"line":256,"column":6},"end":{"line":259,"column":7}},"118":{"start":{"line":257,"column":22},"end":{"line":257,"column":48}},"119":{"start":{"line":258,"column":8},"end":{"line":258,"column":29}},"120":{"start":{"line":261,"column":6},"end":{"line":261,"column":64}},"121":{"start":{"line":265,"column":25},"end":{"line":268,"column":3}},"122":{"start":{"line":266,"column":4},"end":{"line":266,"column":23}},"123":{"start":{"line":267,"column":4},"end":{"line":267,"column":22}},"124":{"start":{"line":270,"column":26},"end":{"line":272,"column":3}},"125":{"start":{"line":271,"column":4},"end":{"line":271,"column":23}},"126":{"start":{"line":274,"column":21},"end":{"line":281,"column":3}},"127":{"start":{"line":275,"column":4},"end":{"line":275,"column":23}},"128":{"start":{"line":276,"column":4},"end":{"line":276,"column":23}},"129":{"start":{"line":277,"column":18},"end":{"line":277,"column":50}},"130":{"start":{"line":278,"column":4},"end":{"line":280,"column":5}},"131":{"start":{"line":279,"column":6},"end":{"line":279,"column":30}},"132":{"start":{"line":283,"column":25},"end":{"line":289,"column":3}},"133":{"start":{"line":284,"column":4},"end":{"line":288,"column":22}},"134":{"start":{"line":291,"column":24},"end":{"line":307,"column":3}},"135":{"start":{"line":292,"column":4},"end":{"line":294,"column":5}},"136":{"start":{"line":293,"column":6},"end":{"line":293,"column":59}},"137":{"start":{"line":296,"column":4},"end":{"line":306,"column":5}},"138":{"start":{"line":298,"column":8},"end":{"line":298,"column":57}},"139":{"start":{"line":300,"column":8},"end":{"line":300,"column":55}},"140":{"start":{"line":303,"column":8},"end":{"line":303,"column":58}},"141":{"start":{"line":305,"column":8},"end":{"line":305,"column":61}},"142":{"start":{"line":309,"column":2},"end":{"line":820,"column":4}},"143":{"start":{"line":347,"column":14},"end":{"line":358,"column":23}},"144":{"start":{"line":349,"column":31},"end":{"line":349,"column":55}},"145":{"start":{"line":368,"column":33},"end":{"line":368,"column":47}},"146":{"start":{"line":378,"column":33},"end":{"line":378,"column":49}},"147":{"start":{"line":397,"column":33},"end":{"line":397,"column":63}},"148":{"start":{"line":417,"column":35},"end":{"line":417,"column":54}},"149":{"start":{"line":433,"column":37},"end":{"line":433,"column":87}},"150":{"start":{"line":476,"column":35},"end":{"line":476,"column":73}},"151":{"start":{"line":489,"column":35},"end":{"line":489,"column":75}},"152":{"start":{"line":511,"column":18},"end":{"line":544,"column":24}},"153":{"start":{"line":536,"column":39},"end":{"line":536,"column":74}},"154":{"start":{"line":565,"column":35},"end":{"line":565,"column":74}},"155":{"start":{"line":578,"column":35},"end":{"line":578,"column":69}},"156":{"start":{"line":620,"column":22},"end":{"line":648,"column":27}},"157":{"start":{"line":639,"column":30},"end":{"line":639,"column":73}},"158":{"start":{"line":640,"column":30},"end":{"line":640,"column":54}},"159":{"start":{"line":641,"column":30},"end":{"line":641,"column":73}},"160":{"start":{"line":670,"column":18},"end":{"line":670,"column":57}},"161":{"start":{"line":671,"column":18},"end":{"line":673,"column":19}},"162":{"start":{"line":672,"column":20},"end":{"line":672,"column":59}},"163":{"start":{"line":679,"column":18},"end":{"line":681,"column":27}},"164":{"start":{"line":713,"column":26},"end":{"line":729,"column":31}},"165":{"start":{"line":741,"column":24},"end":{"line":747,"column":30}}},"fnMap":{"0":{"name":"(anonymous_0)","decl":{"start":{"line":36,"column":32},"end":{"line":36,"column":33}},"loc":{"start":{"line":36,"column":38},"end":{"line":821,"column":1}},"line":36},"1":{"name":"(anonymous_1)","decl":{"start":{"line":62,"column":12},"end":{"line":62,"column":13}},"loc":{"start":{"line":62,"column":18},"end":{"line":65,"column":3}},"line":62},"2":{"name":"(anonymous_2)","decl":{"start":{"line":67,"column":27},"end":{"line":67,"column":28}},"loc":{"start":{"line":67,"column":39},"end":{"line":77,"column":3}},"line":67},"3":{"name":"(anonymous_3)","decl":{"start":{"line":79,"column":26},"end":{"line":79,"column":27}},"loc":{"start":{"line":79,"column":38},"end":{"line":89,"column":3}},"line":79},"4":{"name":"(anonymous_4)","decl":{"start":{"line":91,"column":27},"end":{"line":91,"column":28}},"loc":{"start":{"line":91,"column":39},"end":{"line":138,"column":3}},"line":91},"5":{"name":"(anonymous_5)","decl":{"start":{"line":120,"column":30},"end":{"line":120,"column":31}},"loc":{"start":{"line":120,"column":42},"end":{"line":120,"column":78}},"line":120},"6":{"name":"(anonymous_6)","decl":{"start":{"line":127,"column":19},"end":{"line":127,"column":20}},"loc":{"start":{"line":127,"column":25},"end":{"line":127,"column":42}},"line":127},"7":{"name":"(anonymous_7)","decl":{"start":{"line":140,"column":35},"end":{"line":140,"column":36}},"loc":{"start":{"line":140,"column":47},"end":{"line":172,"column":3}},"line":140},"8":{"name":"(anonymous_8)","decl":{"start":{"line":162,"column":19},"end":{"line":162,"column":20}},"loc":{"start":{"line":162,"column":25},"end":{"line":162,"column":42}},"line":162},"9":{"name":"(anonymous_9)","decl":{"start":{"line":174,"column":29},"end":{"line":174,"column":30}},"loc":{"start":{"line":174,"column":57},"end":{"line":201,"column":3}},"line":174},"10":{"name":"(anonymous_10)","decl":{"start":{"line":192,"column":19},"end":{"line":192,"column":20}},"loc":{"start":{"line":192,"column":25},"end":{"line":192,"column":42}},"line":192},"11":{"name":"(anonymous_11)","decl":{"start":{"line":203,"column":28},"end":{"line":203,"column":29}},"loc":{"start":{"line":203,"column":40},"end":{"line":242,"column":3}},"line":203},"12":{"name":"(anonymous_12)","decl":{"start":{"line":233,"column":19},"end":{"line":233,"column":20}},"loc":{"start":{"line":233,"column":25},"end":{"line":233,"column":41}},"line":233},"13":{"name":"(anonymous_13)","decl":{"start":{"line":244,"column":33},"end":{"line":244,"column":34}},"loc":{"start":{"line":244,"column":66},"end":{"line":263,"column":3}},"line":244},"14":{"name":"(anonymous_14)","decl":{"start":{"line":265,"column":25},"end":{"line":265,"column":26}},"loc":{"start":{"line":265,"column":49},"end":{"line":268,"column":3}},"line":265},"15":{"name":"(anonymous_15)","decl":{"start":{"line":270,"column":26},"end":{"line":270,"column":27}},"loc":{"start":{"line":270,"column":32},"end":{"line":272,"column":3}},"line":270},"16":{"name":"(anonymous_16)","decl":{"start":{"line":274,"column":21},"end":{"line":274,"column":22}},"loc":{"start":{"line":274,"column":45},"end":{"line":281,"column":3}},"line":274},"17":{"name":"(anonymous_17)","decl":{"start":{"line":283,"column":25},"end":{"line":283,"column":26}},"loc":{"start":{"line":283,"column":45},"end":{"line":289,"column":3}},"line":283},"18":{"name":"(anonymous_18)","decl":{"start":{"line":291,"column":24},"end":{"line":291,"column":25}},"loc":{"start":{"line":291,"column":45},"end":{"line":307,"column":3}},"line":291},"19":{"name":"(anonymous_19)","decl":{"start":{"line":346,"column":18},"end":{"line":346,"column":19}},"loc":{"start":{"line":347,"column":14},"end":{"line":358,"column":23}},"line":347},"20":{"name":"(anonymous_20)","decl":{"start":{"line":349,"column":25},"end":{"line":349,"column":26}},"loc":{"start":{"line":349,"column":31},"end":{"line":349,"column":55}},"line":349},"21":{"name":"(anonymous_21)","decl":{"start":{"line":368,"column":27},"end":{"line":368,"column":28}},"loc":{"start":{"line":368,"column":33},"end":{"line":368,"column":47}},"line":368},"22":{"name":"(anonymous_22)","decl":{"start":{"line":378,"column":27},"end":{"line":378,"column":28}},"loc":{"start":{"line":378,"column":33},"end":{"line":378,"column":49}},"line":378},"23":{"name":"(anonymous_23)","decl":{"start":{"line":397,"column":26},"end":{"line":397,"column":27}},"loc":{"start":{"line":397,"column":33},"end":{"line":397,"column":63}},"line":397},"24":{"name":"(anonymous_24)","decl":{"start":{"line":417,"column":29},"end":{"line":417,"column":30}},"loc":{"start":{"line":417,"column":35},"end":{"line":417,"column":54}},"line":417},"25":{"name":"(anonymous_25)","decl":{"start":{"line":433,"column":30},"end":{"line":433,"column":31}},"loc":{"start":{"line":433,"column":37},"end":{"line":433,"column":87}},"line":433},"26":{"name":"(anonymous_26)","decl":{"start":{"line":476,"column":28},"end":{"line":476,"column":29}},"loc":{"start":{"line":476,"column":35},"end":{"line":476,"column":73}},"line":476},"27":{"name":"(anonymous_27)","decl":{"start":{"line":489,"column":28},"end":{"line":489,"column":29}},"loc":{"start":{"line":489,"column":35},"end":{"line":489,"column":75}},"line":489},"28":{"name":"(anonymous_28)","decl":{"start":{"line":510,"column":29},"end":{"line":510,"column":30}},"loc":{"start":{"line":511,"column":18},"end":{"line":544,"column":24}},"line":511},"29":{"name":"(anonymous_29)","decl":{"start":{"line":536,"column":33},"end":{"line":536,"column":34}},"loc":{"start":{"line":536,"column":39},"end":{"line":536,"column":74}},"line":536},"30":{"name":"(anonymous_30)","decl":{"start":{"line":565,"column":28},"end":{"line":565,"column":29}},"loc":{"start":{"line":565,"column":35},"end":{"line":565,"column":74}},"line":565},"31":{"name":"(anonymous_31)","decl":{"start":{"line":578,"column":28},"end":{"line":578,"column":29}},"loc":{"start":{"line":578,"column":35},"end":{"line":578,"column":69}},"line":578},"32":{"name":"(anonymous_32)","decl":{"start":{"line":619,"column":38},"end":{"line":619,"column":39}},"loc":{"start":{"line":620,"column":22},"end":{"line":648,"column":27}},"line":620},"33":{"name":"(anonymous_33)","decl":{"start":{"line":638,"column":37},"end":{"line":638,"column":38}},"loc":{"start":{"line":638,"column":43},"end":{"line":642,"column":29}},"line":638},"34":{"name":"(anonymous_34)","decl":{"start":{"line":669,"column":26},"end":{"line":669,"column":27}},"loc":{"start":{"line":669,"column":33},"end":{"line":674,"column":17}},"line":669},"35":{"name":"(anonymous_35)","decl":{"start":{"line":678,"column":34},"end":{"line":678,"column":35}},"loc":{"start":{"line":679,"column":18},"end":{"line":681,"column":27}},"line":679},"36":{"name":"(anonymous_36)","decl":{"start":{"line":712,"column":48},"end":{"line":712,"column":49}},"loc":{"start":{"line":713,"column":26},"end":{"line":729,"column":31}},"line":713},"37":{"name":"(anonymous_37)","decl":{"start":{"line":740,"column":38},"end":{"line":740,"column":39}},"loc":{"start":{"line":741,"column":24},"end":{"line":747,"column":30}},"line":741}},"branchMap":{"0":{"loc":{"start":{"line":70,"column":6},"end":{"line":73,"column":7}},"type":"if","locations":[{"start":{"line":70,"column":6},"end":{"line":73,"column":7}},{"start":{},"end":{}}],"line":70},"1":{"loc":{"start":{"line":82,"column":6},"end":{"line":85,"column":7}},"type":"if","locations":[{"start":{"line":82,"column":6},"end":{"line":85,"column":7}},{"start":{},"end":{}}],"line":82},"2":{"loc":{"start":{"line":92,"column":4},"end":{"line":95,"column":5}},"type":"if","locations":[{"start":{"line":92,"column":4},"end":{"line":95,"column":5}},{"start":{},"end":{}}],"line":92},"3":{"loc":{"start":{"line":104,"column":26},"end":{"line":104,"column":81}},"type":"binary-expr","locations":[{"start":{"line":104,"column":26},"end":{"line":104,"column":37}},{"start":{"line":104,"column":41},"end":{"line":104,"column":81}}],"line":104},"4":{"loc":{"start":{"line":115,"column":6},"end":{"line":132,"column":7}},"type":"if","locations":[{"start":{"line":115,"column":6},"end":{"line":132,"column":7}},{"start":{"line":130,"column":13},"end":{"line":132,"column":7}}],"line":115},"5":{"loc":{"start":{"line":117,"column":8},"end":{"line":125,"column":9}},"type":"if","locations":[{"start":{"line":117,"column":8},"end":{"line":125,"column":9}},{"start":{"line":123,"column":15},"end":{"line":125,"column":9}}],"line":117},"6":{"loc":{"start":{"line":119,"column":31},"end":{"line":121,"column":40}},"type":"cond-expr","locations":[{"start":{"line":120,"column":14},"end":{"line":120,"column":90}},{"start":{"line":121,"column":14},"end":{"line":121,"column":40}}],"line":119},"7":{"loc":{"start":{"line":119,"column":31},"end":{"line":119,"column":68}},"type":"binary-expr","locations":[{"start":{"line":119,"column":31},"end":{"line":119,"column":42}},{"start":{"line":119,"column":46},"end":{"line":119,"column":68}}],"line":119},"8":{"loc":{"start":{"line":131,"column":17},"end":{"line":131,"column":46}},"type":"binary-expr","locations":[{"start":{"line":131,"column":17},"end":{"line":131,"column":27}},{"start":{"line":131,"column":31},"end":{"line":131,"column":46}}],"line":131},"9":{"loc":{"start":{"line":141,"column":4},"end":{"line":144,"column":5}},"type":"if","locations":[{"start":{"line":141,"column":4},"end":{"line":144,"column":5}},{"start":{},"end":{}}],"line":141},"10":{"loc":{"start":{"line":160,"column":6},"end":{"line":166,"column":7}},"type":"if","locations":[{"start":{"line":160,"column":6},"end":{"line":166,"column":7}},{"start":{"line":164,"column":13},"end":{"line":166,"column":7}}],"line":160},"11":{"loc":{"start":{"line":165,"column":17},"end":{"line":165,"column":50}},"type":"binary-expr","locations":[{"start":{"line":165,"column":17},"end":{"line":165,"column":27}},{"start":{"line":165,"column":31},"end":{"line":165,"column":50}}],"line":165},"12":{"loc":{"start":{"line":175,"column":4},"end":{"line":177,"column":5}},"type":"if","locations":[{"start":{"line":175,"column":4},"end":{"line":177,"column":5}},{"start":{},"end":{}}],"line":175},"13":{"loc":{"start":{"line":189,"column":6},"end":{"line":195,"column":7}},"type":"if","locations":[{"start":{"line":189,"column":6},"end":{"line":195,"column":7}},{"start":{"line":193,"column":13},"end":{"line":195,"column":7}}],"line":189},"14":{"loc":{"start":{"line":190,"column":52},"end":{"line":190,"column":82}},"type":"binary-expr","locations":[{"start":{"line":190,"column":52},"end":{"line":190,"column":77}},{"start":{"line":190,"column":81},"end":{"line":190,"column":82}}],"line":190},"15":{"loc":{"start":{"line":190,"column":104},"end":{"line":190,"column":133}},"type":"binary-expr","locations":[{"start":{"line":190,"column":104},"end":{"line":190,"column":128}},{"start":{"line":190,"column":132},"end":{"line":190,"column":133}}],"line":190},"16":{"loc":{"start":{"line":194,"column":17},"end":{"line":194,"column":46}},"type":"binary-expr","locations":[{"start":{"line":194,"column":17},"end":{"line":194,"column":27}},{"start":{"line":194,"column":31},"end":{"line":194,"column":46}}],"line":194},"17":{"loc":{"start":{"line":204,"column":4},"end":{"line":207,"column":5}},"type":"if","locations":[{"start":{"line":204,"column":4},"end":{"line":207,"column":5}},{"start":{},"end":{}}],"line":204},"18":{"loc":{"start":{"line":227,"column":6},"end":{"line":236,"column":7}},"type":"if","locations":[{"start":{"line":227,"column":6},"end":{"line":236,"column":7}},{"start":{"line":234,"column":13},"end":{"line":236,"column":7}}],"line":227},"19":{"loc":{"start":{"line":228,"column":62},"end":{"line":228,"column":95}},"type":"binary-expr","locations":[{"start":{"line":228,"column":62},"end":{"line":228,"column":80}},{"start":{"line":228,"column":84},"end":{"line":228,"column":95}}],"line":228},"20":{"loc":{"start":{"line":228,"column":111},"end":{"line":228,"column":203}},"type":"cond-expr","locations":[{"start":{"line":228,"column":137},"end":{"line":228,"column":195}},{"start":{"line":228,"column":198},"end":{"line":228,"column":203}}],"line":228},"21":{"loc":{"start":{"line":235,"column":17},"end":{"line":235,"column":51}},"type":"binary-expr","locations":[{"start":{"line":235,"column":17},"end":{"line":235,"column":27}},{"start":{"line":235,"column":31},"end":{"line":235,"column":51}}],"line":235},"22":{"loc":{"start":{"line":251,"column":6},"end":{"line":254,"column":7}},"type":"if","locations":[{"start":{"line":251,"column":6},"end":{"line":254,"column":7}},{"start":{},"end":{}}],"line":251},"23":{"loc":{"start":{"line":256,"column":6},"end":{"line":259,"column":7}},"type":"if","locations":[{"start":{"line":256,"column":6},"end":{"line":259,"column":7}},{"start":{},"end":{}}],"line":256},"24":{"loc":{"start":{"line":278,"column":4},"end":{"line":280,"column":5}},"type":"if","locations":[{"start":{"line":278,"column":4},"end":{"line":280,"column":5}},{"start":{},"end":{}}],"line":278},"25":{"loc":{"start":{"line":292,"column":4},"end":{"line":294,"column":5}},"type":"if","locations":[{"start":{"line":292,"column":4},"end":{"line":294,"column":5}},{"start":{},"end":{}}],"line":292},"26":{"loc":{"start":{"line":296,"column":4},"end":{"line":306,"column":5}},"type":"switch","locations":[{"start":{"line":297,"column":6},"end":{"line":298,"column":57}},{"start":{"line":299,"column":6},"end":{"line":300,"column":55}},{"start":{"line":301,"column":6},"end":{"line":301,"column":24}},{"start":{"line":302,"column":6},"end":{"line":303,"column":58}},{"start":{"line":304,"column":6},"end":{"line":305,"column":61}}],"line":296},"27":{"loc":{"start":{"line":351,"column":18},"end":{"line":353,"column":83}},"type":"cond-expr","locations":[{"start":{"line":352,"column":22},"end":{"line":352,"column":48}},{"start":{"line":353,"column":22},"end":{"line":353,"column":83}}],"line":351},"28":{"loc":{"start":{"line":364,"column":7},"end":{"line":372,"column":7}},"type":"binary-expr","locations":[{"start":{"line":364,"column":7},"end":{"line":364,"column":12}},{"start":{"line":365,"column":8},"end":{"line":371,"column":14}}],"line":364},"29":{"loc":{"start":{"line":374,"column":7},"end":{"line":382,"column":7}},"type":"binary-expr","locations":[{"start":{"line":374,"column":7},"end":{"line":374,"column":14}},{"start":{"line":375,"column":8},"end":{"line":381,"column":14}}],"line":374},"30":{"loc":{"start":{"line":385,"column":7},"end":{"line":550,"column":7}},"type":"binary-expr","locations":[{"start":{"line":385,"column":7},"end":{"line":385,"column":29}},{"start":{"line":386,"column":8},"end":{"line":549,"column":14}}],"line":385},"31":{"loc":{"start":{"line":405,"column":16},"end":{"line":405,"column":80}},"type":"cond-expr","locations":[{"start":{"line":405,"column":27},"end":{"line":405,"column":59}},{"start":{"line":405,"column":62},"end":{"line":405,"column":80}}],"line":405},"32":{"loc":{"start":{"line":411,"column":15},"end":{"line":444,"column":15}},"type":"cond-expr","locations":[{"start":{"line":412,"column":16},"end":{"line":422,"column":22}},{"start":{"line":424,"column":16},"end":{"line":443,"column":22}}],"line":411},"33":{"loc":{"start":{"line":433,"column":37},"end":{"line":433,"column":87}},"type":"binary-expr","locations":[{"start":{"line":433,"column":37},"end":{"line":433,"column":51}},{"start":{"line":433,"column":55},"end":{"line":433,"column":87}}],"line":433},"34":{"loc":{"start":{"line":449,"column":24},"end":{"line":449,"column":46}},"type":"binary-expr","locations":[{"start":{"line":449,"column":24},"end":{"line":449,"column":35}},{"start":{"line":449,"column":39},"end":{"line":449,"column":46}}],"line":449},"35":{"loc":{"start":{"line":452,"column":15},"end":{"line":452,"column":60}},"type":"cond-expr","locations":[{"start":{"line":452,"column":25},"end":{"line":452,"column":39}},{"start":{"line":452,"column":42},"end":{"line":452,"column":60}}],"line":452},"36":{"loc":{"start":{"line":457,"column":11},"end":{"line":503,"column":11}},"type":"binary-expr","locations":[{"start":{"line":457,"column":11},"end":{"line":457,"column":16}},{"start":{"line":458,"column":10},"end":{"line":502,"column":16}}],"line":457},"37":{"loc":{"start":{"line":497,"column":24},"end":{"line":497,"column":55}},"type":"binary-expr","locations":[{"start":{"line":497,"column":24},"end":{"line":497,"column":44}},{"start":{"line":497,"column":48},"end":{"line":497,"column":55}}],"line":497},"38":{"loc":{"start":{"line":500,"column":15},"end":{"line":500,"column":72}},"type":"cond-expr","locations":[{"start":{"line":500,"column":25},"end":{"line":500,"column":40}},{"start":{"line":500,"column":43},"end":{"line":500,"column":72}}],"line":500},"39":{"loc":{"start":{"line":506,"column":11},"end":{"line":548,"column":11}},"type":"binary-expr","locations":[{"start":{"line":506,"column":11},"end":{"line":506,"column":29}},{"start":{"line":507,"column":12},"end":{"line":547,"column":18}}],"line":506},"40":{"loc":{"start":{"line":515,"column":25},"end":{"line":519,"column":25}},"type":"binary-expr","locations":[{"start":{"line":515,"column":25},"end":{"line":515,"column":43}},{"start":{"line":516,"column":26},"end":{"line":518,"column":33}}],"line":515},"41":{"loc":{"start":{"line":523,"column":25},"end":{"line":527,"column":25}},"type":"binary-expr","locations":[{"start":{"line":523,"column":25},"end":{"line":523,"column":42}},{"start":{"line":524,"column":26},"end":{"line":526,"column":33}}],"line":523},"42":{"loc":{"start":{"line":533,"column":81},"end":{"line":533,"column":107}},"type":"binary-expr","locations":[{"start":{"line":533,"column":81},"end":{"line":533,"column":94}},{"start":{"line":533,"column":98},"end":{"line":533,"column":107}}],"line":533},"43":{"loc":{"start":{"line":552,"column":7},"end":{"line":656,"column":7}},"type":"binary-expr","locations":[{"start":{"line":552,"column":7},"end":{"line":552,"column":32}},{"start":{"line":553,"column":8},"end":{"line":655,"column":14}}],"line":552},"44":{"loc":{"start":{"line":586,"column":24},"end":{"line":586,"column":56}},"type":"binary-expr","locations":[{"start":{"line":586,"column":24},"end":{"line":586,"column":45}},{"start":{"line":586,"column":49},"end":{"line":586,"column":56}}],"line":586},"45":{"loc":{"start":{"line":589,"column":15},"end":{"line":589,"column":70}},"type":"cond-expr","locations":[{"start":{"line":589,"column":25},"end":{"line":589,"column":41}},{"start":{"line":589,"column":44},"end":{"line":589,"column":70}}],"line":589},"46":{"loc":{"start":{"line":594,"column":11},"end":{"line":654,"column":11}},"type":"binary-expr","locations":[{"start":{"line":594,"column":11},"end":{"line":594,"column":34}},{"start":{"line":595,"column":12},"end":{"line":653,"column":18}}],"line":594},"47":{"loc":{"start":{"line":630,"column":73},"end":{"line":630,"column":97}},"type":"binary-expr","locations":[{"start":{"line":630,"column":73},"end":{"line":630,"column":84}},{"start":{"line":630,"column":88},"end":{"line":630,"column":97}}],"line":630},"48":{"loc":{"start":{"line":634,"column":27},"end":{"line":634,"column":98}},"type":"cond-expr","locations":[{"start":{"line":634,"column":53},"end":{"line":634,"column":92}},{"start":{"line":634,"column":95},"end":{"line":634,"column":98}}],"line":634},"49":{"loc":{"start":{"line":658,"column":7},"end":{"line":756,"column":7}},"type":"binary-expr","locations":[{"start":{"line":658,"column":7},"end":{"line":658,"column":30}},{"start":{"line":659,"column":8},"end":{"line":755,"column":14}}],"line":658},"50":{"loc":{"start":{"line":671,"column":18},"end":{"line":673,"column":19}},"type":"if","locations":[{"start":{"line":671,"column":18},"end":{"line":673,"column":19}},{"start":{},"end":{}}],"line":671},"51":{"loc":{"start":{"line":680,"column":66},"end":{"line":680,"column":90}},"type":"binary-expr","locations":[{"start":{"line":680,"column":66},"end":{"line":680,"column":77}},{"start":{"line":680,"column":81},"end":{"line":680,"column":90}}],"line":680},"52":{"loc":{"start":{"line":686,"column":13},"end":{"line":753,"column":13}},"type":"binary-expr","locations":[{"start":{"line":686,"column":13},"end":{"line":686,"column":42}},{"start":{"line":687,"column":14},"end":{"line":752,"column":20}}],"line":686},"53":{"loc":{"start":{"line":736,"column":17},"end":{"line":751,"column":17}},"type":"binary-expr","locations":[{"start":{"line":736,"column":17},"end":{"line":736,"column":38}},{"start":{"line":737,"column":18},"end":{"line":750,"column":24}}],"line":736}},"s":{"0":0,"1":0,"2":0,"3":0,"4":0,"5":0,"6":0,"7":0,"8":0,"9":0,"10":0,"11":0,"12":0,"13":0,"14":0,"15":0,"16":0,"17":0,"18":0,"19":0,"20":0,"21":0,"22":0,"23":0,"24":0,"25":0,"26":0,"27":0,"28":0,"29":0,"30":0,"31":0,"32":0,"33":0,"34":0,"35":0,"36":0,"37":0,"38":0,"39":0,"40":0,"41":0,"42":0,"43":0,"44":0,"45":0,"46":0,"47":0,"48":0,"49":0,"50":0,"51":0,"52":0,"53":0,"54":0,"55":0,"56":0,"57":0,"58":0,"59":0,"60":0,"61":0,"62":0,"63":0,"64":0,"65":0,"66":0,"67":0,"68":0,"69":0,"70":0,"71":0,"72":0,"73":0,"74":0,"75":0,"76":0,"77":0,"78":0,"79":0,"80":0,"81":0,"82":0,"83":0,"84":0,"85":0,"86":0,"87":0,"88":0,"89":0,"90":0,"91":0,"92":0,"93":0,"94":0,"95":0,"96":0,"97":0,"98":0,"99":0,"100":0,"101":0,"102":0,"103":0,"104":0,"105":0,"106":0,"107":0,"108":0,"109":0,"110":0,"111":0,"112":0,"113":0,"114":0,"115":0,"116":0,"117":0,"118":0,"119":0,"120":0,"121":0,"122":0,"123":0,"124":0,"125":0,"126":0,"127":0,"128":0,"129":0,"130":0,"131":0,"132":0,"133":0,"134":0,"135":0,"136":0,"137":0,"138":0,"139":0,"140":0,"141":0,"142":0,"143":0,"144":0,"145":0,"146":0,"147":0,"148":0,"149":0,"150":0,"151":0,"152":0,"153":0,"154":0,"155":0,"156":0,"157":0,"158":0,"159":0,"160":0,"161":0,"162":0,"163":0,"164":0,"165":0},"f":{"0":0,"1":0,"2":0,"3":0,"4":0,"5":0,"6":0,"7":0,"8":0,"9":0,"10":0,"11":0,"12":0,"13":0,"14":0,"15":0,"16":0,"17":0,"18":0,"19":0,"20":0,"21":0,"22":0,"23":0,"24":0,"25":0,"26":0,"27":0,"28":0,"29":0,"30":0,"31":0,"32":0,"33":0,"34":0,"35":0,"36":0,"37":0},"b":{"0":[0,0],"1":[0,0],"2":[0,0],"3":[0,0],"4":[0,0],"5":[0,0],"6":[0,0],"7":[0,0],"8":[0,0],"9":[0,0],"10":[0,0],"11":[0,0],"12":[0,0],"13":[0,0],"14":[0,0],"15":[0,0],"16":[0,0],"17":[0,0],"18":[0,0],"19":[0,0],"20":[0,0],"21":[0,0],"22":[0,0],"23":[0,0],"24":[0,0],"25":[0,0],"26":[0,0,0,0,0],"27":[0,0],"28":[0,0],"29":[0,0],"30":[0,0],"31":[0,0],"32":[0,0],"33":[0,0],"34":[0,0],"35":[0,0],"36":[0,0],"37":[0,0],"38":[0,0],"39":[0,0],"40":[0,0],"41":[0,0],"42":[0,0],"43":[0,0],"44":[0,0],"45":[0,0],"46":[0,0],"47":[0,0],"48":[0,0],"49":[0,0],"50":[0,0],"51":[0,0],"52":[0,0],"53":[0,0]}}
,"C:\\Users\\AyodeleOladeji\\Documents\\dev\\credit-default-swap\\frontend\\src\\components\\basket\\BasketCreationModal.tsx": {"path":"C:\\Users\\AyodeleOladeji\\Documents\\dev\\credit-default-swap\\frontend\\src\\components\\basket\\BasketCreationModal.tsx","statementMap":{"0":{"start":{"line":16,"column":28},"end":{"line":20,"column":1}},"1":{"start":{"line":22,"column":34},"end":{"line":26,"column":1}},"2":{"start":{"line":28,"column":26},"end":{"line":32,"column":1}},"3":{"start":{"line":34,"column":25},"end":{"line":34,"column":53}},"4":{"start":{"line":36,"column":26},"end":{"line":40,"column":1}},"5":{"start":{"line":42,"column":64},"end":{"line":563,"column":1}},"6":{"start":{"line":43,"column":34},"end":{"line":49,"column":4}},"7":{"start":{"line":51,"column":42},"end":{"line":51,"column":84}},"8":{"start":{"line":52,"column":30},"end":{"line":52,"column":54}},"9":{"start":{"line":53,"column":42},"end":{"line":53,"column":57}},"10":{"start":{"line":56,"column":37},"end":{"line":66,"column":3}},"11":{"start":{"line":57,"column":24},"end":{"line":57,"column":81}},"12":{"start":{"line":57,"column":56},"end":{"line":57,"column":77}},"13":{"start":{"line":59,"column":4},"end":{"line":62,"column":5}},"14":{"start":{"line":61,"column":6},"end":{"line":61,"column":61}},"15":{"start":{"line":61,"column":36},"end":{"line":61,"column":59}},"16":{"start":{"line":65,"column":4},"end":{"line":65,"column":64}},"17":{"start":{"line":65,"column":33},"end":{"line":65,"column":62}},"18":{"start":{"line":68,"column":23},"end":{"line":127,"column":3}},"19":{"start":{"line":69,"column":34},"end":{"line":69,"column":36}},"20":{"start":{"line":71,"column":4},"end":{"line":73,"column":5}},"21":{"start":{"line":72,"column":6},"end":{"line":72,"column":49}},"22":{"start":{"line":75,"column":4},"end":{"line":77,"column":5}},"23":{"start":{"line":76,"column":6},"end":{"line":76,"column":49}},"24":{"start":{"line":79,"column":4},"end":{"line":81,"column":5}},"25":{"start":{"line":80,"column":6},"end":{"line":80,"column":48}},"26":{"start":{"line":83,"column":4},"end":{"line":85,"column":5}},"27":{"start":{"line":84,"column":6},"end":{"line":84,"column":97}},"28":{"start":{"line":87,"column":4},"end":{"line":98,"column":5}},"29":{"start":{"line":88,"column":6},"end":{"line":90,"column":7}},"30":{"start":{"line":89,"column":8},"end":{"line":89,"column":79}},"31":{"start":{"line":91,"column":6},"end":{"line":93,"column":7}},"32":{"start":{"line":92,"column":8},"end":{"line":92,"column":79}},"33":{"start":{"line":94,"column":6},"end":{"line":97,"column":7}},"34":{"start":{"line":96,"column":8},"end":{"line":96,"column":93}},"35":{"start":{"line":100,"column":4},"end":{"line":102,"column":5}},"36":{"start":{"line":101,"column":6},"end":{"line":101,"column":55}},"37":{"start":{"line":104,"column":4},"end":{"line":106,"column":5}},"38":{"start":{"line":105,"column":6},"end":{"line":105,"column":59}},"39":{"start":{"line":108,"column":4},"end":{"line":110,"column":5}},"40":{"start":{"line":109,"column":6},"end":{"line":109,"column":70}},"41":{"start":{"line":113,"column":22},"end":{"line":113,"column":39}},"42":{"start":{"line":114,"column":4},"end":{"line":123,"column":7}},"43":{"start":{"line":115,"column":6},"end":{"line":122,"column":7}},"44":{"start":{"line":116,"column":8},"end":{"line":118,"column":9}},"45":{"start":{"line":117,"column":10},"end":{"line":117,"column":70}},"46":{"start":{"line":119,"column":8},"end":{"line":119,"column":32}},"47":{"start":{"line":121,"column":8},"end":{"line":121,"column":70}},"48":{"start":{"line":125,"column":4},"end":{"line":125,"column":25}},"49":{"start":{"line":126,"column":4},"end":{"line":126,"column":47}},"50":{"start":{"line":129,"column":28},"end":{"line":141,"column":3}},"51":{"start":{"line":130,"column":4},"end":{"line":133,"column":8}},"52":{"start":{"line":130,"column":25},"end":{"line":133,"column":5}},"53":{"start":{"line":135,"column":4},"end":{"line":140,"column":5}},"54":{"start":{"line":136,"column":6},"end":{"line":139,"column":10}},"55":{"start":{"line":136,"column":25},"end":{"line":139,"column":7}},"56":{"start":{"line":143,"column":34},"end":{"line":155,"column":3}},"57":{"start":{"line":144,"column":20},"end":{"line":144,"column":37}},"58":{"start":{"line":145,"column":4},"end":{"line":145,"column":59}},"59":{"start":{"line":146,"column":4},"end":{"line":146,"column":29}},"60":{"start":{"line":148,"column":21},"end":{"line":148,"column":52}},"61":{"start":{"line":149,"column":4},"end":{"line":154,"column":5}},"62":{"start":{"line":150,"column":6},"end":{"line":153,"column":10}},"63":{"start":{"line":150,"column":25},"end":{"line":153,"column":7}},"64":{"start":{"line":157,"column":25},"end":{"line":159,"column":3}},"65":{"start":{"line":158,"column":4},"end":{"line":158,"column":66}},"66":{"start":{"line":161,"column":28},"end":{"line":163,"column":3}},"67":{"start":{"line":162,"column":4},"end":{"line":162,"column":64}},"68":{"start":{"line":162,"column":50},"end":{"line":162,"column":61}},"69":{"start":{"line":165,"column":23},"end":{"line":197,"column":3}},"70":{"start":{"line":166,"column":4},"end":{"line":166,"column":23}},"71":{"start":{"line":168,"column":4},"end":{"line":170,"column":5}},"72":{"start":{"line":169,"column":6},"end":{"line":169,"column":13}},"73":{"start":{"line":172,"column":4},"end":{"line":172,"column":26}},"74":{"start":{"line":174,"column":4},"end":{"line":196,"column":5}},"75":{"start":{"line":175,"column":32},"end":{"line":175,"column":60}},"76":{"start":{"line":177,"column":28},"end":{"line":186,"column":7}},"77":{"start":{"line":179,"column":52},"end":{"line":185,"column":9}},"78":{"start":{"line":188,"column":21},"end":{"line":188,"column":75}},"79":{"start":{"line":189,"column":6},"end":{"line":189,"column":24}},"80":{"start":{"line":190,"column":6},"end":{"line":190,"column":18}},"81":{"start":{"line":191,"column":6},"end":{"line":191,"column":16}},"82":{"start":{"line":193,"column":6},"end":{"line":193,"column":72}},"83":{"start":{"line":195,"column":6},"end":{"line":195,"column":29}},"84":{"start":{"line":199,"column":20},"end":{"line":209,"column":3}},"85":{"start":{"line":200,"column":4},"end":{"line":206,"column":7}},"86":{"start":{"line":207,"column":4},"end":{"line":207,"column":24}},"87":{"start":{"line":208,"column":4},"end":{"line":208,"column":18}},"88":{"start":{"line":211,"column":2},"end":{"line":211,"column":27}},"89":{"start":{"line":211,"column":15},"end":{"line":211,"column":27}},"90":{"start":{"line":213,"column":28},"end":{"line":213,"column":56}},"91":{"start":{"line":215,"column":2},"end":{"line":562,"column":4}},"92":{"start":{"line":217,"column":147},"end":{"line":217,"column":166}},"93":{"start":{"line":252,"column":33},"end":{"line":252,"column":74}},"94":{"start":{"line":265,"column":33},"end":{"line":265,"column":88}},"95":{"start":{"line":269,"column":18},"end":{"line":269,"column":80}},"96":{"start":{"line":285,"column":35},"end":{"line":285,"column":85}},"97":{"start":{"line":306,"column":37},"end":{"line":306,"column":101}},"98":{"start":{"line":323,"column":37},"end":{"line":323,"column":101}},"99":{"start":{"line":345,"column":33},"end":{"line":345,"column":78}},"100":{"start":{"line":349,"column":18},"end":{"line":349,"column":65}},"101":{"start":{"line":362,"column":33},"end":{"line":362,"column":90}},"102":{"start":{"line":375,"column":33},"end":{"line":375,"column":86}},"103":{"start":{"line":379,"column":18},"end":{"line":379,"column":80}},"104":{"start":{"line":390,"column":33},"end":{"line":390,"column":78}},"105":{"start":{"line":394,"column":18},"end":{"line":394,"column":80}},"106":{"start":{"line":406,"column":33},"end":{"line":406,"column":82}},"107":{"start":{"line":430,"column":41},"end":{"line":430,"column":65}},"108":{"start":{"line":431,"column":16},"end":{"line":530,"column":18}},"109":{"start":{"line":437,"column":39},"end":{"line":437,"column":63}},"110":{"start":{"line":451,"column":43},"end":{"line":451,"column":99}},"111":{"start":{"line":456,"column":28},"end":{"line":458,"column":37}},"112":{"start":{"line":474,"column":43},"end":{"line":474,"column":116}},"113":{"start":{"line":491,"column":43},"end":{"line":491,"column":102}},"114":{"start":{"line":495,"column":28},"end":{"line":495,"column":90}},"115":{"start":{"line":510,"column":43},"end":{"line":510,"column":121}},"116":{"start":{"line":523,"column":43},"end":{"line":523,"column":99}}},"fnMap":{"0":{"name":"(anonymous_0)","decl":{"start":{"line":42,"column":64},"end":{"line":42,"column":65}},"loc":{"start":{"line":42,"column":100},"end":{"line":563,"column":1}},"line":42},"1":{"name":"(anonymous_1)","decl":{"start":{"line":56,"column":37},"end":{"line":56,"column":38}},"loc":{"start":{"line":56,"column":43},"end":{"line":66,"column":3}},"line":56},"2":{"name":"(anonymous_2)","decl":{"start":{"line":57,"column":44},"end":{"line":57,"column":45}},"loc":{"start":{"line":57,"column":56},"end":{"line":57,"column":77}},"line":57},"3":{"name":"(anonymous_3)","decl":{"start":{"line":61,"column":30},"end":{"line":61,"column":31}},"loc":{"start":{"line":61,"column":36},"end":{"line":61,"column":59}},"line":61},"4":{"name":"(anonymous_4)","decl":{"start":{"line":65,"column":28},"end":{"line":65,"column":29}},"loc":{"start":{"line":65,"column":33},"end":{"line":65,"column":62}},"line":65},"5":{"name":"(anonymous_5)","decl":{"start":{"line":68,"column":23},"end":{"line":68,"column":24}},"loc":{"start":{"line":68,"column":38},"end":{"line":127,"column":3}},"line":68},"6":{"name":"(anonymous_6)","decl":{"start":{"line":114,"column":25},"end":{"line":114,"column":26}},"loc":{"start":{"line":114,"column":37},"end":{"line":123,"column":5}},"line":114},"7":{"name":"(anonymous_7)","decl":{"start":{"line":129,"column":28},"end":{"line":129,"column":29}},"loc":{"start":{"line":129,"column":65},"end":{"line":141,"column":3}},"line":129},"8":{"name":"(anonymous_8)","decl":{"start":{"line":130,"column":16},"end":{"line":130,"column":17}},"loc":{"start":{"line":130,"column":25},"end":{"line":133,"column":5}},"line":130},"9":{"name":"(anonymous_9)","decl":{"start":{"line":136,"column":16},"end":{"line":136,"column":17}},"loc":{"start":{"line":136,"column":25},"end":{"line":139,"column":7}},"line":136},"10":{"name":"(anonymous_10)","decl":{"start":{"line":143,"column":34},"end":{"line":143,"column":35}},"loc":{"start":{"line":143,"column":97},"end":{"line":155,"column":3}},"line":143},"11":{"name":"(anonymous_11)","decl":{"start":{"line":150,"column":16},"end":{"line":150,"column":17}},"loc":{"start":{"line":150,"column":25},"end":{"line":153,"column":7}},"line":150},"12":{"name":"(anonymous_12)","decl":{"start":{"line":157,"column":25},"end":{"line":157,"column":26}},"loc":{"start":{"line":157,"column":31},"end":{"line":159,"column":3}},"line":157},"13":{"name":"(anonymous_13)","decl":{"start":{"line":161,"column":28},"end":{"line":161,"column":29}},"loc":{"start":{"line":161,"column":47},"end":{"line":163,"column":3}},"line":161},"14":{"name":"(anonymous_14)","decl":{"start":{"line":162,"column":40},"end":{"line":162,"column":41}},"loc":{"start":{"line":162,"column":50},"end":{"line":162,"column":61}},"line":162},"15":{"name":"(anonymous_15)","decl":{"start":{"line":165,"column":23},"end":{"line":165,"column":24}},"loc":{"start":{"line":165,"column":53},"end":{"line":197,"column":3}},"line":165},"16":{"name":"(anonymous_16)","decl":{"start":{"line":179,"column":39},"end":{"line":179,"column":40}},"loc":{"start":{"line":179,"column":52},"end":{"line":185,"column":9}},"line":179},"17":{"name":"(anonymous_17)","decl":{"start":{"line":199,"column":20},"end":{"line":199,"column":21}},"loc":{"start":{"line":199,"column":26},"end":{"line":209,"column":3}},"line":199},"18":{"name":"(anonymous_18)","decl":{"start":{"line":217,"column":140},"end":{"line":217,"column":141}},"loc":{"start":{"line":217,"column":147},"end":{"line":217,"column":166}},"line":217},"19":{"name":"(anonymous_19)","decl":{"start":{"line":252,"column":26},"end":{"line":252,"column":27}},"loc":{"start":{"line":252,"column":33},"end":{"line":252,"column":74}},"line":252},"20":{"name":"(anonymous_20)","decl":{"start":{"line":265,"column":26},"end":{"line":265,"column":27}},"loc":{"start":{"line":265,"column":33},"end":{"line":265,"column":88}},"line":265},"21":{"name":"(anonymous_21)","decl":{"start":{"line":268,"column":41},"end":{"line":268,"column":42}},"loc":{"start":{"line":269,"column":18},"end":{"line":269,"column":80}},"line":269},"22":{"name":"(anonymous_22)","decl":{"start":{"line":285,"column":28},"end":{"line":285,"column":29}},"loc":{"start":{"line":285,"column":35},"end":{"line":285,"column":85}},"line":285},"23":{"name":"(anonymous_23)","decl":{"start":{"line":306,"column":30},"end":{"line":306,"column":31}},"loc":{"start":{"line":306,"column":37},"end":{"line":306,"column":101}},"line":306},"24":{"name":"(anonymous_24)","decl":{"start":{"line":323,"column":30},"end":{"line":323,"column":31}},"loc":{"start":{"line":323,"column":37},"end":{"line":323,"column":101}},"line":323},"25":{"name":"(anonymous_25)","decl":{"start":{"line":345,"column":26},"end":{"line":345,"column":27}},"loc":{"start":{"line":345,"column":33},"end":{"line":345,"column":78}},"line":345},"26":{"name":"(anonymous_26)","decl":{"start":{"line":348,"column":38},"end":{"line":348,"column":39}},"loc":{"start":{"line":349,"column":18},"end":{"line":349,"column":65}},"line":349},"27":{"name":"(anonymous_27)","decl":{"start":{"line":362,"column":26},"end":{"line":362,"column":27}},"loc":{"start":{"line":362,"column":33},"end":{"line":362,"column":90}},"line":362},"28":{"name":"(anonymous_28)","decl":{"start":{"line":375,"column":26},"end":{"line":375,"column":27}},"loc":{"start":{"line":375,"column":33},"end":{"line":375,"column":86}},"line":375},"29":{"name":"(anonymous_29)","decl":{"start":{"line":378,"column":47},"end":{"line":378,"column":48}},"loc":{"start":{"line":379,"column":18},"end":{"line":379,"column":80}},"line":379},"30":{"name":"(anonymous_30)","decl":{"start":{"line":390,"column":26},"end":{"line":390,"column":27}},"loc":{"start":{"line":390,"column":33},"end":{"line":390,"column":78}},"line":390},"31":{"name":"(anonymous_31)","decl":{"start":{"line":393,"column":39},"end":{"line":393,"column":40}},"loc":{"start":{"line":394,"column":18},"end":{"line":394,"column":80}},"line":394},"32":{"name":"(anonymous_32)","decl":{"start":{"line":406,"column":26},"end":{"line":406,"column":27}},"loc":{"start":{"line":406,"column":33},"end":{"line":406,"column":82}},"line":406},"33":{"name":"(anonymous_33)","decl":{"start":{"line":429,"column":32},"end":{"line":429,"column":33}},"loc":{"start":{"line":429,"column":56},"end":{"line":531,"column":15}},"line":429},"34":{"name":"(anonymous_34)","decl":{"start":{"line":437,"column":33},"end":{"line":437,"column":34}},"loc":{"start":{"line":437,"column":39},"end":{"line":437,"column":63}},"line":437},"35":{"name":"(anonymous_35)","decl":{"start":{"line":451,"column":36},"end":{"line":451,"column":37}},"loc":{"start":{"line":451,"column":43},"end":{"line":451,"column":99}},"line":451},"36":{"name":"(anonymous_36)","decl":{"start":{"line":455,"column":50},"end":{"line":455,"column":51}},"loc":{"start":{"line":456,"column":28},"end":{"line":458,"column":37}},"line":456},"37":{"name":"(anonymous_37)","decl":{"start":{"line":474,"column":36},"end":{"line":474,"column":37}},"loc":{"start":{"line":474,"column":43},"end":{"line":474,"column":116}},"line":474},"38":{"name":"(anonymous_38)","decl":{"start":{"line":491,"column":36},"end":{"line":491,"column":37}},"loc":{"start":{"line":491,"column":43},"end":{"line":491,"column":102}},"line":491},"39":{"name":"(anonymous_39)","decl":{"start":{"line":494,"column":49},"end":{"line":494,"column":50}},"loc":{"start":{"line":495,"column":28},"end":{"line":495,"column":90}},"line":495},"40":{"name":"(anonymous_40)","decl":{"start":{"line":510,"column":36},"end":{"line":510,"column":37}},"loc":{"start":{"line":510,"column":43},"end":{"line":510,"column":121}},"line":510},"41":{"name":"(anonymous_41)","decl":{"start":{"line":523,"column":36},"end":{"line":523,"column":37}},"loc":{"start":{"line":523,"column":43},"end":{"line":523,"column":99}},"line":523}},"branchMap":{"0":{"loc":{"start":{"line":57,"column":63},"end":{"line":57,"column":76}},"type":"binary-expr","locations":[{"start":{"line":57,"column":63},"end":{"line":57,"column":71}},{"start":{"line":57,"column":75},"end":{"line":57,"column":76}}],"line":57},"1":{"loc":{"start":{"line":59,"column":4},"end":{"line":62,"column":5}},"type":"if","locations":[{"start":{"line":59,"column":4},"end":{"line":62,"column":5}},{"start":{},"end":{}}],"line":59},"2":{"loc":{"start":{"line":65,"column":34},"end":{"line":65,"column":47}},"type":"binary-expr","locations":[{"start":{"line":65,"column":34},"end":{"line":65,"column":42}},{"start
[...]
,"C:\\Users\\AyodeleOladeji\\Documents\\dev\\credit-default-swap\\frontend\\src\\services\\risk\\riskTypes.ts": {"path":"C:\\Users\\AyodeleOladeji\\Documents\\dev\\credit-default-swap\\frontend\\src\\services\\risk\\riskTypes.ts","statementMap":{},"fnMap":{},"branchMap":{},"s":{},"f":{},"b":{}}
,"C:\\Users\\AyodeleOladeji\\Documents\\dev\\credit-default-swap\\frontend\\src\\types\\basket.ts": {"path":"C:\\Users\\AyodeleOladeji\\Documents\\dev\\credit-default-swap\\frontend\\src\\types\\basket.ts","statementMap":{},"fnMap":{},"branchMap":{},"s":{},"f":{},"b":{}}
,"C:\\Users\\AyodeleOladeji\\Documents\\dev\\credit-default-swap\\frontend\\src\\types\\lifecycle.ts": {"path":"C:\\Users\\AyodeleOladeji\\Documents\\dev\\credit-default-swap\\frontend\\src\\types\\lifecycle.ts","statementMap":{},"fnMap":{},"branchMap":{},"s":{},"f":{},"b":{}}
,"C:\\Users\\AyodeleOladeji\\Documents\\dev\\credit-default-swap\\frontend\\src\\utils\\formatters.ts": {"path":"C:\\Users\\AyodeleOladeji\\Documents\\dev\\credit-default-swap\\frontend\\src\\utils\\formatters.ts","statementMap":{"0":{"start":{"line":8,"column":30},"end":{"line":29,"column":1}},"1":{"start":{"line":13,"column":2},"end":{"line":15,"column":3}},"2":{"start":{"line":14,"column":4},"end":{"line":14,"column":19}},"3":{"start":{"line":17,"column":19},"end":{"line":17,"column":72}},"4":{"start":{"line":19,"column":2},"end":{"line":21,"column":3}},"5":{"start":{"line":20,"column":4},"end":{"line":20,"column":19}},"6":{"start":{"line":23,"column":2},"end":{"line":28,"column":22}},"7":{"start":{"line":34,"column":28},"end":{"line":53,"column":1}},"8":{"start":{"line":39,"column":2},"end":{"line":41,"column":3}},"9":{"start":{"line":40,"column":4},"end":{"line":40,"column":15}},"10":{"start":{"line":43,"column":19},"end":{"line":43,"column":72}},"11":{"start":{"line":45,"column":2},"end":{"line":47,"column":3}},"12":{"start":{"line":46,"column":4},"end":{"line":46,"column":15}},"13":{"start":{"line":49,"column":2},"end":{"line":52,"column":22}},"14":{"start":{"line":58,"column":32},"end":{"line":73,"column":1}},"15":{"start":{"line":62,"column":2},"end":{"line":64,"column":3}},"16":{"start":{"line":63,"column":4},"end":{"line":63,"column":19}},"17":{"start":{"line":66,"column":19},"end":{"line":66,"column":72}},"18":{"start":{"line":68,"column":2},"end":{"line":70,"column":3}},"19":{"start":{"line":69,"column":4},"end":{"line":69,"column":19}},"20":{"start":{"line":72,"column":2},"end":{"line":72,"column":48}},"21":{"start":{"line":78,"column":35},"end":{"line":104,"column":1}},"22":{"start":{"line":82,"column":2},"end":{"line":84,"column":3}},"23":{"start":{"line":83,"column":4},"end":{"line":83,"column":15}},"24":{"start":{"line":86,"column":19},"end":{"line":86,"column":72}},"25":{"start":{"line":88,"column":2},"end":{"line":90,"column":3}},"26":{"start":{"line":89,"column":4},"end":{"line":89,"column":15}},"27":{"start":{"line":92,"column":14},"end":{"line":92,"column":32}},"28":{"start":{"line":93,"column":15},"end":{"line":93,"column":38}},"29":{"start":{"line":95,"column":2},"end":{"line":103,"column":3}},"30":{"start":{"line":96,"column":4},"end":{"line":96,"column":58}},"31":{"start":{"line":97,"column":9},"end":{"line":103,"column":3}},"32":{"start":{"line":98,"column":4},"end":{"line":98,"column":58}},"33":{"start":{"line":99,"column":9},"end":{"line":103,"column":3}},"34":{"start":{"line":100,"column":4},"end":{"line":100,"column":58}},"35":{"start":{"line":102,"column":4},"end":{"line":102,"column":51}},"36":{"start":{"line":109,"column":26},"end":{"line":134,"column":1}},"37":{"start":{"line":113,"column":2},"end":{"line":115,"column":3}},"38":{"start":{"line":114,"column":4},"end":{"line":114,"column":15}},"39":{"start":{"line":117,"column":18},"end":{"line":117,"column":66}},"40":{"start":{"line":119,"column":2},"end":{"line":121,"column":3}},"41":{"start":{"line":120,"column":4},"end":{"line":120,"column":15}},"42":{"start":{"line":123,"column":46},"end":{"line":127,"column":3}},"43":{"start":{"line":129,"column":2},"end":{"line":131,"column":3}},"44":{"start":{"line":130,"column":4},"end":{"line":130,"column":29}},"45":{"start":{"line":133,"column":2},"end":{"line":133,"column":54}},"46":{"start":{"line":139,"column":30},"end":{"line":169,"column":1}},"47":{"start":{"line":143,"column":2},"end":{"line":145,"column":3}},"48":{"start":{"line":144,"column":4},"end":{"line":144,"column":15}},"49":{"start":{"line":147,"column":18},"end":{"line":147,"column":66}},"50":{"start":{"line":149,"column":2},"end":{"line":151,"column":3}},"51":{"start":{"line":150,"column":4},"end":{"line":150,"column":15}},"52":{"start":{"line":153,"column":50},"end":{"line":157,"column":3}},"53":{"start":{"line":159,"column":50},"end":{"line":163,"column":3}},"54":{"start":{"line":165,"column":19},"end":{"line":165,"column":67}},"55":{"start":{"line":166,"column":19},"end":{"line":166,"column":67}},"56":{"start":{"line":168,"column":2},"end":{"line":168,"column":35}},"57":{"start":{"line":174,"column":30},"end":{"line":184,"column":1}},"58":{"start":{"line":175,"column":2},"end":{"line":177,"column":3}},"59":{"start":{"line":176,"column":4},"end":{"line":176,"column":21}},"60":{"start":{"line":179,"column":12},"end":{"line":179,"column":16}},"61":{"start":{"line":180,"column":16},"end":{"line":180,"column":49}},"62":{"start":{"line":181,"column":12},"end":{"line":181,"column":53}},"63":{"start":{"line":183,"column":2},"end":{"line":183,"column":74}},"64":{"start":{"line":189,"column":33},"end":{"line":205,"column":1}},"65":{"start":{"line":193,"column":2},"end":{"line":195,"column":3}},"66":{"start":{"line":194,"column":4},"end":{"line":194,"column":19}},"67":{"start":{"line":197,"column":19},"end":{"line":197,"column":66}},"68":{"start":{"line":199,"column":2},"end":{"line":201,"column":3}},"69":{"start":{"line":200,"column":4},"end":{"line":200,"column":19}},"70":{"start":{"line":203,"column":21},"end":{"line":203,"column":37}},"71":{"start":{"line":204,"column":2},"end":{"line":204,"column":54}},"72":{"start":{"line":210,"column":28},"end":{"line":223,"column":1}},"73":{"start":{"line":214,"column":2},"end":{"line":216,"column":3}},"74":{"start":{"line":215,"column":4},"end":{"line":215,"column":14}},"75":{"start":{"line":218,"column":2},"end":{"line":220,"column":3}},"76":{"start":{"line":219,"column":4},"end":{"line":219,"column":16}},"77":{"start":{"line":222,"column":2},"end":{"line":222,"column":46}}},"fnMap":{"0":{"name":"(anonymous_0)","decl":{"start":{"line":8,"column":30},"end":{"line":8,"column":31}},"loc":{"start":{"line":12,"column":13},"end":{"line":29,"column":1}},"line":12},"1":{"name":"(anonymous_1)","decl":{"start":{"line":34,"column":28},"end":{"line":34,"column":29}},"loc":{"start":{"line":38,"column":13},"end":{"line":53,"column":1}},"line":38},"2":{"name":"(anonymous_2)","decl":{"start":{"line":58,"column":32},"end":{"line":58,"column":33}},"loc":{"start":{"line":61,"column":13},"end":{"line":73,"column":1}},"line":61},"3":{"name":"(anonymous_3)","decl":{"start":{"line":78,"column":35},"end":{"line":78,"column":36}},"loc":{"start":{"line":81,"column":13},"end":{"line":104,"column":1}},"line":81},"4":{"name":"(anonymous_4)","decl":{"start":{"line":109,"column":26},"end":{"line":109,"column":27}},"loc":{"start":{"line":112,"column":13},"end":{"line":134,"column":1}},"line":112},"5":{"name":"(anonymous_5)","decl":{"start":{"line":139,"column":30},"end":{"line":139,"column":31}},"loc":{"start":{"line":142,"column":13},"end":{"line":169,"column":1}},"line":142},"6":{"name":"(anonymous_6)","decl":{"start":{"line":174,"column":30},"end":{"line":174,"column":31}},"loc":{"start":{"line":174,"column":76},"end":{"line":184,"column":1}},"line":174},"7":{"name":"(anonymous_7)","decl":{"start":{"line":189,"column":33},"end":{"line":189,"column":34}},"loc":{"start":{"line":192,"column":13},"end":{"line":205,"column":1}},"line":192},"8":{"name":"(anonymous_8)","decl":{"start":{"line":210,"column":28},"end":{"line":210,"column":29}},"loc":{"start":{"line":213,"column":13},"end":{"line":223,"column":1}},"line":213}},"branchMap":{"0":{"loc":{"start":{"line":10,"column":2},"end":{"line":10,"column":26}},"type":"default-arg","locations":[{"start":{"line":10,"column":21},"end":{"line":10,"column":26}}],"line":10},"1":{"loc":{"start":{"line":11,"column":2},"end":{"line":11,"column":26}},"type":"default-arg","locations":[{"start":{"line":11,"column":19},"end":{"line":11,"column":26}}],"line":11},"2":{"loc":{"start":{"line":13,"column":2},"end":{"line":15,"column":3}},"type":"if","locations":[{"start":{"line":13,"column":2},"end":{"line":15,"column":3}},{"start":{},"end":{}}],"line":13},"3":{"loc":{"start":{"line":13,"column":6},"end":{"line":13,"column":59}},"type":"binary-expr","locations":[{"start":{"line":13,"column":6},"end":{"line":13,"column":20}},{"start":{"line":13,"column":24},"end":{"line":13,"column":43}},{"start":{"line":13,"column":47},"end":{"line":13,"column":59}}],"line":13},"4":{"loc":{"start":{"line":17,"column":19},"end":{"line":17,"column":72}},"type":"cond-expr","locations":[{"start":{"line":17,"column":47},"end":{"line":17,"column":64}},{"start":{"line":17,"column":67},"end":{"line":17,"column":72}}],"line":17},"5":{"loc":{"start":{"line":19,"column":2},"end":{"line":21,"column":3}},"type":"if","locations":[{"start":{"line":19,"column":2},"end":{"line":21,"column":3}},{"start":{},"end":{}}],"line":19},"6":{"loc":{"start":{"line":36,"column":2},"end":{"line":36,"column":22}},"type":"default-arg","locations":[{"start":{"line":36,"column":21},"end":{"line":36,"column":22}}],"line":36},"7":{"loc":{"start":{"line":37,"column":2},"end":{"line":37,"column":26}},"type":"default-arg","locations":[{"start":{"line":37,"column":19},"end":{"line":37,"column":26}}],"line":37},"8":{"loc":{"start":{"line":39,"column":2},"end":{"line":41,"column":3}},"type":"if","locations":[{"start":{"line":39,"column":2},"end":{"line":41,"column":3}},{"start":{},"end":{}}],"line":39},"9":{"loc":{"start":{"line":39,"column":6},"end":{"line":39,"column":59}},"type":"binary-expr","locations":[{"start":{"line":39,"column":6},"end":{"line":39,"column":20}},{"start":{"line":39,"column":24},"end":{"line":39,"column":43}},{"start":{"line":39,"column":47},"end":{"line":39,"column":59}}],"line":39},"10":{"loc":{"start":{"line":43,"column":19},"end":{"line":43,"column":72}},"type":"cond-expr","locations":[{"start":{"line":43,"column":47},"end":{"line":43,"column":64}},{"start":{"line":43,"column":67},"end":{"line":43,"column":72}}],"line":43},"11":{"loc":{"start":{"line":45,"column":2},"end":{"line":47,"column":3}},"type":"if","locations":[{"start":{"line":45,"column":2},"end":{"line":47,"column":3}},{"start":{},"end":{}}],"line":45},"12":{"loc":{"start":{"line":60,"column":2},"end":{"line":60,"column":22}},"type":"default-arg","locations":[{"start":{"line":60,"column":21},"end":{"line":60,"column":22}}],"line":60},"13":{"loc":{"start":{"line":62,"column":2},"end":{"line":64,"column":3}},"type":"if","locations":[{"start":{"line":62,"column":2},"end":{"line":64,"column":3}},{"start":{},"end":{}}],"line":62},"14":{"loc":{"start":{"line":62,"column":6},"end":{"line":62,"column":59}},"type":"binary-expr","locations":[{"start":{"line":62,"column":6},"end":{"line":62,"column":20}},{"start":{"line":62,"column":24},"end":{"line":62,"column":43}},{"start":{"line":62,"column":47},"end":{"line":62,"column":59}}],"line":62},"15":{"loc":{"start":{"line":66,"column":19},"end":{"line":66,"column":72}},"type":"cond-expr","locations":[{"start":{"line":66,"column":47},"end":{"line":66,"column":64}},{"start":{"line":66,"column":67},"end":{"line":66,"column":72}}],"line":66},"16":{"loc":{"start":{"line":68,"column":2},"end":{"line":70,"column":3}},"type":"if","locations":[{"start":{"line":68,"column":2},"end":{"line":70,"column":3}},{"start":{},"end":{}}],"line":68},"17":{"loc":{"start":{"line":80,"column":2},"end":{"line":80,"column":22}},"type":"default-arg","locations":[{"start":{"line":80,"column":21},"end":{"line":80,"column":22}}],"line":80},"18":{"loc":{"start":{"line":82,"column":2},"end":{"line":84,"column":3}},"type":"if","locations":[{"start":{"line":82,"column":2},"end":{"line":84,"column":3}},{"start":{},"end":{}}],"line":82},"19":{"loc":{"start":{"line":82,"column":6},"end":{"line":82,"column":59}},"type":"binary-expr","locations":[{"start":{"line":82,"column":6},"end":{"line":82,"column":20}},{"start":{"line":82,"column":24},"end":{"line":82,"column":43}},{"start":{"line":82,"column":47},"end":{"line":82,"column":59}}],"line":82},"20":{"loc":{"start":{"line":86,"column":19},"end":{"line":86,"column":72}},"type":"cond-expr","locations":[{"start":{"line":86,"column":47},"end":{"line":86,"column":64}},{"start":{"line":86,"column":67},"end":{"line":86,"column":72}}],"line":86},"21":{"loc":{"start":{"line":88,"column":2},"end":{"line":90,"column":3}},"type":"if","locations":[{"start":{"line":88,"column":2},"end":{"line":90,"column":3}},{"start":{},"end":{}}],"line":88},"22":{"loc":{"start":{"line":93,"column":15},"end":{"line":93,"column":38}},"type":"cond-expr","locations":[{"start":{"line":93,"column":30},"end":{"line":93,"column":33}},{"start":{"line":93,"column":36},"end":{"line":93,"column":38}}],"line":93},"23":{"loc":{"start":{"line":95,"column":2},"end":{"line":103,"column":3}},"type":"if","locations":[{"start":{"line":95,"column":2},"end":{"line":103,"column":3}},{"start":{"line":97,"column":9},"end":{"line":103,"column":3}}],"line":95},"24":{"loc":{"start":{"line":97,"column":9},"end":{"line":103,"column":3}},"type":"if","locations":[{"start":{"line":97,"column":9},"end":{"line":103,"column":3}},{"start":{"line":99,"column":9},"end":{"line":103,"column":3}}],"line":97},"25":{"loc":{"start":{"line":99,"column":9},"end":{"line":103,"column":3}},"type":"if","locations":[{"start":{"line":99,"column":9},"end":{"line":103,"column":3}},{"start":{"line":101,"column":9},"end":{"line":103,"column":3}}],"line":99},"26":{"loc":{"start":{"line":111,"column":2},"end":{"line":111,"column":48}},"type":"default-arg","locations":[{"start":{"line":111,"column":40},"end":{"line":111,"column":48}}],"line":111},"27":{"loc":{"start":{"line":113,"column":2},"end":{"line":115,"column":3}},"type":"if","locations":[{"start":{"line":113,"column":2},"end":{"line":115,"column":3}},{"start":{},"end":{}}],"line":113},"28":{"loc":{"start":{"line":117,"column":18},"end":{"line":117,"column":66}},"type":"cond-expr","locations":[{"start":{"line":117,"column":45},"end":{"line":117,"column":59}},{"start":{"line":117,"column":62},"end":{"line":117,"column":66}}],"line":117},"29":{"loc":{"start":{"line":119,"column":2},"end":{"line":121,"column":3}},"type":"if","locations":[{"start":{"line":119,"column":2},"end":{"line":121,"column":3}},{"start":{},"end":{}}],"line":119},"30":{"loc":{"start":{"line":125,"column":11},"end":{"line":125,"column":82}},"type":"cond-expr","locations":[{"start":{"line":125,"column":32},"end":{"line":125,"column":41}},{"start":{"line":125,"column":44},"end":{"line":125,"column":82}}],"line":125},"31":{"loc":{"start":{"line":125,"column":44},"end":{"line":125,"column":82}},"type":"cond-expr","locations":[{"start":{"line":125,"column":66},"end":{"line":125,"column":73}},{"start":{"line":125,"column":76},"end":{"line":125,"column":82}}],"line":125},"32":{"loc":{"start":{"line":129,"column":2},"end":{"line":131,"column":3}},"type":"if","locations":[{"start":{"line":129,"column":2},"end":{"line":131,"column":3}},{"start":{},"end":{}}],"line":129},"33":{"loc":{"start":{"line":141,"column":2},"end":{"line":141,"column":33}},"type":"default-arg","locations":[{"start":{"line":141,"column":28},"end":{"line":141,"column":33}}],"line":141},"34":{"loc":{"start":{"line":143,"column":2},"end":{"line":145,"column":3}},"type":"if","locations":[{"start":{"line":143,"column":2},"end":{"line":145,"column":3}},{"start":{},"end":{}}],"line":143},"35":{"loc":{"start":{"line":147,"column":18},"end":{"line":147,"column":66}},"type":"cond-expr","locations":[{"start":{"line":147,"column":45},"end":{"line":147,"column":59}},{"start":{"line":147,"column":62},"end":{"line":147,"column":66}}],"line":147},"36":{"loc":{"start":{"line":149,"column":2},"end":{"line":151,"column":3}},"type":"if","locations":[{"start":{"line":149,"column":2},"end":{"line":151,"column":3}},{"start":{},"end":{}}],"line":149},"37":{"loc":{"start":{"line":162,"column":8},"end":{"line":162,"column":47}},"type":"binary-expr","locations":[{"start":{"line":162,"column":8},"end":{"line":162,"column":22}},{"start":{"line":162,"column":26},"end":{"line":162,"column":47}}],"line":162},"38":{"loc":{"start":{"line":175,"column":2},"end":{"line":177,"column":3}},"type":"if","locations":[{"start":{"line":175,"column":2},"end":{"line":177,"column":3}},{"start":{},"end":{}}],"line":175},"39":{"loc":{"start":{"line":175,"column":6},"end":{"line":175,"column":27}},"type":"binary-expr","locations":[{"start":{"line":175,"column":6},"end":{"line":175,"column":12}},{"start":{"line":175,"column":16},"end":{"line":175,"column":27}}],"line":175},"40":{"loc":{"start":{"line":191,"column":2},"end":{"line":191,"column":22}},"type":"default-arg","locations":[{"start":{"line":191,"column":21},"end":{"line":191,"column":22}}],"line":191},"41":{"loc":{"start":{"line":193,"column":2},"end":{"line":195,"column":3}},"type":"if","locations":[{"start":{"line":193,"column":2},"end":{"line":195,"column":3}},{"start":{},"end":{}}],"line":193},"42":{"loc":{"start":{"line":193,"column":6},"end":{"line":193,"column":53}},"type":"binary-expr","locations":[{"start":{"line":193,"column":6},"end":{"line":193,"column":18}},{"start":{"line":193,"column":22},"end":{"line":193,"column":39}},{"start":{"line":193,"column":43},"end":{"line":193,"column":53}}],"line":193},"43":{"loc":{"start":{"line":197,"column":19},"end":{"line":197,"column":66}},"type":"cond-expr","locations":[{"start":{"line":197,"column":45},"end":{"line":197,"column":60}},{"start":{"line":197,"column":63},"end":{"line":197,"column":66}}],"line":197},"44":{"loc":{"start":{"line":199,"column":2},"end":{"line":201,"column":3}},"type":"if","locations":[{"start":{"line":199,"column":2},"end":{"line":201,"column":3}},{"start":{},"end":{}}],"line":199},"45":{"loc":{"start":{"line":214,"column":2},"end":{"line":216,"column":3}},"type":"if","locations":[{"start":{"line":214,"column":2},"end":{"line":216,"column":3}},{"start":{},"end":{}}],"line":214},"46":{"loc":{"start":{"line":218,"column":2},"end":{"line":220,"column":3}},"type":"if","locations":[{"start":{"line":218,"column":2},"end":{"line":220,"column":3}},{"start":{},"end":{}}],"line":218}},"s":{"0":1,"1":6,"2":3,"3":3,"4":3,"5":1,"6":2,"7":1,"8":13,"9":3,"10":10,"11":10,"12":0,"13":10,"14":1,"15":5,"16":2,"17":3,"18":3,"19":0,"20":3,"21":1,"22":6,"23":1,"24":5,"25":5,"26":0,"27":5,"28":5,"29":5,"30":1,"31":4,"32":1,"33":3,"34":2,"35":1,"36":1,"37":4,"38":1,"39":3,"40":3,"41":1,"42":2,"43":2,"44":1,"45":2,"46":1,"47":2,"48":1,"49":1,"50":1,"51":0,"52":1,"53":1,"54":1,"55":1,"56":1,"57":1,"58":4,"59":2,"60":2,"61":2,"62":2,"63":2,"64":1,"65":3,"66":1,"67":2,"68":2,"69":0,"70":2,"71":2,"72":1,"73":3,"74":1,"75":2,"76":1,"77":1},"f":{"0":6,"1":13,"2":5,"3":6,"4":4,"5":2,"6":4,"7":3,"8":3},"b":{"0":[6],"1":[6],"2":[3,3],"3":[6,5,4],"4":[2,1],"5":[1,2],"6":[3],"7":[13],"8":[3,10],"9":[13,12,11],"10":[1,9],"11":[0,10],"12":[3],"13":[2,3],"14":[5,4,3],"15":[0,3],"16":[0,3],"17":[6],"18":[1,5],"19":[6,5,5],"20":[0,5],"21":[0,5],"22":[1,4],"23":[1,4],"24":[1,3],"25":[2,1],"26":[3],"27":[1,3],"28":[3,0],"29":[1,2],"30":[0,2],"31":[1,1],"32":[1,1],"33":[1],"34":[1,1],"35":[1,0],"36":[0,1],"37":[1,1],"38":[2,2],"39":[4,2],"40":[3],"41":[1,2],"42":[3,2,2],"43":[1,1],"44":[0,2],"45":[1,2],"46":[1,1]},"_coverageSchema":"1a1c01bbd47fc00a2c39e90264f33305004495a9","hash":"7537bda6521e914841f43e5d052d21a9f49cfff7"}
}
