TN:
SF:src\utils\formatters.ts
FN:8,(anonymous_0)
FN:34,(anonymous_1)
FN:58,(anonymous_2)
FN:78,(anonymous_3)
FN:109,(anonymous_4)
FN:139,(anonymous_5)
FN:174,(anonymous_6)
FN:189,(anonymous_7)
FN:210,(anonymous_8)
FNF:9
FNH:9
FNDA:6,(anonymous_0)
FNDA:13,(anonymous_1)
FNDA:5,(anonymous_2)
FNDA:6,(anonymous_3)
FNDA:4,(anonymous_4)
FNDA:2,(anonymous_5)
FNDA:4,(anonymous_6)
FNDA:3,(anonymous_7)
FNDA:3,(anonymous_8)
DA:8,1
DA:13,6
DA:14,3
DA:17,3
DA:19,3
DA:20,1
DA:23,2
DA:34,1
DA:39,13
DA:40,3
DA:43,10
DA:45,10
DA:46,0
DA:49,10
DA:58,1
DA:62,5
DA:63,2
DA:66,3
DA:68,3
DA:69,0
DA:72,3
DA:78,1
DA:82,6
DA:83,1
DA:86,5
DA:88,5
DA:89,0
DA:92,5
DA:93,5
DA:95,5
DA:96,1
DA:97,4
DA:98,1
DA:99,3
DA:100,2
DA:102,1
DA:109,1
DA:113,4
DA:114,1
DA:117,3
DA:119,3
DA:120,1
DA:123,2
DA:129,2
DA:130,1
DA:133,2
DA:139,1
DA:143,2
DA:144,1
DA:147,1
DA:149,1
DA:150,0
DA:153,1
DA:159,1
DA:165,1
DA:166,1
DA:168,1
DA:174,1
DA:175,4
DA:176,2
DA:179,2
DA:180,2
DA:181,2
DA:183,2
DA:189,1
DA:193,3
DA:194,1
DA:197,2
DA:199,2
DA:200,0
DA:203,2
DA:204,2
DA:210,1
DA:214,3
DA:215,1
DA:218,2
DA:219,1
DA:222,1
LF:78
LH:73
BRDA:10,0,0,6
BRDA:11,1,0,6
BRDA:13,2,0,3
BRDA:13,2,1,3
BRDA:13,3,0,6
BRDA:13,3,1,5
BRDA:13,3,2,4
BRDA:17,4,0,2
BRDA:17,4,1,1
BRDA:19,5,0,1
BRDA:19,5,1,2
BRDA:36,6,0,3
BRDA:37,7,0,13
BRDA:39,8,0,3
BRDA:39,8,1,10
BRDA:39,9,0,13
BRDA:39,9,1,12
BRDA:39,9,2,11
BRDA:43,10,0,1
BRDA:43,10,1,9
BRDA:45,11,0,0
BRDA:45,11,1,10
BRDA:60,12,0,3
BRDA:62,13,0,2
BRDA:62,13,1,3
BRDA:62,14,0,5
BRDA:62,14,1,4
BRDA:62,14,2,3
BRDA:66,15,0,0
BRDA:66,15,1,3
BRDA:68,16,0,0
BRDA:68,16,1,3
BRDA:80,17,0,6
BRDA:82,18,0,1
BRDA:82,18,1,5
BRDA:82,19,0,6
BRDA:82,19,1,5
BRDA:82,19,2,5
BRDA:86,20,0,0
BRDA:86,20,1,5
BRDA:88,21,0,0
BRDA:88,21,1,5
BRDA:93,22,0,1
BRDA:93,22,1,4
BRDA:95,23,0,1
BRDA:95,23,1,4
BRDA:97,24,0,1
BRDA:97,24,1,3
BRDA:99,25,0,2
BRDA:99,25,1,1
BRDA:111,26,0,3
BRDA:113,27,0,1
BRDA:113,27,1,3
BRDA:117,28,0,3
BRDA:117,28,1,0
BRDA:119,29,0,1
BRDA:119,29,1,2
BRDA:125,30,0,0
BRDA:125,30,1,2
BRDA:125,31,0,1
BRDA:125,31,1,1
BRDA:129,32,0,1
BRDA:129,32,1,1
BRDA:141,33,0,1
BRDA:143,34,0,1
BRDA:143,34,1,1
BRDA:147,35,0,1
BRDA:147,35,1,0
BRDA:149,36,0,0
BRDA:149,36,1,1
BRDA:162,37,0,1
BRDA:162,37,1,1
BRDA:175,38,0,2
BRDA:175,38,1,2
BRDA:175,39,0,4
BRDA:175,39,1,2
BRDA:191,40,0,3
BRDA:193,41,0,1
BRDA:193,41,1,2
BRDA:193,42,0,3
BRDA:193,42,1,2
BRDA:193,42,2,2
BRDA:197,43,0,1
BRDA:197,43,1,1
BRDA:199,44,0,0
BRDA:199,44,1,2
BRDA:214,45,0,1
BRDA:214,45,1,2
BRDA:218,46,0,1
BRDA:218,46,1,1
BRF:90
BRH:80
end_of_record
