TN:
SF:src\App.tsx
FN:21,App
FN:30,(anonymous_1)
FN:64,(anonymous_2)
FN:69,(anonymous_3)
FN:74,(anonymous_4)
FN:79,(anonymous_5)
FN:95,(anonymous_6)
FN:105,(anonymous_7)
FN:115,(anonymous_8)
FN:125,(anonymous_9)
FN:135,(anonymous_10)
FN:145,(anonymous_11)
FN:155,(anonymous_12)
FN:165,(anonymous_13)
FN:175,(anonymous_14)
FN:185,(anonymous_15)
FNF:16
FNH:0
FNDA:0,App
FNDA:0,(anonymous_1)
FNDA:0,(anonymous_2)
FNDA:0,(anonymous_3)
FNDA:0,(anonymous_4)
FNDA:0,(anonymous_5)
FNDA:0,(anonymous_6)
FNDA:0,(anonymous_7)
FNDA:0,(anonymous_8)
FNDA:0,(anonymous_9)
FNDA:0,(anonymous_10)
FNDA:0,(anonymous_11)
FNDA:0,(anonymous_12)
FNDA:0,(anonymous_13)
FNDA:0,(anonymous_14)
FNDA:0,(anonymous_15)
DA:22,0
DA:23,0
DA:24,0
DA:26,0
DA:27,0
DA:28,0
DA:30,0
DA:31,0
DA:32,0
DA:53,0
DA:55,0
DA:56,0
DA:59,0
DA:60,0
DA:64,0
DA:65,0
DA:66,0
DA:69,0
DA:70,0
DA:71,0
DA:74,0
DA:75,0
DA:76,0
DA:79,0
DA:81,0
DA:82,0
DA:86,0
DA:95,0
DA:105,0
DA:115,0
DA:125,0
DA:135,0
DA:145,0
DA:155,0
DA:165,0
DA:175,0
DA:185,0
LF:37
LH:0
BRDA:59,0,0,0
BRDA:59,0,1,0
BRDA:81,1,0,0
BRDA:81,1,1,0
BRDA:97,2,0,0
BRDA:97,2,1,0
BRDA:107,3,0,0
BRDA:107,3,1,0
BRDA:117,4,0,0
BRDA:117,4,1,0
BRDA:127,5,0,0
BRDA:127,5,1,0
BRDA:137,6,0,0
BRDA:137,6,1,0
BRDA:147,7,0,0
BRDA:147,7,1,0
BRDA:157,8,0,0
BRDA:157,8,1,0
BRDA:167,9,0,0
BRDA:167,9,1,0
BRDA:177,10,0,0
BRDA:177,10,1,0
BRDA:187,11,0,0
BRDA:187,11,1,0
BRDA:201,12,0,0
BRDA:201,12,1,0
BRDA:203,13,0,0
BRDA:203,13,1,0
BRDA:205,14,0,0
BRDA:205,14,1,0
BRDA:207,15,0,0
BRDA:207,15,1,0
BRDA:209,16,0,0
BRDA:209,16,1,0
BRDA:211,17,0,0
BRDA:211,17,1,0
BRDA:213,18,0,0
BRDA:213,18,1,0
BRDA:215,19,0,0
BRDA:215,19,1,0
BRDA:217,20,0,0
BRDA:217,20,1,0
BRDA:219,21,0,0
BRDA:219,21,1,0
BRF:44
BRH:0
end_of_record
TN:
SF:src\index.tsx
FNF:0
FNH:0
DA:6,0
DA:9,0
LF:2
LH:0
BRF:0
BRH:0
end_of_record
TN:
SF:src\components\SaCcrDashboard.tsx
FN:43,(anonymous_0)
FN:55,(anonymous_1)
FN:61,(anonymous_2)
FN:68,(anonymous_3)
FN:95,(anonymous_4)
FN:124,(anonymous_5)
FN:153,(anonymous_6)
FN:162,(anonymous_7)
FN:167,(anonymous_8)
FN:171,(anonymous_9)
FN:172,(anonymous_10)
FN:175,(anonymous_11)
FN:177,(anonymous_12)
FN:180,(anonymous_13)
FN:294,(anonymous_14)
FN:294,(anonymous_15)
FN:308,(anonymous_16)
FN:308,(anonymous_17)
FN:389,(anonymous_18)
FN:393,(anonymous_19)
FN:474,(anonymous_20)
FNF:21
FNH:0
FNDA:0,(anonymous_0)
FNDA:0,(anonymous_1)
FNDA:0,(anonymous_2)
FNDA:0,(anonymous_3)
FNDA:0,(anonymous_4)
FNDA:0,(anonymous_5)
FNDA:0,(anonymous_6)
FNDA:0,(anonymous_7)
FNDA:0,(anonymous_8)
FNDA:0,(anonymous_9)
FNDA:0,(anonymous_10)
FNDA:0,(anonymous_11)
FNDA:0,(anonymous_12)
FNDA:0,(anonymous_13)
FNDA:0,(anonymous_14)
FNDA:0,(anonymous_15)
FNDA:0,(anonymous_16)
FNDA:0,(anonymous_17)
FNDA:0,(anonymous_18)
FNDA:0,(anonymous_19)
FNDA:0,(anonymous_20)
DA:43,0
DA:44,0
DA:45,0
DA:46,0
DA:47,0
DA:48,0
DA:49,0
DA:55,0
DA:56,0
DA:61,0
DA:62,0
DA:63,0
DA:68,0
DA:69,0
DA:70,0
DA:71,0
DA:72,0
DA:73,0
DA:75,0
DA:76,0
DA:78,0
DA:79,0
DA:81,0
DA:82,0
DA:83,0
DA:85,0
DA:86,0
DA:87,0
DA:90,0
DA:91,0
DA:95,0
DA:96,0
DA:97,0
DA:100,0
DA:101,0
DA:102,0
DA:104,0
DA:105,0
DA:107,0
DA:108,0
DA:109,0
DA:112,0
DA:113,0
DA:116,0
DA:119,0
DA:120,0
DA:124,0
DA:125,0
DA:126,0
DA:128,0
DA:129,0
DA:131,0
DA:138,0
DA:140,0
DA:141,0
DA:143,0
DA:146,0
DA:147,0
DA:149,0
DA:153,0
DA:154,0
DA:162,0
DA:163,0
DA:167,0
DA:168,0
DA:171,0
DA:172,0
DA:175,0
DA:176,0
DA:177,0
DA:180,0
DA:181,0
DA:184,0
DA:294,0
DA:308,0
DA:390,0
DA:393,0
DA:475,0
LF:78
LH:0
BRDA:62,0,0,0
BRDA:62,0,1,0
BRDA:81,1,0,0
BRDA:81,1,1,0
BRDA:83,2,0,0
BRDA:83,2,1,0
BRDA:85,3,0,0
BRDA:85,3,1,0
BRDA:96,4,0,0
BRDA:96,4,1,0
BRDA:96,5,0,0
BRDA:96,5,1,0
BRDA:107,6,0,0
BRDA:107,6,1,0
BRDA:107,7,0,0
BRDA:107,7,1,0
BRDA:107,7,2,0
BRDA:140,8,0,0
BRDA:140,8,1,0
BRDA:143,9,0,0
BRDA:143,9,1,0
BRDA:162,10,0,0
BRDA:177,11,0,0
BRDA:177,11,1,0
BRDA:197,12,0,0
BRDA:197,12,1,0
BRDA:328,13,0,0
BRDA:328,13,1,0
BRDA:345,14,0,0
BRDA:345,14,1,0
BRDA:353,15,0,0
BRDA:353,15,1,0
BRDA:360,16,0,0
BRDA:360,16,1,0
BRDA:393,17,0,0
BRDA:393,17,1,0
BRDA:420,18,0,0
BRDA:420,18,1,0
BRDA:490,19,0,0
BRDA:490,19,1,0
BRDA:494,20,0,0
BRDA:494,20,1,0
BRDA:499,21,0,0
BRDA:499,21,1,0
BRDA:503,22,0,0
BRDA:503,22,1,0
BRF:46
BRH:0
end_of_record
TN:
SF:src\components\SimmDashboard.tsx
FN:36,(anonymous_0)
FN:62,(anonymous_1)
FN:67,(anonymous_2)
FN:79,(anonymous_3)
FN:91,(anonymous_4)
FN:120,(anonymous_5)
FN:127,(anonymous_6)
FN:140,(anonymous_7)
FN:162,(anonymous_8)
FN:174,(anonymous_9)
FN:192,(anonymous_10)
FN:203,(anonymous_11)
FN:233,(anonymous_12)
FN:244,(anonymous_13)
FN:265,(anonymous_14)
FN:270,(anonymous_15)
FN:274,(anonymous_16)
FN:283,(anonymous_17)
FN:291,(anonymous_18)
FN:346,(anonymous_19)
FN:349,(anonymous_20)
FN:368,(anonymous_21)
FN:378,(anonymous_22)
FN:397,(anonymous_23)
FN:417,(anonymous_24)
FN:433,(anonymous_25)
FN:476,(anonymous_26)
FN:489,(anonymous_27)
FN:510,(anonymous_28)
FN:536,(anonymous_29)
FN:565,(anonymous_30)
FN:578,(anonymous_31)
FN:619,(anonymous_32)
FN:638,(anonymous_33)
FN:669,(anonymous_34)
FN:678,(anonymous_35)
FN:712,(anonymous_36)
FN:740,(anonymous_37)
FNF:38
FNH:0
FNDA:0,(anonymous_0)
FNDA:0,(anonymous_1)
FNDA:0,(anonymous_2)
FNDA:0,(anonymous_3)
FNDA:0,(anonymous_4)
FNDA:0,(anonymous_5)
FNDA:0,(anonymous_6)
FNDA:0,(anonymous_7)
FNDA:0,(anonymous_8)
FNDA:0,(anonymous_9)
FNDA:0,(anonymous_10)
FNDA:0,(anonymous_11)
FNDA:0,(anonymous_12)
FNDA:0,(anonymous_13)
FNDA:0,(anonymous_14)
FNDA:0,(anonymous_15)
FNDA:0,(anonymous_16)
FNDA:0,(anonymous_17)
FNDA:0,(anonymous_18)
FNDA:0,(anonymous_19)
FNDA:0,(anonymous_20)
FNDA:0,(anonymous_21)
FNDA:0,(anonymous_22)
FNDA:0,(anonymous_23)
FNDA:0,(anonymous_24)
FNDA:0,(anonymous_25)
FNDA:0,(anonymous_26)
FNDA:0,(anonymous_27)
FNDA:0,(anonymous_28)
FNDA:0,(anonymous_29)
FNDA:0,(anonymous_30)
FNDA:0,(anonymous_31)
FNDA:0,(anonymous_32)
FNDA:0,(anonymous_33)
FNDA:0,(anonymous_34)
FNDA:0,(anonymous_35)
FNDA:0,(anonymous_36)
FNDA:0,(anonymous_37)
DA:36,0
DA:37,0
DA:38,0
DA:39,0
DA:40,0
DA:41,0
DA:42,0
DA:45,0
DA:46,0
DA:47,0
DA:50,0
DA:51,0
DA:54,0
DA:55,0
DA:58,0
DA:59,0
DA:60,0
DA:62,0
DA:63,0
DA:64,0
DA:67,0
DA:68,0
DA:69,0
DA:70,0
DA:71,0
DA:72,0
DA:75,0
DA:79,0
DA:80,0
DA:81,0
DA:82,0
DA:83,0
DA:84,0
DA:87,0
DA:91,0
DA:92,0
DA:93,0
DA:94,0
DA:97,0
DA:98,0
DA:100,0
DA:101,0
DA:104,0
DA:105,0
DA:107,0
DA:108,0
DA:113,0
DA:115,0
DA:117,0
DA:119,0
DA:120,0
DA:122,0
DA:124,0
DA:127,0
DA:128,0
DA:129,0
DA:131,0
DA:134,0
DA:136,0
DA:140,0
DA:141,0
DA:142,0
DA:143,0
DA:146,0
DA:147,0
DA:149,0
DA:150,0
DA:158,0
DA:160,0
DA:161,0
DA:162,0
DA:163,0
DA:165,0
DA:168,0
DA:170,0
DA:174,0
DA:175,0
DA:176,0
DA:179,0
DA:180,0
DA:182,0
DA:183,0
DA:187,0
DA:189,0
DA:190,0
DA:191,0
DA:192,0
DA:194,0
DA:197,0
DA:199,0
DA:203,0
DA:204,0
DA:205,0
DA:206,0
DA:209,0
DA:210,0
DA:212,0
DA:213,0
DA:225,0
DA:227,0
DA:228,0
DA:229,0
DA:230,0
DA:233,0
DA:235,0
DA:238,0
DA:240,0
DA:244,0
DA:245,0
DA:246,0
DA:251,0
DA:252,0
DA:253,0
DA:256,0
DA:257,0
DA:258,0
DA:261,0
DA:265,0
DA:266,0
DA:267,0
DA:270,0
DA:271,0
DA:274,0
DA:275,0
DA:276,0
DA:277,0
DA:278,0
DA:279,0
DA:283,0
DA:284,0
DA:291,0
DA:292,0
DA:293,0
DA:296,0
DA:298,0
DA:300,0
DA:303,0
DA:305,0
DA:309,0
DA:347,0
DA:349,0
DA:368,0
DA:378,0
DA:397,0
DA:417,0
DA:433,0
DA:476,0
DA:489,0
DA:511,0
DA:536,0
DA:565,0
DA:578,0
DA:620,0
DA:639,0
DA:640,0
DA:641,0
DA:670,0
DA:671,0
DA:672,0
DA:679,0
DA:713,0
DA:741,0
LF:162
LH:0
BRDA:70,0,0,0
BRDA:70,0,1,0
BRDA:82,1,0,0
BRDA:82,1,1,0
BRDA:92,2,0,0
BRDA:92,2,1,0
BRDA:104,3,0,0
BRDA:104,3,1,0
BRDA:115,4,0,0
BRDA:115,4,1,0
BRDA:117,5,0,0
BRDA:117,5,1,0
BRDA:119,6,0,0
BRDA:119,6,1,0
BRDA:119,7,0,0
BRDA:119,7,1,0
BRDA:131,8,0,0
BRDA:131,8,1,0
BRDA:141,9,0,0
BRDA:141,9,1,0
BRDA:160,10,0,0
BRDA:160,10,1,0
BRDA:165,11,0,0
BRDA:165,11,1,0
BRDA:175,12,0,0
BRDA:175,12,1,0
BRDA:189,13,0,0
BRDA:189,13,1,0
BRDA:190,14,0,0
BRDA:190,14,1,0
BRDA:190,15,0,0
BRDA:190,15,1,0
BRDA:194,16,0,0
BRDA:194,16,1,0
BRDA:204,17,0,0
BRDA:204,17,1,0
BRDA:227,18,0,0
BRDA:227,18,1,0
BRDA:228,19,0,0
BRDA:228,19,1,0
BRDA:228,20,0,0
BRDA:228,20,1,0
BRDA:235,21,0,0
BRDA:235,21,1,0
BRDA:251,22,0,0
BRDA:251,22,1,0
BRDA:256,23,0,0
BRDA:256,23,1,0
BRDA:278,24,0,0
BRDA:278,24,1,0
BRDA:292,25,0,0
BRDA:292,25,1,0
BRDA:296,26,0,0
BRDA:296,26,1,0
BRDA:296,26,2,0
BRDA:296,26,3,0
BRDA:296,26,4,0
BRDA:351,27,0,0
BRDA:351,27,1,0
BRDA:364,28,0,0
BRDA:364,28,1,0
BRDA:374,29,0,0
BRDA:374,29,1,0
BRDA:385,30,0,0
BRDA:385,30,1,0
BRDA:405,31,0,0
BRDA:405,31,1,0
BRDA:411,32,0,0
BRDA:411,32,1,0
BRDA:433,33,0,0
BRDA:433,33,1,0
BRDA:449,34,0,0
BRDA:449,34,1,0
BRDA:452,35,0,0
BRDA:452,35,1,0
BRDA:457,36,0,0
BRDA:457,36,1,0
BRDA:497,37,0,0
BRDA:497,37,1,0
BRDA:500,38,0,0
BRDA:500,38,1,0
BRDA:506,39,0,0
BRDA:506,39,1,0
BRDA:515,40,0,0
BRDA:515,40,1,0
BRDA:523,41,0,0
BRDA:523,41,1,0
BRDA:533,42,0,0
BRDA:533,42,1,0
BRDA:552,43,0,0
BRDA:552,43,1,0
BRDA:586,44,0,0
BRDA:586,44,1,0
BRDA:589,45,0,0
BRDA:589,45,1,0
BRDA:594,46,0,0
BRDA:594,46,1,0
BRDA:630,47,0,0
BRDA:630,47,1,0
BRDA:634,48,0,0
BRDA:634,48,1,0
BRDA:658,49,0,0
BRDA:658,49,1,0
BRDA:671,50,0,0
BRDA:671,50,1,0
BRDA:680,51,0,0
BRDA:680,51,1,0
BRDA:686,52,0,0
BRDA:686,52,1,0
BRDA:736,53,0,0
BRDA:736,53,1,0
BRF:111
BRH:0
end_of_record
TN:
SF:src\components\basket\BasketCreationModal.tsx
FN:42,(anonymous_0)
FN:56,(anonymous_1)
FN:57,(anonymous_2)
FN:61,(anonymous_3)
FN:65,(anonymous_4)
FN:68,(anonymous_5)
FN:114,(anonymous_6)
FN:129,(anonymous_7)
FN:130,(anonymous_8)
FN:136,(anonymous_9)
FN:143,(anonymous_10)
FN:150,(anonymous_11)
FN:157,(anonymous_12)
FN:161,(anonymous_13)
FN:162,(anonymous_14)
FN:165,(anonymous_15)
FN:179,(anonymous_16)
FN:199,(anonymous_17)
FN:217,(anonymous_18)
FN:252,(anonymous_19)
FN:265,(anonymous_20)
FN:268,(anonymous_21)
FN:285,(anonymous_22)
FN:306,(anonymous_23)
FN:323,(anonymous_24)
FN:345,(anonymous_25)
FN:348,(anonymous_26)
FN:362,(anonymous_27)
FN:375,(anonymous_28)
FN:378,(anonymous_29)
FN:390,(anonymous_30)
FN:393,(anonymous_31)
FN:406,(anonymous_32)
FN:429,(anonymous_33)
FN:437,(anonymous_34)
FN:451,(anonymous_35)
FN:455,(anonymous_36)
FN:474,(anonymous_37)
FN:491,(anonymous_38)
FN:494,(anonymous_39)
FN:510,(anonymous_40)
FN:523,(anonymous_41)
FNF:42
FNH:0
FNDA:0,(anonymous_0)
FNDA:0,(anonymous_1)
FNDA:0,(anonymous_2)
FNDA:0,(anonymous_3)
FNDA:0,(anonymous_4)
FNDA:0,(anonymous_5)
FNDA:0,(anonymous_6)
FNDA:0,(anonymous_7)
FNDA:0,(anonymous_8)
FNDA:0,(anonymous_9)
FNDA:0,(anonymous_10)
FNDA:0,(anonymous_11)
FNDA:0,(anonymous_12)
FNDA:0,(anonymous_13)
FNDA:0,(anonymous_14)
FNDA:0,(anonymous_15)
FNDA:0,(anonymous_16)
FNDA:0,(anonymous_17)
FNDA:0,(anonymous_18)
FNDA:0,(anonymous_19)
FNDA:0,(anonymous_20)
FNDA:0,(anonymous_21)
FNDA:0,(anonymous_22)
FNDA:0,(anonymous_23)
FNDA:0,(anonymous_24)
FNDA:0,(anonymous_25)
FNDA:0,(anonymous_26)
FNDA:0,(anonymous_27)
FNDA:0,(anonymous_28)
FNDA:0,(anonymous_29)
FNDA:0,(anonymous_30)
FNDA:0,(anonymous_31)
FNDA:0,(anonymous_32)
FNDA:0,(anonymous_33)
FNDA:0,(anonymous_34)
FNDA:0,(anonymous_35)
FNDA:0,(anonymous_36)
FNDA:0,(anonymous_37)
FNDA:0,(anonymous_38)
FNDA:0,(anonymous_39)
FNDA:0,(anonymous_40)
FNDA:0,(anonymous_41)
DA:16,0
DA:22,0
DA:28,0
DA:34,0
DA:36,0
DA:42,0
DA:43,0
DA:51,0
DA:52,0
DA:53,0
DA:56,0
DA:57,0
DA:59,0
DA:61,0
DA:65,0
DA:68,0
DA:69,0
DA:71,0
DA:72,0
DA:75,0
DA:76,0
DA:79,0
DA:80,0
DA:83,0
DA:84,0
DA:87,0
DA:88,0
DA:89,0
DA:91,0
DA:92,0
DA:94,0
DA:96,0
DA:100,0
DA:101,0
DA:104,0
DA:105,0
DA:108,0
DA:109,0
DA:113,0
DA:114,0
DA:115,0
DA:116,0
DA:117,0
DA:119,0
DA:121,0
DA:125,0
DA:126,0
DA:129,0
DA:130,0
DA:135,0
DA:136,0
DA:143,0
DA:144,0
DA:145,0
DA:146,0
DA:148,0
DA:149,0
DA:150,0
DA:157,0
DA:158,0
DA:161,0
DA:162,0
DA:165,0
DA:166,0
DA:168,0
DA:169,0
DA:172,0
DA:174,0
DA:175,0
DA:177,0
DA:179,0
DA:188,0
DA:189,0
DA:190,0
DA:191,0
DA:193,0
DA:195,0
DA:199,0
DA:200,0
DA:207,0
DA:208,0
DA:211,0
DA:213,0
DA:215,0
DA:217,0
DA:252,0
DA:265,0
DA:269,0
DA:285,0
DA:306,0
DA:323,0
DA:345,0
DA:349,0
DA:362,0
DA:375,0
DA:379,0
DA:390,0
DA:394,0
DA:406,0
DA:430,0
DA:431,0
DA:437,0
DA:451,0
DA:456,0
DA:474,0
DA:491,0
DA:495,0
DA:510,0
DA:523,0
LF:109
LH:0
BRDA:57,0,0,0
BRDA:57,0,1,0
BRDA:59,1,0,0
BRDA:59,1,1,0
BRDA:65,2,0,0
BRDA:65,2,1,0
BRDA:71,3,0,0
BRDA:71,3,1,0
BRDA:75,4,0,0
BRDA:75,4,1,0
BRDA:79,5,0,0
BRDA:79,5,1,0
BRDA:79,6,0,0
BRDA:79,6,1,0
BRDA:79,6,2,0
BRDA:83,7,0,0
BRDA:83,7,1,0
BRDA:83,8,0,0
BRDA:83,8,1,0
BRDA:83,8,2,0
BRDA:87,9,0,0
BRDA:87,9,1,0
BRDA:88,10,0,0
BRDA:88,10,1,0
BRDA:88,11,0,0
BRDA:88,11,1,0
BRDA:88,11,2,0
BRDA:91,12,0,0
BRDA:91,12,1,0
BRDA:91,13,0,0
BRDA:91,13,1,0
BRDA:91,13,2,0
BRDA:94,14,0,0
BRDA:94,14,1,0
BRDA:94,15,0,0
BRDA:94,15,1,0
BRDA:94,15,2,0
BRDA:100,16,0,0
BRDA:100,16,1,0
BRDA:100,17,0,0
BRDA:100,17,1,0
BRDA:104,18,0,0
BRDA:104,18,1,0
BRDA:108,19,0,0
BRDA:108,19,1,0
BRDA:115,20,0,0
BRDA:115,20,1,0
BRDA:116,21,0,0
BRDA:116,21,1,0
BRDA:135,22,0,0
BRDA:135,22,1,0
BRDA:149,23,0,0
BRDA:149,23,1,0
BRDA:168,24,0,0
BRDA:168,24,1,0
BRDA:183,25,0,0
BRDA:183,25,1,0
BRDA:193,26,0,0
BRDA:193,26,1,0
BRDA:211,27,0,0
BRDA:211,27,1,0
BRDA:251,28,0,0
BRDA:251,28,1,0
BRDA:253,29,0,0
BRDA:253,29,1,0
BRDA:256,30,0,0
BRDA:256,30,1,0
BRDA:272,31,0,0
BRDA:272,31,1,0
BRDA:276,32,0,0
BRDA:276,32,1,0
BRDA:284,33,0,0
BRDA:284,33,1,0
BRDA:286,34,0,0
BRDA:286,34,1,0
BRDA:289,35,0,0
BRDA:289,35,1,0
BRDA:294,36,0,0
BRDA:294,36,1,0
BRDA:305,37,0,0
BRDA:305,37,1,0
BRDA:307,38,0,0
BRDA:307,38,1,0
BRDA:310,39,0,0
BRDA:310,39,1,0
BRDA:322,40,0,0
BRDA:322,40,1,0
BRDA:324,41,0,0
BRDA:324,41,1,0
BRDA:327,42,0,0
BRDA:327,42,1,0
BRDA:361,43,0,0
BRDA:361,43,1,0
BRDA:363,44,0,0
BRDA:363,44,1,0
BRDA:366,45,0,0
BRDA:366,45,1,0
BRDA:405,46,0,0
BRDA:405,46,1,0
BRDA:407,47,0,0
BRDA:407,47,1,0
BRDA:409,48,0,0
BRDA:409,48,1,0
BRDA:427,49,0,0
BRDA:427,49,1,0
BRDA:450,50,0,0
BRDA:450,50,1,0
BRDA:452,51,0,0
BRDA:452,51,1,0
BRDA:461,52,0,0
BRDA:461,52,1,0
BRDA:473,53,0,0
BRDA:473,53,1,0
BRDA:474,54,0,0
BRDA:474,54,1,0
BRDA:478,55,0,0
BRDA:478,55,1,0
BRDA:490,56,0,0
BRDA:490,56,1,0
BRDA:509,57,0,0
BRDA:509,57,1,0
BRDA:522,58,0,0
BRDA:522,58,1,0
BRDA:536,59,0,0
BRDA:536,59,1,0
BRDA:556,60,0,0
BRDA:556,60,1,0
BRF:127
BRH:0
end_of_record
TN:
SF:src\components\basket\BasketDetailView.tsx
FN:10,(anonymous_0)
FN:16,(anonymous_1)
FN:34,(anonymous_2)
FN:44,(anonymous_3)
FN:49,(anonymous_4)
FN:64,(anonymous_5)
FN:244,(anonymous_6)
FNF:7
FNH:0
FNDA:0,(anonymous_0)
FNDA:0,(anonymous_1)
FNDA:0,(anonymous_2)
FNDA:0,(anonymous_3)
FNDA:0,(anonymous_4)
FNDA:0,(anonymous_5)
FNDA:0,(anonymous_6)
DA:10,0
DA:11,0
DA:12,0
DA:13,0
DA:14,0
DA:16,0
DA:17,0
DA:18,0
DA:20,0
DA:21,0
DA:25,0
DA:26,0
DA:28,0
DA:30,0
DA:34,0
DA:35,0
DA:36,0
DA:44,0
DA:45,0
DA:46,0
DA:49,0
DA:50,0
DA:52,0
DA:54,0
DA:56,0
DA:58,0
DA:62,0
DA:64,0
DA:245,0
LF:29
LH:0
BRDA:28,0,0,0
BRDA:28,0,1,0
BRDA:35,1,0,0
BRDA:35,1,1,0
BRDA:45,2,0,0
BRDA:45,2,1,0
BRDA:50,3,0,0
BRDA:50,3,1,0
BRDA:50,3,2,0
BRDA:50,3,3,0
BRDA:116,4,0,0
BRDA:116,4,1,0
BRDA:116,5,0,0
BRDA:116,5,1,0
BRDA:118,6,0,0
BRDA:118,6,1,0
BRDA:124,7,0,0
BRDA:124,7,1,0
BRDA:153,8,0,0
BRDA:153,8,1,0
BRDA:184,9,0,0
BRDA:184,9,1,0
BRDA:184,9,2,0
BRDA:200,10,0,0
BRDA:200,10,1,0
BRDA:250,11,0,0
BRDA:250,11,1,0
BRDA:256,12,0,0
BRDA:256,12,1,0
BRDA:261,13,0,0
BRDA:261,13,1,0
BRF:31
BRH:0
end_of_record
TN:
SF:src\components\basket\BasketList.tsx
FN:11,(anonymous_0)
FN:16,(anonymous_1)
FN:20,(anonymous_2)
FN:101,(anonymous_3)
FN:128,(anonymous_4)
FNF:5
FNH:0
FNDA:0,(anonymous_0)
FNDA:0,(anonymous_1)
FNDA:0,(anonymous_2)
FNDA:0,(anonymous_3)
FNDA:0,(anonymous_4)
DA:11,0
DA:12,0
DA:13,0
DA:14,0
DA:16,0
DA:17,0
DA:20,0
DA:21,0
DA:22,0
DA:23,0
DA:24,0
DA:25,0
DA:27,0
DA:29,0
DA:33,0
DA:34,0
DA:41,0
DA:42,0
DA:49,0
DA:102,0
DA:128,0
LF:21
LH:0
BRDA:27,0,0,0
BRDA:27,0,1,0
BRDA:33,1,0,0
BRDA:33,1,1,0
BRDA:41,2,0,0
BRDA:41,2,1,0
BRDA:58,3,0,0
BRDA:58,3,1,0
BRDA:68,4,0,0
BRDA:68,4,1,0
BRDA:115,5,0,0
BRDA:115,5,1,0
BRDA:115,5,2,0
BRDA:128,6,0,0
BRDA:128,6,1,0
BRF:15
BRH:0
end_of_record
TN:
SF:src\components\basket\BasketPage.tsx
FN:7,(anonymous_0)
FN:12,(anonymous_1)
FN:16,(anonymous_2)
FN:20,(anonymous_3)
FN:21,(anonymous_4)
FN:37,(anonymous_5)
FN:45,(anonymous_6)
FNF:7
FNH:0
FNDA:0,(anonymous_0)
FNDA:0,(anonymous_1)
FNDA:0,(anonymous_2)
FNDA:0,(anonymous_3)
FNDA:0,(anonymous_4)
FNDA:0,(anonymous_5)
FNDA:0,(anonymous_6)
DA:7,0
DA:8,0
DA:9,0
DA:10,0
DA:12,0
DA:13,0
DA:16,0
DA:17,0
DA:20,0
DA:21,0
DA:26,0
DA:37,0
DA:45,0
LF:13
LH:0
BRDA:42,0,0,0
BRDA:42,0,1,0
BRF:2
BRH:0
end_of_record
TN:
SF:src\components\bond\BondCreationModal.tsx
FN:34,(anonymous_0)
FN:50,(anonymous_1)
FN:52,(anonymous_2)
FN:54,(anonymous_3)
FN:62,(anonymous_4)
FN:98,(anonymous_5)
FN:104,(anonymous_6)
FN:110,(anonymous_7)
FN:117,(anonymous_8)
FN:138,(anonymous_9)
FN:156,(anonymous_10)
FN:190,(anonymous_11)
FN:194,(anonymous_12)
FN:209,(anonymous_13)
FN:212,(anonymous_14)
FN:224,(anonymous_15)
FN:228,(anonymous_16)
FN:243,(anonymous_17)
FN:263,(anonymous_18)
FN:266,(anonymous_19)
FN:280,(anonymous_20)
FN:294,(anonymous_21)
FN:307,(anonymous_22)
FN:310,(anonymous_23)
FN:322,(anonymous_24)
FN:325,(anonymous_25)
FN:345,(anonymous_26)
FN:358,(anonymous_27)
FN:371,(anonymous_28)
FN:384,(anonymous_29)
FNF:30
FNH:0
FNDA:0,(anonymous_0)
FNDA:0,(anonymous_1)
FNDA:0,(anonymous_2)
FNDA:0,(anonymous_3)
FNDA:0,(anonymous_4)
FNDA:0,(anonymous_5)
FNDA:0,(anonymous_6)
FNDA:0,(anonymous_7)
FNDA:0,(anonymous_8)
FNDA:0,(anonymous_9)
FNDA:0,(anonymous_10)
FNDA:0,(anonymous_11)
FNDA:0,(anonymous_12)
FNDA:0,(anonymous_13)
FNDA:0,(anonymous_14)
FNDA:0,(anonymous_15)
FNDA:0,(anonymous_16)
FNDA:0,(anonymous_17)
FNDA:0,(anonymous_18)
FNDA:0,(anonymous_19)
FNDA:0,(anonymous_20)
FNDA:0,(anonymous_21)
FNDA:0,(anonymous_22)
FNDA:0,(anonymous_23)
FNDA:0,(anonymous_24)
FNDA:0,(anonymous_25)
FNDA:0,(anonymous_26)
FNDA:0,(anonymous_27)
FNDA:0,(anonymous_28)
FNDA:0,(anonymous_29)
DA:15,0
DA:21,0
DA:27,0
DA:32,0
DA:34,0
DA:35,0
DA:45,0
DA:46,0
DA:47,0
DA:50,0
DA:51,0
DA:52,0
DA:53,0
DA:54,0
DA:62,0
DA:63,0
DA:65,0
DA:66,0
DA:69,0
DA:70,0
DA:73,0
DA:74,0
DA:77,0
DA:78,0
DA:81,0
DA:82,0
DA:85,0
DA:86,0
DA:89,0
DA:91,0
DA:94,0
DA:95,0
DA:98,0
DA:100,0
DA:101,0
DA:104,0
DA:109,0
DA:110,0
DA:117,0
DA:118,0
DA:120,0
DA:121,0
DA:124,0
DA:126,0
DA:127,0
DA:128,0
DA:129,0
DA:130,0
DA:132,0
DA:134,0
DA:138,0
DA:139,0
DA:148,0
DA:149,0
DA:152,0
DA:154,0
DA:156,0
DA:190,0
DA:195,0
DA:209,0
DA:213,0
DA:224,0
DA:229,0
DA:243,0
DA:263,0
DA:267,0
DA:280,0
DA:294,0
DA:307,0
DA:311,0
DA:322,0
DA:326,0
DA:345,0
DA:358,0
DA:371,0
DA:384,0
LF:76
LH:0
BRDA:51,0,0,0
BRDA:51,0,1,0
BRDA:51,1,0,0
BRDA:51,1,1,0
BRDA:53,2,0,0
BRDA:53,2,1,0
BRDA:65,3,0,0
BRDA:65,3,1,0
BRDA:69,4,0,0
BRDA:69,4,1,0
BRDA:69,5,0,0
BRDA:69,5,1,0
BRDA:73,6,0,0
BRDA:73,6,1,0
BRDA:73,7,0,0
BRDA:73,7,1,0
BRDA:77,8,0,0
BRDA:77,8,1,0
BRDA:77,9,0,0
BRDA:77,9,1,0
BRDA:81,10,0,0
BRDA:81,10,1,0
BRDA:85,11,0,0
BRDA:85,11,1,0
BRDA:89,12,0,0
BRDA:89,12,1,0
BRDA:89,13,0,0
BRDA:89,13,1,0
BRDA:89,13,2,0
BRDA:100,14,0,0
BRDA:100,14,1,0
BRDA:109,15,0,0
BRDA:109,15,1,0
BRDA:120,16,0,0
BRDA:120,16,1,0
BRDA:132,17,0,0
BRDA:132,17,1,0
BRDA:152,18,0,0
BRDA:152,18,1,0
BRDA:189,19,0,0
BRDA:189,19,1,0
BRDA:191,20,0,0
BRDA:191,20,1,0
BRDA:200,21,0,0
BRDA:200,21,1,0
BRDA:223,22,0,0
BRDA:223,22,1,0
BRDA:242,23,0,0
BRDA:242,23,1,0
BRDA:279,24,0,0
BRDA:279,24,1,0
BRDA:281,25,0,0
BRDA:281,25,1,0
BRDA:283,26,0,0
BRDA:283,26,1,0
BRDA:293,27,0,0
BRDA:293,27,1,0
BRDA:295,28,0,0
BRDA:295,28,1,0
BRDA:298,29,0,0
BRDA:298,29,1,0
BRDA:344,30,0,0
BRDA:344,30,1,0
BRDA:346,31,0,0
BRDA:346,31,1,0
BRDA:348,32,0,0
BRDA:348,32,1,0
BRDA:357,33,0,0
BRDA:357,33,1,0
BRDA:359,34,0,0
BRDA:359,34,1,0
BRDA:361,35,0,0
BRDA:361,35,1,0
BRDA:370,36,0,0
BRDA:370,36,1,0
BRDA:383,37,0,0
BRDA:383,37,1,0
BRDA:391,38,0,0
BRDA:391,38,1,0
BRDA:411,39,0,0
BRDA:411,39,1,0
BRF:81
BRH:0
end_of_record
TN:
SF:src\components\bond\BondDetailView.tsx
FN:9,(anonymous_0)
FN:21,(anonymous_1)
FN:26,(anonymous_2)
FN:39,(anonymous_3)
FN:55,(anonymous_4)
FN:64,(anonymous_5)
FN:68,(anonymous_6)
FN:105,(anonymous_7)
FN:128,(anonymous_8)
FN:138,(anonymous_9)
FN:254,(anonymous_10)
FN:266,(anonymous_11)
FN:278,(anonymous_12)
FNF:13
FNH:0
FNDA:0,(anonymous_0)
FNDA:0,(anonymous_1)
FNDA:0,(anonymous_2)
FNDA:0,(anonymous_3)
FNDA:0,(anonymous_4)
FNDA:0,(anonymous_5)
FNDA:0,(anonymous_6)
FNDA:0,(anonymous_7)
FNDA:0,(anonymous_8)
FNDA:0,(anonymous_9)
FNDA:0,(anonymous_10)
FNDA:0,(anonymous_11)
FNDA:0,(anonymous_12)
DA:9,0
DA:10,0
DA:11,0
DA:12,0
DA:13,0
DA:14,0
DA:17,0
DA:18,0
DA:19,0
DA:21,0
DA:22,0
DA:26,0
DA:27,0
DA:28,0
DA:29,0
DA:30,0
DA:31,0
DA:33,0
DA:35,0
DA:39,0
DA:40,0
DA:42,0
DA:43,0
DA:49,0
DA:51,0
DA:55,0
DA:56,0
DA:64,0
DA:65,0
DA:68,0
DA:69,0
DA:72,0
DA:73,0
DA:85,0
DA:86,0
DA:101,0
DA:103,0
DA:105,0
DA:128,0
DA:138,0
DA:254,0
DA:266,0
DA:278,0
LF:43
LH:0
BRDA:33,0,0,0
BRDA:33,0,1,0
BRDA:40,1,0,0
BRDA:40,1,1,0
BRDA:51,2,0,0
BRDA:51,2,1,0
BRDA:55,3,0,0
BRDA:72,4,0,0
BRDA:72,4,1,0
BRDA:85,5,0,0
BRDA:85,5,1,0
BRDA:85,6,0,0
BRDA:85,6,1,0
BRDA:101,7,0,0
BRDA:101,7,1,0
BRDA:112,8,0,0
BRDA:112,8,1,0
BRDA:130,9,0,0
BRDA:130,9,1,0
BRDA:140,10,0,0
BRDA:140,10,1,0
BRDA:152,11,0,0
BRDA:152,11,1,0
BRDA:167,12,0,0
BRDA:167,12,1,0
BRDA:168,13,0,0
BRDA:168,13,1,0
BRDA:173,14,0,0
BRDA:173,14,1,0
BRDA:177,15,0,0
BRDA:177,15,1,0
BRDA:199,16,0,0
BRDA:199,16,1,0
BRDA:200,17,0,0
BRDA:200,17,1,0
BRDA:206,18,0,0
BRDA:206,18,1,0
BRDA:228,19,0,0
BRDA:228,19,1,0
BRDA:232,20,0,0
BRDA:232,20,1,0
BRDA:239,21,0,0
BRDA:239,21,1,0
BRDA:292,22,0,0
BRDA:292,22,1,0
BRDA:301,23,0,0
BRDA:301,23,1,0
BRDA:307,24,0,0
BRDA:307,24,1,0
BRDA:313,25,0,0
BRDA:313,25,1,0
BRDA:326,26,0,0
BRDA:326,26,1,0
BRDA:332,27,0,0
BRDA:332,27,1,0
BRDA:338,28,0,0
BRDA:338,28,1,0
BRDA:351,29,0,0
BRDA:351,29,1,0
BRDA:357,30,0,0
BRDA:357,30,1,0
BRDA:370,31,0,0
BRDA:370,31,1,0
BRDA:377,32,0,0
BRDA:377,32,1,0
BRDA:384,33,0,0
BRDA:384,33,1,0
BRDA:393,34,0,0
BRDA:393,34,1,0
BRF:69
BRH:0
end_of_record
TN:
SF:src\components\bond\BondList.tsx
FN:6,(anonymous_0)
FN:13,(anonymous_1)
FN:17,(anonymous_2)
FN:30,(anonymous_3)
FN:31,(anonymous_4)
FN:34,(anonymous_5)
FN:43,(anonymous_6)
FN:94,(anonymous_7)
FN:152,(anonymous_8)
FN:183,(anonymous_9)
FN:199,(anonymous_10)
FN:206,(anonymous_11)
FNF:12
FNH:0
FNDA:0,(anonymous_0)
FNDA:0,(anonymous_1)
FNDA:0,(anonymous_2)
FNDA:0,(anonymous_3)
FNDA:0,(anonymous_4)
FNDA:0,(anonymous_5)
FNDA:0,(anonymous_6)
FNDA:0,(anonymous_7)
FNDA:0,(anonymous_8)
FNDA:0,(anonymous_9)
FNDA:0,(anonymous_10)
FNDA:0,(anonymous_11)
DA:6,0
DA:7,0
DA:8,0
DA:9,0
DA:10,0
DA:11,0
DA:13,0
DA:14,0
DA:17,0
DA:18,0
DA:19,0
DA:20,0
DA:21,0
DA:22,0
DA:24,0
DA:26,0
DA:30,0
DA:31,0
DA:34,0
DA:35,0
DA:43,0
DA:44,0
DA:47,0
DA:48,0
DA:55,0
DA:56,0
DA:83,0
DA:94,0
DA:153,0
DA:183,0
DA:199,0
DA:206,0
LF:32
LH:0
BRDA:24,0,0,0
BRDA:24,0,1,0
BRDA:47,1,0,0
BRDA:47,1,1,0
BRDA:55,2,0,0
BRDA:55,2,1,0
BRDA:91,3,0,0
BRDA:91,3,1,0
BRDA:104,4,0,0
BRDA:104,4,1,0
BRDA:156,5,0,0
BRDA:156,5,1,0
BRDA:164,6,0,0
BRDA:164,6,1,0
BRDA:165,7,0,0
BRDA:165,7,1,0
BRDA:203,8,0,0
BRDA:203,8,1,0
BRF:18
BRH:0
end_of_record
TN:
SF:src\components\bond\BondPage.tsx
FN:4,(anonymous_0)
FNF:1
FNH:0
FNDA:0,(anonymous_0)
DA:4,0
DA:5,0
LF:2
LH:0
BRF:0
BRH:0
end_of_record
TN:
SF:src\components\cds-blotter\CDSBlotter.tsx
FN:15,(anonymous_0)
FN:26,(anonymous_1)
FN:31,(anonymous_2)
FN:35,(anonymous_3)
FN:50,(anonymous_4)
FN:57,(anonymous_5)
FN:83,(anonymous_6)
FN:89,(anonymous_7)
FN:106,(anonymous_8)
FN:114,(anonymous_9)
FN:121,(anonymous_10)
FN:129,(anonymous_11)
FN:262,(anonymous_12)
FN:265,(anonymous_13)
FN:302,(anonymous_14)
FN:304,(anonymous_15)
FN:338,(anonymous_16)
FN:357,(anonymous_17)
FN:378,(anonymous_18)
FNF:19
FNH:0
FNDA:0,(anonymous_0)
FNDA:0,(anonymous_1)
FNDA:0,(anonymous_2)
FNDA:0,(anonymous_3)
FNDA:0,(anonymous_4)
FNDA:0,(anonymous_5)
FNDA:0,(anonymous_6)
FNDA:0,(anonymous_7)
FNDA:0,(anonymous_8)
FNDA:0,(anonymous_9)
FNDA:0,(anonymous_10)
FNDA:0,(anonymous_11)
FNDA:0,(anonymous_12)
FNDA:0,(anonymous_13)
FNDA:0,(anonymous_14)
FNDA:0,(anonymous_15)
FNDA:0,(anonymous_16)
FNDA:0,(anonymous_17)
FNDA:0,(anonymous_18)
DA:15,0
DA:16,0
DA:17,0
DA:18,0
DA:19,0
DA:20,0
DA:21,0
DA:22,0
DA:23,0
DA:24,0
DA:26,0
DA:27,0
DA:31,0
DA:35,0
DA:36,0
DA:37,0
DA:38,0
DA:39,0
DA:40,0
DA:42,0
DA:43,0
DA:44,0
DA:46,0
DA:50,0
DA:51,0
DA:52,0
DA:53,0
DA:57,0
DA:58,0
DA:60,0
DA:62,0
DA:63,0
DA:64,0
DA:66,0
DA:67,0
DA:69,0
DA:73,0
DA:75,0
DA:76,0
DA:77,0
DA:79,0
DA:83,0
DA:84,0
DA:85,0
DA:86,0
DA:89,0
DA:90,0
DA:91,0
DA:99,0
DA:100,0
DA:101,0
DA:104,0
DA:105,0
DA:106,0
DA:108,0
DA:109,0
DA:110,0
DA:114,0
DA:115,0
DA:121,0
DA:122,0
DA:129,0
DA:130,0
DA:132,0
DA:134,0
DA:136,0
DA:138,0
DA:141,0
DA:143,0
DA:147,0
DA:148,0
DA:155,0
DA:156,0
DA:183,0
DA:184,0
DA:206,0
DA:263,0
DA:265,0
DA:302,0
DA:304,0
DA:338,0
DA:358,0
DA:359,0
DA:378,0
DA:392,0
LF:85
LH:0
BRDA:42,0,0,0
BRDA:42,0,1,0
BRDA:52,1,0,0
BRDA:52,1,1,0
BRDA:60,2,0,0
BRDA:60,2,1,0
BRDA:66,3,0,0
BRDA:66,3,1,0
BRDA:75,4,0,0
BRDA:75,4,1,0
BRDA:108,5,0,0
BRDA:108,5,1,0
BRDA:117,6,0,0
BRDA:117,6,1,0
BRDA:130,7,0,0
BRDA:130,7,1,0
BRDA:130,7,2,0
BRDA:130,7,3,0
BRDA:130,7,4,0
BRDA:130,7,5,0
BRDA:130,7,6,0
BRDA:147,8,0,0
BRDA:147,8,1,0
BRDA:155,9,0,0
BRDA:155,9,1,0
BRDA:183,10,0,0
BRDA:183,10,1,0
BRDA:213,11,0,0
BRDA:213,11,1,0
BRDA:267,12,0,0
BRDA:267,12,1,0
BRDA:280,13,0,0
BRDA:280,13,1,0
BRDA:281,14,0,0
BRDA:281,14,1,0
BRDA:305,15,0,0
BRDA:305,15,1,0
BRDA:307,16,0,0
BRDA:307,16,1,0
BRDA:312,17,0,0
BRDA:312,17,1,0
BRDA:317,18,0,0
BRDA:317,18,1,0
BRDA:365,19,0,0
BRDA:365,19,1,0
BRF:45
BRH:0
end_of_record
TN:
SF:src\components\cds-trade-form\CDSTradeForm.tsx
FN:24,(anonymous_0)
FN:43,(anonymous_1)
FN:44,(anonymous_2)
FN:65,(anonymous_3)
FN:124,(anonymous_4)
FN:125,(anonymous_5)
FN:148,(anonymous_6)
FN:156,(anonymous_7)
FN:162,(anonymous_8)
FN:167,(anonymous_9)
FN:176,(anonymous_10)
FN:191,(anonymous_11)
FN:210,(anonymous_12)
FN:218,(anonymous_13)
FN:226,(anonymous_14)
FN:228,(anonymous_15)
FN:231,(anonymous_16)
FN:302,(anonymous_17)
FN:306,(anonymous_18)
FN:323,(anonymous_19)
FN:327,(anonymous_20)
FN:344,(anonymous_21)
FN:347,(anonymous_22)
FN:365,(anonymous_23)
FN:374,(anonymous_24)
FN:417,(anonymous_25)
FN:436,(anonymous_26)
FN:454,(anonymous_27)
FN:468,(anonymous_28)
FN:471,(anonymous_29)
FN:489,(anonymous_30)
FN:504,(anonymous_31)
FN:519,(anonymous_32)
FN:536,(anonymous_33)
FN:539,(anonymous_34)
FN:553,(anonymous_35)
FN:556,(anonymous_36)
FN:571,(anonymous_37)
FN:588,(anonymous_38)
FN:591,(anonymous_39)
FN:605,(anonymous_40)
FN:609,(anonymous_41)
FN:623,(anonymous_42)
FN:626,(anonymous_43)
FN:646,(anonymous_44)
FNF:45
FNH:0
FNDA:0,(anonymous_0)
FNDA:0,(anonymous_1)
FNDA:0,(anonymous_2)
FNDA:0,(anonymous_3)
FNDA:0,(anonymous_4)
FNDA:0,(anonymous_5)
FNDA:0,(anonymous_6)
FNDA:0,(anonymous_7)
FNDA:0,(anonymous_8)
FNDA:0,(anonymous_9)
FNDA:0,(anonymous_10)
FNDA:0,(anonymous_11)
FNDA:0,(anonymous_12)
FNDA:0,(anonymous_13)
FNDA:0,(anonymous_14)
FNDA:0,(anonymous_15)
FNDA:0,(anonymous_16)
FNDA:0,(anonymous_17)
FNDA:0,(anonymous_18)
FNDA:0,(anonymous_19)
FNDA:0,(anonymous_20)
FNDA:0,(anonymous_21)
FNDA:0,(anonymous_22)
FNDA:0,(anonymous_23)
FNDA:0,(anonymous_24)
FNDA:0,(anonymous_25)
FNDA:0,(anonymous_26)
FNDA:0,(anonymous_27)
FNDA:0,(anonymous_28)
FNDA:0,(anonymous_29)
FNDA:0,(anonymous_30)
FNDA:0,(anonymous_31)
FNDA:0,(anonymous_32)
FNDA:0,(anonymous_33)
FNDA:0,(anonymous_34)
FNDA:0,(anonymous_35)
FNDA:0,(anonymous_36)
FNDA:0,(anonymous_37)
FNDA:0,(anonymous_38)
FNDA:0,(anonymous_39)
FNDA:0,(anonymous_40)
FNDA:0,(anonymous_41)
FNDA:0,(anonymous_42)
FNDA:0,(anonymous_43)
FNDA:0,(anonymous_44)
DA:24,0
DA:25,0
DA:37,0
DA:38,0
DA:39,0
DA:40,0
DA:43,0
DA:44,0
DA:45,0
DA:46,0
DA:47,0
DA:50,0
DA:51,0
DA:52,0
DA:53,0
DA:55,0
DA:56,0
DA:58,0
DA:62,0
DA:65,0
DA:66,0
DA:69,0
DA:70,0
DA:73,0
DA:74,0
DA:77,0
DA:78,0
DA:81,0
DA:82,0
DA:85,0
DA:86,0
DA:89,0
DA:90,0
DA:93,0
DA:94,0
DA:97,0
DA:98,0
DA:101,0
DA:102,0
DA:105,0
DA:106,0
DA:110,0
DA:112,0
DA:115,0
DA:117,0
DA:120,0
DA:121,0
DA:124,0
DA:125,0
DA:126,0
DA:129,0
DA:130,0
DA:132,0
DA:136,0
DA:137,0
DA:140,0
DA:147,0
DA:148,0
DA:156,0
DA:157,0
DA:158,0
DA:162,0
DA:163,0
DA:167,0
DA:168,0
DA:169,0
DA:171,0
DA:172,0
DA:176,0
DA:177,0
DA:179,0
DA:180,0
DA:183,0
DA:186,0
DA:187,0
DA:191,0
DA:192,0
DA:193,0
DA:196,0
DA:210,0
DA:211,0
DA:212,0
DA:213,0
DA:215,0
DA:218,0
DA:219,0
DA:220,0
DA:221,0
DA:223,0
DA:226,0
DA:228,0
DA:231,0
DA:232,0
DA:233,0
DA:234,0
DA:235,0
DA:237,0
DA:238,0
DA:245,0
DA:248,0
DA:249,0
DA:250,0
DA:251,0
DA:252,0
DA:255,0
DA:258,0
DA:261,0
DA:262,0
DA:264,0
DA:283,0
DA:284,0
DA:287,0
DA:302,0
DA:307,0
DA:323,0
DA:328,0
DA:344,0
DA:348,0
DA:365,0
DA:375,0
DA:417,0
DA:436,0
DA:454,0
DA:468,0
DA:472,0
DA:489,0
DA:504,0
DA:519,0
DA:536,0
DA:540,0
DA:553,0
DA:557,0
DA:571,0
DA:588,0
DA:592,0
DA:605,0
DA:610,0
DA:623,0
DA:627,0
DA:647,0
DA:657,0
LF:141
LH:0
BRDA:45,0,0,0
BRDA:45,0,1,0
BRDA:69,1,0,0
BRDA:69,1,1,0
BRDA:73,2,0,0
BRDA:73,2,1,0
BRDA:73,3,0,0
BRDA:73,3,1,0
BRDA:77,4,0,0
BRDA:77,4,1,0
BRDA:77,5,0,0
BRDA:77,5,1,0
BRDA:81,6,0,0
BRDA:81,6,1,0
BRDA:81,7,0,0
BRDA:81,7,1,0
BRDA:85,8,0,0
BRDA:85,8,1,0
BRDA:85,9,0,0
BRDA:85,9,1,0
BRDA:85,9,2,0
BRDA:89,10,0,0
BRDA:89,10,1,0
BRDA:93,11,0,0
BRDA:93,11,1,0
BRDA:97,12,0,0
BRDA:97,12,1,0
BRDA:101,13,0,0
BRDA:101,13,1,0
BRDA:105,14,0,0
BRDA:105,14,1,0
BRDA:110,15,0,0
BRDA:110,15,1,0
BRDA:110,16,0,0
BRDA:110,16,1,0
BRDA:110,16,2,0
BRDA:115,17,0,0
BRDA:115,17,1,0
BRDA:115,18,0,0
BRDA:115,18,1,0
BRDA:115,18,2,0
BRDA:129,19,0,0
BRDA:129,19,1,0
BRDA:130,20,0,0
BRDA:130,20,1,0
BRDA:136,21,0,0
BRDA:136,21,1,0
BRDA:136,22,0,0
BRDA:136,22,1,0
BRDA:147,23,0,0
BRDA:147,23,1,0
BRDA:157,24,0,0
BRDA:157,24,1,0
BRDA:157,25,0,0
BRDA:157,25,1,0
BRDA:163,26,0,0
BRDA:163,26,1,0
BRDA:171,27,0,0
BRDA:171,27,1,0
BRDA:171,28,0,0
BRDA:171,28,1,0
BRDA:172,29,0,0
BRDA:172,29,1,0
BRDA:179,30,0,0
BRDA:179,30,1,0
BRDA:186,31,0,0
BRDA:186,31,1,0
BRDA:186,32,0,0
BRDA:186,32,1,0
BRDA:215,33,0,0
BRDA:215,33,1,0
BRDA:223,34,0,0
BRDA:223,34,1,0
BRDA:270,35,0,0
BRDA:270,35,1,0
BRDA:277,36,0,0
BRDA:277,36,1,0
BRDA:301,37,0,0
BRDA:301,37,1,0
BRDA:312,38,0,0
BRDA:312,38,1,0
BRDA:322,39,0,0
BRDA:322,39,1,0
BRDA:333,40,0,0
BRDA:333,40,1,0
BRDA:343,41,0,0
BRDA:343,41,1,0
BRDA:357,42,0,0
BRDA:357,42,1,0
BRDA:364,43,0,0
BRDA:364,43,1,0
BRDA:365,44,0,0
BRDA:365,44,1,0
BRDA:370,45,0,0
BRDA:370,45,1,0
BRDA:371,46,0,0
BRDA:371,46,1,0
BRDA:371,46,2,0
BRDA:374,47,0,0
BRDA:374,47,1,0
BRDA:376,48,0,0
BRDA:376,48,1,0
BRDA:403,49,0,0
BRDA:403,49,1,0
BRDA:416,50,0,0
BRDA:416,50,1,0
BRDA:421,51,0,0
BRDA:421,51,1,0
BRDA:435,52,0,0
BRDA:435,52,1,0
BRDA:440,53,0,0
BRDA:440,53,1,0
BRDA:453,54,0,0
BRDA:453,54,1,0
BRDA:467,55,0,0
BRDA:467,55,1,0
BRDA:488,56,0,0
BRDA:488,56,1,0
BRDA:492,57,0,0
BRDA:492,57,1,0
BRDA:503,58,0,0
BRDA:503,58,1,0
BRDA:507,59,0,0
BRDA:507,59,1,0
BRDA:518,60,0,0
BRDA:518,60,1,0
BRDA:522,61,0,0
BRDA:522,61,1,0
BRDA:535,62,0,0
BRDA:535,62,1,0
BRDA:552,63,0,0
BRDA:552,63,1,0
BRDA:570,64,0,0
BRDA:570,64,1,0
BRDA:574,65,0,0
BRDA:574,65,1,0
BRDA:587,66,0,0
BRDA:587,66,1,0
BRDA:604,67,0,0
BRDA:604,67,1,0
BRDA:622,68,0,0
BRDA:622,68,1,0
BRDA:668,69,0,0
BRDA:668,69,1,0
BRF:144
BRH:0
end_of_record
TN:
SF:src\components\confirmation-modal\ConfirmationModal.tsx
FN:10,(anonymous_0)
FN:13,(anonymous_1)
FN:20,(anonymous_2)
FN:28,(anonymous_3)
FNF:4
FNH:0
FNDA:0,(anonymous_0)
FNDA:0,(anonymous_1)
FNDA:0,(anonymous_2)
FNDA:0,(anonymous_3)
DA:10,0
DA:11,0
DA:13,0
DA:14,0
DA:20,0
DA:21,0
DA:28,0
DA:29,0
DA:35,0
DA:38,0
LF:10
LH:0
BRDA:11,0,0,0
BRDA:11,0,1,0
BRDA:11,1,0,0
BRDA:11,1,1,0
BRDA:16,2,0,0
BRDA:16,2,1,0
BRDA:35,3,0,0
BRDA:35,3,1,0
BRDA:86,4,0,0
BRDA:86,4,1,0
BRDA:87,5,0,0
BRDA:87,5,1,0
BRDA:92,6,0,0
BRDA:92,6,1,0
BRDA:93,7,0,0
BRDA:93,7,1,0
BRDA:132,8,0,0
BRDA:132,8,1,0
BRF:18
BRH:0
end_of_record
TN:
SF:src\components\credit-event-modal\CreditEventModal.tsx
FN:24,(anonymous_0)
FN:33,(anonymous_1)
FN:39,(anonymous_2)
FN:40,(anonymous_3)
FN:64,(anonymous_4)
FN:91,(anonymous_5)
FN:115,(anonymous_6)
FN:116,(anonymous_7)
FN:123,(anonymous_8)
FN:174,(anonymous_9)
FN:180,(anonymous_10)
FN:199,(anonymous_11)
FN:218,(anonymous_12)
FN:236,(anonymous_13)
FN:242,(anonymous_14)
FN:260,(anonymous_15)
FNF:16
FNH:0
FNDA:0,(anonymous_0)
FNDA:0,(anonymous_1)
FNDA:0,(anonymous_2)
FNDA:0,(anonymous_3)
FNDA:0,(anonymous_4)
FNDA:0,(anonymous_5)
FNDA:0,(anonymous_6)
FNDA:0,(anonymous_7)
FNDA:0,(anonymous_8)
FNDA:0,(anonymous_9)
FNDA:0,(anonymous_10)
FNDA:0,(anonymous_11)
FNDA:0,(anonymous_12)
FNDA:0,(anonymous_13)
FNDA:0,(anonymous_14)
FNDA:0,(anonymous_15)
DA:24,0
DA:33,0
DA:34,0
DA:35,0
DA:39,0
DA:40,0
DA:41,0
DA:44,0
DA:52,0
DA:54,0
DA:59,0
DA:64,0
DA:65,0
DA:67,0
DA:68,0
DA:71,0
DA:72,0
DA:73,0
DA:74,0
DA:77,0
DA:78,0
DA:79,0
DA:80,0
DA:83,0
DA:84,0
DA:87,0
DA:88,0
DA:91,0
DA:92,0
DA:94,0
DA:95,0
DA:98,0
DA:99,0
DA:101,0
DA:108,0
DA:109,0
DA:111,0
DA:115,0
DA:116,0
DA:122,0
DA:123,0
DA:130,0
DA:132,0
DA:174,0
DA:181,0
DA:199,0
DA:218,0
DA:236,0
DA:243,0
DA:260,0
LF:50
LH:0
BRDA:30,0,0,0
BRDA:41,1,0,0
BRDA:41,1,1,0
BRDA:67,2,0,0
BRDA:67,2,1,0
BRDA:71,3,0,0
BRDA:71,3,1,0
BRDA:73,4,0,0
BRDA:73,4,1,0
BRDA:77,5,0,0
BRDA:77,5,1,0
BRDA:79,6,0,0
BRDA:79,6,1,0
BRDA:79,7,0,0
BRDA:79,7,1,0
BRDA:83,8,0,0
BRDA:83,8,1,0
BRDA:94,9,0,0
BRDA:94,9,1,0
BRDA:122,10,0,0
BRDA:122,10,1,0
BRDA:130,11,0,0
BRDA:130,11,1,0
BRDA:151,12,0,0
BRDA:151,12,1,0
BRDA:176,13,0,0
BRDA:176,13,1,0
BRDA:186,14,0,0
BRDA:186,14,1,0
BRDA:201,15,0,0
BRDA:201,15,1,0
BRDA:205,16,0,0
BRDA:205,16,1,0
BRDA:220,17,0,0
BRDA:220,17,1,0
BRDA:224,18,0,0
BRDA:224,18,1,0
BRDA:238,19,0,0
BRDA:238,19,1,0
BRDA:248,20,0,0
BRDA:248,20,1,0
BRDA:282,21,0,0
BRDA:282,21,1,0
BRF:43
BRH:0
end_of_record
TN:
SF:src\components\dashboard\MarginDashboard.tsx
FN:43,(anonymous_0)
FN:57,(anonymous_1)
FN:61,(anonymous_2)
FN:80,(anonymous_3)
FN:97,(anonymous_4)
FN:105,(anonymous_5)
FN:122,(anonymous_6)
FN:151,(anonymous_7)
FN:155,(anonymous_8)
FN:210,(anonymous_9)
FN:223,(anonymous_10)
FN:226,(anonymous_11)
FN:235,(anonymous_12)
FN:256,(anonymous_13)
FN:260,(anonymous_14)
FN:338,(anonymous_15)
FN:395,(anonymous_16)
FNF:17
FNH:0
FNDA:0,(anonymous_0)
FNDA:0,(anonymous_1)
FNDA:0,(anonymous_2)
FNDA:0,(anonymous_3)
FNDA:0,(anonymous_4)
FNDA:0,(anonymous_5)
FNDA:0,(anonymous_6)
FNDA:0,(anonymous_7)
FNDA:0,(anonymous_8)
FNDA:0,(anonymous_9)
FNDA:0,(anonymous_10)
FNDA:0,(anonymous_11)
FNDA:0,(anonymous_12)
FNDA:0,(anonymous_13)
FNDA:0,(anonymous_14)
FNDA:0,(anonymous_15)
FNDA:0,(anonymous_16)
DA:43,0
DA:47,0
DA:48,0
DA:49,0
DA:50,0
DA:51,0
DA:52,0
DA:53,0
DA:55,0
DA:57,0
DA:58,0
DA:61,0
DA:62,0
DA:63,0
DA:64,0
DA:66,0
DA:67,0
DA:68,0
DA:71,0
DA:72,0
DA:74,0
DA:76,0
DA:80,0
DA:81,0
DA:82,0
DA:83,0
DA:84,0
DA:85,0
DA:87,0
DA:88,0
DA:90,0
DA:91,0
DA:93,0
DA:97,0
DA:98,0
DA:99,0
DA:100,0
DA:101,0
DA:102,0
DA:105,0
DA:106,0
DA:108,0
DA:110,0
DA:112,0
DA:114,0
DA:116,0
DA:118,0
DA:122,0
DA:123,0
DA:125,0
DA:131,0
DA:135,0
DA:141,0
DA:147,0
DA:151,0
DA:152,0
DA:155,0
DA:156,0
DA:157,0
DA:158,0
DA:162,0
DA:163,0
DA:170,0
DA:171,0
DA:192,0
DA:210,0
DA:224,0
DA:226,0
DA:235,0
DA:257,0
DA:260,0
DA:338,0
DA:396,0
LF:73
LH:0
BRDA:67,0,0,0
BRDA:67,0,1,0
BRDA:74,1,0,0
BRDA:74,1,1,0
BRDA:84,2,0,0
BRDA:84,2,1,0
BRDA:98,3,0,0
BRDA:98,3,1,0
BRDA:106,4,0,0
BRDA:106,4,1,0
BRDA:106,4,2,0
BRDA:106,4,3,0
BRDA:106,4,4,0
BRDA:106,4,5,0
BRDA:123,5,0,0
BRDA:123,5,1,0
BRDA:123,5,2,0
BRDA:123,5,3,0
BRDA:123,5,4,0
BRDA:152,6,0,0
BRDA:152,6,1,0
BRDA:157,7,0,0
BRDA:157,7,1,0
BRDA:162,8,0,0
BRDA:162,8,1,0
BRDA:170,9,0,0
BRDA:170,9,1,0
BRDA:228,10,0,0
BRDA:228,10,1,0
BRDA:235,11,0,0
BRDA:235,11,1,0
BRDA:244,12,0,0
BRDA:244,12,1,0
BRDA:251,13,0,0
BRDA:251,13,1,0
BRDA:287,14,0,0
BRDA:287,14,1,0
BRDA:289,15,0,0
BRDA:289,15,1,0
BRDA:292,16,0,0
BRDA:292,16,1,0
BRDA:297,17,0,0
BRDA:297,17,1,0
BRDA:305,18,0,0
BRDA:305,18,1,0
BRDA:320,19,0,0
BRDA:320,19,1,0
BRDA:332,20,0,0
BRDA:332,20,1,0
BRDA:371,21,0,0
BRDA:371,21,1,0
BRDA:377,22,0,0
BRDA:377,22,1,0
BRDA:381,23,0,0
BRDA:381,23,1,0
BRDA:401,24,0,0
BRDA:401,24,1,0
BRDA:402,25,0,0
BRDA:402,25,1,0
BRDA:405,26,0,0
BRDA:405,26,1,0
BRDA:422,27,0,0
BRDA:422,27,1,0
BRF:63
BRH:0
end_of_record
TN:
SF:src\components\dashboard\ReconciliationDashboard.tsx
FN:63,(anonymous_0)
FN:71,(anonymous_1)
FN:105,(anonymous_2)
FN:110,(anonymous_3)
FN:114,(anonymous_4)
FN:119,(anonymous_5)
FN:127,(anonymous_6)
FN:133,(anonymous_7)
FN:142,(anonymous_8)
FN:146,(anonymous_9)
FN:208,(anonymous_10)
FN:217,(anonymous_11)
FN:249,(anonymous_12)
FN:252,(anonymous_13)
FN:340,(anonymous_14)
FN:366,(anonymous_15)
FNF:16
FNH:0
FNDA:0,(anonymous_0)
FNDA:0,(anonymous_1)
FNDA:0,(anonymous_2)
FNDA:0,(anonymous_3)
FNDA:0,(anonymous_4)
FNDA:0,(anonymous_5)
FNDA:0,(anonymous_6)
FNDA:0,(anonymous_7)
FNDA:0,(anonymous_8)
FNDA:0,(anonymous_9)
FNDA:0,(anonymous_10)
FNDA:0,(anonymous_11)
FNDA:0,(anonymous_12)
FNDA:0,(anonymous_13)
FNDA:0,(anonymous_14)
FNDA:0,(anonymous_15)
DA:63,0
DA:64,0
DA:65,0
DA:66,0
DA:67,0
DA:68,0
DA:69,0
DA:71,0
DA:72,0
DA:73,0
DA:74,0
DA:76,0
DA:77,0
DA:86,0
DA:87,0
DA:90,0
DA:92,0
DA:93,0
DA:95,0
DA:98,0
DA:99,0
DA:101,0
DA:105,0
DA:106,0
DA:110,0
DA:113,0
DA:114,0
DA:115,0
DA:119,0
DA:120,0
DA:121,0
DA:127,0
DA:128,0
DA:129,0
DA:130,0
DA:133,0
DA:134,0
DA:135,0
DA:136,0
DA:138,0
DA:139,0
DA:142,0
DA:143,0
DA:146,0
DA:147,0
DA:150,0
DA:151,0
DA:161,0
DA:162,0
DA:181,0
DA:208,0
DA:217,0
DA:250,0
DA:252,0
DA:341,0
DA:342,0
DA:367,0
LF:57
LH:0
BRDA:76,0,0,0
BRDA:76,0,1,0
BRDA:86,1,0,0
BRDA:86,1,1,0
BRDA:92,2,0,0
BRDA:92,2,1,0
BRDA:95,3,0,0
BRDA:95,3,1,0
BRDA:99,4,0,0
BRDA:99,4,1,0
BRDA:113,5,0,0
BRDA:113,5,1,0
BRDA:120,6,0,0
BRDA:120,6,1,0
BRDA:128,7,0,0
BRDA:128,7,1,0
BRDA:129,8,0,0
BRDA:129,8,1,0
BRDA:138,9,0,0
BRDA:138,9,1,0
BRDA:150,10,0,0
BRDA:150,10,1,0
BRDA:150,11,0,0
BRDA:150,11,1,0
BRDA:161,12,0,0
BRDA:161,12,1,0
BRDA:219,13,0,0
BRDA:219,13,1,0
BRDA:223,14,0,0
BRDA:223,14,1,0
BRDA:235,15,0,0
BRDA:235,15,1,0
BRDA:254,16,0,0
BRDA:254,16,1,0
BRDA:267,17,0,0
BRDA:267,17,1,0
BRDA:267,17,2,0
BRDA:323,18,0,0
BRDA:323,18,1,0
BRDA:396,19,0,0
BRDA:396,19,1,0
BRDA:396,19,2,0
BRDA:403,20,0,0
BRDA:403,20,1,0
BRDA:403,20,2,0
BRDA:411,21,0,0
BRDA:411,21,1,0
BRDA:413,22,0,0
BRDA:413,22,1,0
BRDA:414,23,0,0
BRDA:414,23,1,0
BRDA:421,24,0,0
BRDA:421,24,1,0
BRDA:422,25,0,0
BRDA:422,25,1,0
BRF:55
BRH:0
end_of_record
TN:
SF:src\components\dashboard\SaCcrDashboard.tsx
FN:28,(anonymous_0)
FN:36,(anonymous_1)
FN:38,(anonymous_2)
FN:52,(anonymous_3)
FN:59,(anonymous_4)
FN:164,(anonymous_5)
FN:176,(anonymous_6)
FN:181,(anonymous_7)
FNF:8
FNH:0
FNDA:0,(anonymous_0)
FNDA:0,(anonymous_1)
FNDA:0,(anonymous_2)
FNDA:0,(anonymous_3)
FNDA:0,(anonymous_4)
FNDA:0,(anonymous_5)
FNDA:0,(anonymous_6)
FNDA:0,(anonymous_7)
DA:28,0
DA:33,0
DA:34,0
DA:36,0
DA:37,0
DA:38,0
DA:39,0
DA:41,0
DA:43,0
DA:45,0
DA:47,0
DA:52,0
DA:53,0
DA:54,0
DA:55,0
DA:56,0
DA:59,0
DA:60,0
DA:63,0
DA:164,0
DA:177,0
DA:181,0
LF:22
LH:0
BRDA:37,0,0,0
BRDA:37,0,1,0
BRDA:39,1,0,0
BRDA:39,1,1,0
BRDA:39,1,2,0
BRDA:39,1,3,0
BRDA:54,2,0,0
BRDA:54,2,1,0
BRDA:55,3,0,0
BRDA:55,3,1,0
BRDA:60,4,0,0
BRDA:60,4,1,0
BRDA:187,5,0,0
BRDA:187,5,1,0
BRDA:226,6,0,0
BRDA:226,6,1,0
BRDA:268,7,0,0
BRDA:268,7,1,0
BRF:18
BRH:0
end_of_record
TN:
SF:src\components\dashboard\SimmDashboard.tsx
FN:31,(anonymous_0)
FN:42,(anonymous_1)
FN:52,(anonymous_2)
FN:55,(anonymous_3)
FN:65,(anonymous_4)
FN:68,(anonymous_5)
FN:84,(anonymous_6)
FN:93,(anonymous_7)
FN:160,(anonymous_8)
FN:161,(anonymous_9)
FN:166,(anonymous_10)
FN:213,(anonymous_11)
FN:238,(anonymous_12)
FN:249,(anonymous_13)
FN:259,(anonymous_14)
FN:263,(anonymous_15)
FNF:16
FNH:0
FNDA:0,(anonymous_0)
FNDA:0,(anonymous_1)
FNDA:0,(anonymous_2)
FNDA:0,(anonymous_3)
FNDA:0,(anonymous_4)
FNDA:0,(anonymous_5)
FNDA:0,(anonymous_6)
FNDA:0,(anonymous_7)
FNDA:0,(anonymous_8)
FNDA:0,(anonymous_9)
FNDA:0,(anonymous_10)
FNDA:0,(anonymous_11)
FNDA:0,(anonymous_12)
FNDA:0,(anonymous_13)
FNDA:0,(anonymous_14)
FNDA:0,(anonymous_15)
DA:31,0
DA:36,0
DA:39,0
DA:40,0
DA:42,0
DA:43,0
DA:44,0
DA:45,0
DA:47,0
DA:49,0
DA:52,0
DA:53,0
DA:55,0
DA:56,0
DA:57,0
DA:58,0
DA:60,0
DA:61,0
DA:65,0
DA:66,0
DA:68,0
DA:69,0
DA:70,0
DA:71,0
DA:77,0
DA:78,0
DA:79,0
DA:80,0
DA:84,0
DA:85,0
DA:86,0
DA:87,0
DA:88,0
DA:89,0
DA:93,0
DA:94,0
DA:96,0
DA:102,0
DA:108,0
DA:114,0
DA:118,0
DA:161,0
DA:162,0
DA:167,0
DA:214,0
DA:238,0
DA:250,0
DA:260,0
DA:263,0
LF:49
LH:0
BRDA:37,0,0,0
BRDA:37,0,1,0
BRDA:44,1,0,0
BRDA:44,1,1,0
BRDA:53,2,0,0
BRDA:53,2,1,0
BRDA:56,3,0,0
BRDA:56,3,1,0
BRDA:57,4,0,0
BRDA:57,4,1,0
BRDA:66,5,0,0
BRDA:66,5,1,0
BRDA:70,6,0,0
BRDA:70,6,1,0
BRDA:85,7,0,0
BRDA:85,7,1,0
BRDA:85,7,2,0
BRDA:85,7,3,0
BRDA:94,8,0,0
BRDA:94,8,1,0
BRDA:94,8,2,0
BRDA:94,8,3,0
BRDA:145,9,0,0
BRDA:145,9,1,0
BRDA:159,10,0,0
BRDA:159,10,1,0
BRDA:162,11,0,0
BRDA:162,11,1,0
BRDA:174,12,0,0
BRDA:174,12,1,0
BRDA:220,13,0,0
BRDA:220,13,1,0
BRDA:254,14,0,0
BRDA:254,14,1,0
BRDA:269,15,0,0
BRDA:269,15,1,0
BRDA:279,16,0,0
BRDA:279,16,1,0
BRDA:298,17,0,0
BRDA:298,17,1,0
BRF:40
BRH:0
end_of_record
TN:
SF:src\components\lifecycle\AccrualHistoryPanel.tsx
FN:9,(anonymous_0)
FN:16,(anonymous_1)
FN:30,(anonymous_2)
FN:37,(anonymous_3)
FN:49,(anonymous_4)
FN:49,(anonymous_5)
FN:56,(anonymous_6)
FN:56,(anonymous_7)
FN:94,(anonymous_8)
FNF:9
FNH:0
FNDA:0,(anonymous_0)
FNDA:0,(anonymous_1)
FNDA:0,(anonymous_2)
FNDA:0,(anonymous_3)
FNDA:0,(anonymous_4)
FNDA:0,(anonymous_5)
FNDA:0,(anonymous_6)
FNDA:0,(anonymous_7)
FNDA:0,(anonymous_8)
DA:9,0
DA:10,0
DA:11,0
DA:12,0
DA:13,0
DA:14,0
DA:16,0
DA:17,0
DA:18,0
DA:19,0
DA:20,0
DA:21,0
DA:22,0
DA:24,0
DA:26,0
DA:30,0
DA:31,0
DA:32,0
DA:33,0
DA:37,0
DA:38,0
DA:41,0
DA:49,0
DA:56,0
DA:95,0
LF:25
LH:0
BRDA:17,0,0,0
BRDA:17,0,1,0
BRDA:17,1,0,0
BRDA:17,1,1,0
BRDA:24,2,0,0
BRDA:24,2,1,0
BRDA:61,3,0,0
BRDA:61,3,1,0
BRDA:68,4,0,0
BRDA:68,4,1,0
BRDA:74,5,0,0
BRDA:74,5,1,0
BRDA:77,6,0,0
BRDA:77,6,1,0
BRDA:78,7,0,0
BRDA:78,7,1,0
BRDA:78,7,2,0
BRDA:78,7,3,0
BRDA:78,7,4,0
BRDA:78,7,5,0
BRDA:81,8,0,0
BRDA:81,8,1,0
BRF:22
BRH:0
end_of_record
TN:
SF:src\components\lifecycle\AmendTradeModal.tsx
FN:17,(anonymous_0)
FN:27,(anonymous_1)
FN:27,(anonymous_2)
FN:28,(anonymous_3)
FN:29,(anonymous_4)
FN:29,(anonymous_5)
FN:31,(anonymous_6)
FN:31,(anonymous_7)
FN:31,(anonymous_8)
FN:33,(anonymous_9)
FN:38,(anonymous_10)
FN:38,(anonymous_11)
FN:76,(anonymous_12)
FN:85,(anonymous_13)
FN:102,(anonymous_14)
FN:109,(anonymous_15)
FN:114,(anonymous_16)
FN:121,(anonymous_17)
FN:126,(anonymous_18)
FNF:19
FNH:0
FNDA:0,(anonymous_0)
FNDA:0,(anonymous_1)
FNDA:0,(anonymous_2)
FNDA:0,(anonymous_3)
FNDA:0,(anonymous_4)
FNDA:0,(anonymous_5)
FNDA:0,(anonymous_6)
FNDA:0,(anonymous_7)
FNDA:0,(anonymous_8)
FNDA:0,(anonymous_9)
FNDA:0,(anonymous_10)
FNDA:0,(anonymous_11)
FNDA:0,(anonymous_12)
FNDA:0,(anonymous_13)
FNDA:0,(anonymous_14)
FNDA:0,(anonymous_15)
FNDA:0,(anonymous_16)
FNDA:0,(anonymous_17)
FNDA:0,(anonymous_18)
DA:17,0
DA:18,0
DA:19,0
DA:20,0
DA:21,0
DA:22,0
DA:23,0
DA:25,0
DA:27,0
DA:28,0
DA:29,0
DA:31,0
DA:33,0
DA:34,0
DA:35,0
DA:36,0
DA:37,0
DA:38,0
DA:39,0
DA:42,0
DA:49,0
DA:50,0
DA:51,0
DA:53,0
DA:55,0
DA:59,0
DA:76,0
DA:85,0
DA:102,0
DA:110,0
DA:114,0
DA:121,0
DA:126,0
LF:33
LH:0
BRDA:25,0,0,0
BRDA:25,0,1,0
BRDA:29,1,0,0
BRDA:29,1,1,0
BRDA:38,2,0,0
BRDA:38,2,1,0
BRDA:46,3,0,0
BRDA:46,3,1,0
BRDA:53,4,0,0
BRDA:53,4,1,0
BRDA:133,5,0,0
BRDA:133,5,1,0
BRDA:145,6,0,0
BRDA:145,6,1,0
BRF:14
BRH:0
end_of_record
TN:
SF:src\components\lifecycle\CashflowPanel.tsx
FN:21,(anonymous_0)
FN:26,(anonymous_1)
FN:44,(anonymous_2)
FN:49,(anonymous_3)
FN:69,(anonymous_4)
FN:100,(anonymous_5)
FN:107,(anonymous_6)
FN:115,(anonymous_7)
FN:125,(anonymous_8)
FN:159,(anonymous_9)
FN:165,(anonymous_10)
FN:171,(anonymous_11)
FN:194,(anonymous_12)
FNF:13
FNH:0
FNDA:0,(anonymous_0)
FNDA:0,(anonymous_1)
FNDA:0,(anonymous_2)
FNDA:0,(anonymous_3)
FNDA:0,(anonymous_4)
FNDA:0,(anonymous_5)
FNDA:0,(anonymous_6)
FNDA:0,(anonymous_7)
FNDA:0,(anonymous_8)
FNDA:0,(anonymous_9)
FNDA:0,(anonymous_10)
FNDA:0,(anonymous_11)
FNDA:0,(anonymous_12)
DA:21,0
DA:22,0
DA:23,0
DA:24,0
DA:26,0
DA:27,0
DA:28,0
DA:30,0
DA:31,0
DA:34,0
DA:36,0
DA:38,0
DA:40,0
DA:44,0
DA:45,0
DA:49,0
DA:50,0
DA:51,0
DA:52,0
DA:55,0
DA:56,0
DA:57,0
DA:69,0
DA:70,0
DA:71,0
DA:73,0
DA:74,0
DA:75,0
DA:76,0
DA:80,0
DA:81,0
DA:84,0
DA:100,0
DA:101,0
DA:104,0
DA:107,0
DA:108,0
DA:115,0
DA:116,0
DA:125,0
DA:126,0
DA:132,0
DA:133,0
DA:141,0
DA:159,0
DA:165,0
DA:171,0
DA:195,0
LF:48
LH:0
BRDA:52,0,0,0
BRDA:52,0,1,0
BRDA:55,1,0,0
BRDA:55,1,1,0
BRDA:73,2,0,0
BRDA:73,2,1,0
BRDA:73,3,0,0
BRDA:73,3,1,0
BRDA:75,4,0,0
BRDA:75,4,1,0
BRDA:80,5,0,0
BRDA:80,5,1,0
BRDA:80,6,0,0
BRDA:80,6,1,0
BRDA:87,7,0,0
BRDA:87,7,1,0
BRDA:87,8,0,0
BRDA:87,8,1,0
BRDA:89,9,0,0
BRDA:89,9,1,0
BRDA:90,10,0,0
BRDA:90,10,1,0
BRDA:91,11,0,0
BRDA:91,11,1,0
BRDA:93,12,0,0
BRDA:93,12,1,0
BRDA:94,13,0,0
BRDA:94,13,1,0
BRDA:128,14,0,0
BRDA:128,14,1,0
BRDA:132,15,0,0
BRDA:132,15,1,0
BRDA:165,16,0,0
BRDA:165,16,1,0
BRDA:171,17,0,0
BRDA:171,17,1,0
BRDA:176,18,0,0
BRDA:176,18,1,0
BRDA:229,19,0,0
BRDA:229,19,1,0
BRDA:232,20,0,0
BRDA:232,20,1,0
BRDA:234,21,0,0
BRDA:234,21,1,0
BRDA:239,22,0,0
BRDA:239,22,1,0
BRDA:240,23,0,0
BRDA:240,23,1,0
BRDA:253,24,0,0
BRDA:253,24,1,0
BRDA:261,25,0,0
BRDA:261,25,1,0
BRDA:264,26,0,0
BRDA:264,26,1,0
BRDA:285,27,0,0
BRDA:285,27,1,0
BRDA:288,28,0,0
BRDA:288,28,1,0
BRF:58
BRH:0
end_of_record
TN:
SF:src\components\lifecycle\CouponSchedulePanel.tsx
FN:10,(anonymous_0)
FN:15,(anonymous_1)
FN:28,(anonymous_2)
FN:41,(anonymous_3)
FN:42,(anonymous_4)
FN:91,(anonymous_5)
FNF:6
FNH:0
FNDA:0,(anonymous_0)
FNDA:0,(anonymous_1)
FNDA:0,(anonymous_2)
FNDA:0,(anonymous_3)
FNDA:0,(anonymous_4)
FNDA:0,(anonymous_5)
DA:10,0
DA:11,0
DA:12,0
DA:13,0
DA:15,0
DA:16,0
DA:17,0
DA:18,0
DA:19,0
DA:20,0
DA:22,0
DA:24,0
DA:28,0
DA:29,0
DA:30,0
DA:31,0
DA:32,0
DA:33,0
DA:35,0
DA:37,0
DA:41,0
DA:42,0
DA:43,0
DA:44,0
DA:50,0
DA:92,0
LF:26
LH:0
BRDA:10,0,0,0
BRDA:22,1,0,0
BRDA:22,1,1,0
BRDA:35,2,0,0
BRDA:35,2,1,0
BRDA:43,3,0,0
BRDA:43,3,1,0
BRDA:43,4,0,0
BRDA:43,4,1,0
BRDA:69,5,0,0
BRDA:69,5,1,0
BRDA:72,6,0,0
BRDA:72,6,1,0
BRDA:75,7,0,0
BRDA:75,7,1,0
BRDA:75,7,2,0
BRDA:75,7,3,0
BRDA:78,8,0,0
BRDA:78,8,1,0
BRF:19
BRH:0
end_of_record
TN:
SF:src\components\lifecycle\LifecycleTimeline.tsx
FN:21,(anonymous_0)
FN:30,(anonymous_1)
FN:44,(anonymous_2)
FN:51,(anonymous_3)
FN:81,(anonymous_4)
FN:88,(anonymous_5)
FN:121,(anonymous_6)
FN:129,(anonymous_7)
FN:161,(anonymous_8)
FN:190,(anonymous_9)
FN:201,(anonymous_10)
FN:217,(anonymous_11)
FN:266,(anonymous_12)
FNF:13
FNH:0
FNDA:0,(anonymous_0)
FNDA:0,(anonymous_1)
FNDA:0,(anonymous_2)
FNDA:0,(anonymous_3)
FNDA:0,(anonymous_4)
FNDA:0,(anonymous_5)
FNDA:0,(anonymous_6)
FNDA:0,(anonymous_7)
FNDA:0,(anonymous_8)
FNDA:0,(anonymous_9)
FNDA:0,(anonymous_10)
FNDA:0,(anonymous_11)
FNDA:0,(anonymous_12)
DA:21,0
DA:22,0
DA:23,0
DA:24,0
DA:25,0
DA:26,0
DA:27,0
DA:28,0
DA:30,0
DA:31,0
DA:32,0
DA:34,0
DA:36,0
DA:38,0
DA:40,0
DA:44,0
DA:45,0
DA:47,0
DA:51,0
DA:52,0
DA:55,0
DA:67,0
DA:68,0
DA:81,0
DA:82,0
DA:85,0
DA:88,0
DA:89,0
DA:90,0
DA:91,0
DA:94,0
DA:95,0
DA:97,0
DA:98,0
DA:104,0
DA:107,0
DA:108,0
DA:112,0
DA:114,0
DA:115,0
DA:117,0
DA:121,0
DA:122,0
DA:129,0
DA:130,0
DA:139,0
DA:140,0
DA:148,0
DA:161,0
DA:190,0
DA:201,0
DA:218,0
DA:219,0
DA:267,0
LF:54
LH:0
BRDA:67,0,0,0
BRDA:67,0,1,0
BRDA:67,1,0,0
BRDA:67,1,1,0
BRDA:89,2,0,0
BRDA:89,2,1,0
BRDA:101,3,0,0
BRDA:101,3,1,0
BRDA:107,4,0,0
BRDA:107,4,1,0
BRDA:115,5,0,0
BRDA:115,5,1,0
BRDA:139,6,0,0
BRDA:139,6,1,0
BRDA:159,7,0,0
BRDA:159,7,1,0
BRDA:173,8,0,0
BRDA:173,8,1,0
BRDA:209,9,0,0
BRDA:209,9,1,0
BRDA:228,10,0,0
BRDA:228,10,1,0
BRDA:231,11,0,0
BRDA:231,11,1,0
BRDA:301,12,0,0
BRDA:301,12,1,0
BRDA:304,13,0,0
BRDA:304,13,1,0
BRDA:306,14,0,0
BRDA:306,14,1,0
BRDA:311,15,0,0
BRDA:311,15,1,0
BRDA:312,16,0,0
BRDA:312,16,1,0
BRDA:325,17,0,0
BRDA:325,17,1,0
BRDA:335,18,0,0
BRDA:335,18,1,0
BRDA:356,19,0,0
BRDA:356,19,1,0
BRDA:359,20,0,0
BRDA:359,20,1,0
BRF:42
BRH:0
end_of_record
TN:
SF:src\components\lifecycle\NotionalAdjustmentModal.tsx
FN:12,(anonymous_0)
FN:24,(anonymous_1)
FN:25,(anonymous_2)
FN:28,(anonymous_3)
FN:59,(anonymous_4)
FN:67,(anonymous_5)
FN:83,(anonymous_6)
FN:92,(anonymous_7)
FNF:8
FNH:0
FNDA:0,(anonymous_0)
FNDA:0,(anonymous_1)
FNDA:0,(anonymous_2)
FNDA:0,(anonymous_3)
FNDA:0,(anonymous_4)
FNDA:0,(anonymous_5)
FNDA:0,(anonymous_6)
FNDA:0,(anonymous_7)
DA:12,0
DA:13,0
DA:18,0
DA:19,0
DA:20,0
DA:22,0
DA:24,0
DA:25,0
DA:28,0
DA:29,0
DA:30,0
DA:31,0
DA:32,0
DA:33,0
DA:34,0
DA:35,0
DA:37,0
DA:39,0
DA:43,0
DA:59,0
DA:67,0
DA:83,0
DA:92,0
LF:23
LH:0
BRDA:22,0,0,0
BRDA:22,0,1,0
BRDA:37,1,0,0
BRDA:37,1,1,0
BRDA:75,2,0,0
BRDA:75,2,1,0
BRDA:97,3,0,0
BRDA:97,3,1,0
BRDA:109,4,0,0
BRDA:109,4,1,0
BRF:10
BRH:0
end_of_record
TN:
SF:src\components\lineage\LineageGraph.tsx
FN:22,(anonymous_0)
FN:40,(anonymous_1)
FN:40,(anonymous_2)
FN:49,(anonymous_3)
FN:73,(anonymous_4)
FN:74,(anonymous_5)
FN:90,(anonymous_6)
FN:94,(anonymous_7)
FN:96,(anonymous_8)
FN:107,(anonymous_9)
FN:116,(anonymous_10)
FN:183,(anonymous_11)
FN:221,(anonymous_12)
FN:223,(anonymous_13)
FN:252,(anonymous_14)
FNF:15
FNH:0
FNDA:0,(anonymous_0)
FNDA:0,(anonymous_1)
FNDA:0,(anonymous_2)
FNDA:0,(anonymous_3)
FNDA:0,(anonymous_4)
FNDA:0,(anonymous_5)
FNDA:0,(anonymous_6)
FNDA:0,(anonymous_7)
FNDA:0,(anonymous_8)
FNDA:0,(anonymous_9)
FNDA:0,(anonymous_10)
FNDA:0,(anonymous_11)
FNDA:0,(anonymous_12)
FNDA:0,(anonymous_13)
FNDA:0,(anonymous_14)
DA:22,0
DA:23,0
DA:24,0
DA:25,0
DA:28,0
DA:29,0
DA:32,0
DA:33,0
DA:35,0
DA:36,0
DA:40,0
DA:41,0
DA:43,0
DA:44,0
DA:45,0
DA:47,0
DA:48,0
DA:49,0
DA:51,0
DA:52,0
DA:53,0
DA:55,0
DA:56,0
DA:61,0
DA:65,0
DA:66,0
DA:67,0
DA:68,0
DA:73,0
DA:74,0
DA:75,0
DA:76,0
DA:78,0
DA:87,0
DA:90,0
DA:91,0
DA:92,0
DA:94,0
DA:96,0
DA:97,0
DA:98,0
DA:99,0
DA:100,0
DA:102,0
DA:107,0
DA:108,0
DA:109,0
DA:110,0
DA:111,0
DA:112,0
DA:116,0
DA:117,0
DA:122,0
DA:127,0
DA:132,0
DA:137,0
DA:144,0
DA:146,0
DA:183,0
DA:215,0
DA:217,0
DA:218,0
DA:221,0
DA:222,0
DA:223,0
DA:224,0
DA:225,0
DA:230,0
DA:253,0
DA:254,0
DA:255,0
DA:256,0
DA:257,0
DA:258,0
DA:259,0
LF:75
LH:0
BRDA:36,0,0,0
BRDA:36,0,1,0
BRDA:52,1,0,0
BRDA:52,1,1,0
BRDA:55,2,0,0
BRDA:55,2,1,0
BRDA:55,3,0,0
BRDA:55,3,1,0
BRDA:66,4,0,0
BRDA:66,4,1,0
BRDA:67,5,0,0
BRDA:67,5,1,0
BRDA:102,6,0,0
BRDA:102,6,1,0
BRDA:108,7,0,0
BRDA:108,7,1,0
BRDA:109,8,0,0
BRDA:109,8,1,0
BRDA:110,9,0,0
BRDA:110,9,1,0
BRDA:111,10,0,0
BRDA:111,10,1,0
BRDA:117,11,0,0
BRDA:117,11,1,0
BRDA:122,12,0,0
BRDA:122,12,1,0
BRDA:127,13,0,0
BRDA:127,13,1,0
BRDA:132,14,0,0
BRDA:132,14,1,0
BRDA:154,15,0,0
BRDA:154,15,1,0
BRDA:154,15,2,0
BRDA:222,16,0,0
BRDA:222,16,1,0
BRDA:224,17,0,0
BRDA:224,17,1,0
BRDA:254,18,0,0
BRDA:254,18,1,0
BRDA:254,18,2,0
BRDA:254,18,3,0
BRDA:254,18,4,0
BRF:42
BRH:0
end_of_record
TN:
SF:src\components\margin\AutomatedStatementGenerator.tsx
FN:22,(anonymous_0)
FN:30,(anonymous_1)
FN:60,(anonymous_2)
FN:87,(anonymous_3)
FN:94,(anonymous_4)
FN:116,(anonymous_5)
FN:149,(anonymous_6)
FN:222,(anonymous_7)
FN:248,(anonymous_8)
FNF:9
FNH:0
FNDA:0,(anonymous_0)
FNDA:0,(anonymous_1)
FNDA:0,(anonymous_2)
FNDA:0,(anonymous_3)
FNDA:0,(anonymous_4)
FNDA:0,(anonymous_5)
FNDA:0,(anonymous_6)
FNDA:0,(anonymous_7)
FNDA:0,(anonymous_8)
DA:22,0
DA:23,0
DA:24,0
DA:25,0
DA:26,0
DA:27,0
DA:28,0
DA:30,0
DA:31,0
DA:32,0
DA:33,0
DA:34,0
DA:41,0
DA:43,0
DA:45,0
DA:46,0
DA:47,0
DA:48,0
DA:50,0
DA:52,0
DA:55,0
DA:57,0
DA:60,0
DA:61,0
DA:65,0
DA:68,0
DA:69,0
DA:70,0
DA:71,0
DA:73,0
DA:74,0
DA:77,0
DA:80,0
DA:81,0
DA:83,0
DA:87,0
DA:88,0
DA:94,0
DA:95,0
DA:98,0
DA:116,0
DA:149,0
DA:222,0
DA:249,0
LF:44
LH:0
BRDA:43,0,0,0
BRDA:43,0,1,0
BRDA:45,1,0,0
BRDA:45,1,1,0
BRDA:46,2,0,0
BRDA:46,2,1,0
BRDA:46,2,2,0
BRDA:52,3,0,0
BRDA:52,3,1,0
BRDA:52,3,2,0
BRDA:55,4,0,0
BRDA:55,4,1,0
BRDA:68,5,0,0
BRDA:68,5,1,0
BRDA:71,6,0,0
BRDA:71,6,1,0
BRDA:77,7,0,0
BRDA:77,7,1,0
BRDA:81,8,0,0
BRDA:81,8,1,0
BRDA:101,9,0,0
BRDA:101,9,1,0
BRDA:161,10,0,0
BRDA:161,10,1,0
BRDA:166,11,0,0
BRDA:166,11,1,0
BRDA:206,12,0,0
BRDA:206,12,1,0
BRDA:235,13,0,0
BRDA:235,13,1,0
BRDA:239,14,0,0
BRDA:239,14,1,0
BRDA:274,15,0,0
BRDA:274,15,1,0
BRF:34
BRH:0
end_of_record
TN:
SF:src\components\margin\MarginPositionsModal.tsx
FN:23,(anonymous_0)
FN:32,(anonymous_1)
FN:51,(anonymous_2)
FN:56,(anonymous_3)
FN:71,(anonymous_4)
FN:84,(anonymous_5)
FN:98,(anonymous_6)
FN:124,(anonymous_7)
FN:126,(anonymous_8)
FN:131,(anonymous_9)
FN:133,(anonymous_10)
FN:134,(anonymous_11)
FN:143,(anonymous_12)
FN:144,(anonymous_13)
FN:148,(anonymous_14)
FN:230,(anonymous_15)
FN:245,(anonymous_16)
FN:260,(anonymous_17)
FN:307,(anonymous_18)
FNF:19
FNH:0
FNDA:0,(anonymous_0)
FNDA:0,(anonymous_1)
FNDA:0,(anonymous_2)
FNDA:0,(anonymous_3)
FNDA:0,(anonymous_4)
FNDA:0,(anonymous_5)
FNDA:0,(anonymous_6)
FNDA:0,(anonymous_7)
FNDA:0,(anonymous_8)
FNDA:0,(anonymous_9)
FNDA:0,(anonymous_10)
FNDA:0,(anonymous_11)
FNDA:0,(anonymous_12)
FNDA:0,(anonymous_13)
FNDA:0,(anonymous_14)
FNDA:0,(anonymous_15)
FNDA:0,(anonymous_16)
FNDA:0,(anonymous_17)
FNDA:0,(anonymous_18)
DA:23,0
DA:28,0
DA:29,0
DA:30,0
DA:32,0
DA:33,0
DA:34,0
DA:35,0
DA:37,0
DA:38,0
DA:39,0
DA:42,0
DA:43,0
DA:45,0
DA:47,0
DA:51,0
DA:52,0
DA:56,0
DA:57,0
DA:58,0
DA:59,0
DA:60,0
DA:67,0
DA:71,0
DA:72,0
DA:73,0
DA:74,0
DA:80,0
DA:84,0
DA:85,0
DA:86,0
DA:88,0
DA:90,0
DA:92,0
DA:94,0
DA:98,0
DA:99,0
DA:100,0
DA:102,0
DA:108,0
DA:114,0
DA:120,0
DA:124,0
DA:125,0
DA:126,0
DA:127,0
DA:131,0
DA:132,0
DA:133,0
DA:134,0
DA:137,0
DA:138,0
DA:139,0
DA:140,0
DA:143,0
DA:144,0
DA:145,0
DA:147,0
DA:148,0
DA:151,0
DA:230,0
DA:245,0
DA:260,0
DA:308,0
DA:311,0
LF:65
LH:0
BRDA:38,0,0,0
BRDA:38,0,1,0
BRDA:45,1,0,0
BRDA:45,1,1,0
BRDA:57,2,0,0
BRDA:57,2,1,0
BRDA:57,3,0,0
BRDA:57,3,1,0
BRDA:58,4,0,0
BRDA:58,4,1,0
BRDA:72,5,0,0
BRDA:72,5,1,0
BRDA:85,6,0,0
BRDA:85,6,1,0
BRDA:86,7,0,0
BRDA:86,7,1,0
BRDA:86,7,2,0
BRDA:86,7,3,0
BRDA:99,8,0,0
BRDA:99,8,1,0
BRDA:100,9,0,0
BRDA:100,9,1,0
BRDA:100,9,2,0
BRDA:100,9,3,0
BRDA:125,10,0,0
BRDA:125,10,1,0
BRDA:145,11,0,0
BRDA:145,11,1,0
BRDA:182,12,0,0
BRDA:182,12,1,0
BRDA:187,13,0,0
BRDA:187,13,1,0
BRDA:205,14,0,0
BRDA:205,14,1,0
BRDA:227,15,0,0
BRDA:227,15,1,0
BRDA:242,16,0,0
BRDA:242,16,1,0
BRDA:257,17,0,0
BRDA:257,17,1,0
BRDA:272,18,0,0
BRDA:272,18,1,0
BRDA:308,19,0,0
BRDA:308,19,1,0
BRDA:329,20,0,0
BRDA:329,20,1,0
BRDA:332,21,0,0
BRDA:332,21,1,0
BRDA:338,22,0,0
BRDA:338,22,1,0
BRDA:357,23,0,0
BRDA:357,23,1,0
BRDA:358,24,0,0
BRDA:358,24,1,0
BRF:54
BRH:0
end_of_record
TN:
SF:src\components\margin\MarginStatementsPage.tsx
FN:5,(anonymous_0)
FN:9,(anonymous_1)
FN:36,(anonymous_2)
FN:49,(anonymous_3)
FN:68,(anonymous_4)
FN:69,(anonymous_5)
FNF:6
FNH:0
FNDA:0,(anonymous_0)
FNDA:0,(anonymous_1)
FNDA:0,(anonymous_2)
FNDA:0,(anonymous_3)
FNDA:0,(anonymous_4)
FNDA:0,(anonymous_5)
DA:5,0
DA:6,0
DA:7,0
DA:9,0
DA:10,0
DA:14,0
DA:36,0
DA:49,0
DA:69,0
LF:9
LH:0
BRDA:38,0,0,0
BRDA:38,0,1,0
BRDA:51,1,0,0
BRDA:51,1,1,0
BRDA:66,2,0,0
BRDA:66,2,1,0
BRF:6
BRH:0
end_of_record
TN:
SF:src\components\margin\StatementList.tsx
FN:28,(anonymous_0)
FN:38,(anonymous_1)
FN:42,(anonymous_2)
FN:61,(anonymous_3)
FN:72,(anonymous_4)
FN:81,(anonymous_5)
FN:92,(anonymous_6)
FN:100,(anonymous_7)
FN:119,(anonymous_8)
FN:160,(anonymous_9)
FN:164,(anonymous_10)
FN:243,(anonymous_11)
FN:246,(anonymous_12)
FN:256,(anonymous_13)
FN:290,(anonymous_14)
FN:294,(anonymous_15)
FN:327,(anonymous_16)
FN:371,(anonymous_17)
FN:409,(anonymous_18)
FN:416,(anonymous_19)
FN:435,(anonymous_20)
FNF:21
FNH:0
FNDA:0,(anonymous_0)
FNDA:0,(anonymous_1)
FNDA:0,(anonymous_2)
FNDA:0,(anonymous_3)
FNDA:0,(anonymous_4)
FNDA:0,(anonymous_5)
FNDA:0,(anonymous_6)
FNDA:0,(anonymous_7)
FNDA:0,(anonymous_8)
FNDA:0,(anonymous_9)
FNDA:0,(anonymous_10)
FNDA:0,(anonymous_11)
FNDA:0,(anonymous_12)
FNDA:0,(anonymous_13)
FNDA:0,(anonymous_14)
FNDA:0,(anonymous_15)
FNDA:0,(anonymous_16)
FNDA:0,(anonymous_17)
FNDA:0,(anonymous_18)
FNDA:0,(anonymous_19)
FNDA:0,(anonymous_20)
DA:28,0
DA:29,0
DA:30,0
DA:31,0
DA:32,0
DA:33,0
DA:34,0
DA:36,0
DA:38,0
DA:39,0
DA:42,0
DA:43,0
DA:44,0
DA:45,0
DA:47,0
DA:48,0
DA:49,0
DA:52,0
DA:53,0
DA:55,0
DA:57,0
DA:61,0
DA:62,0
DA:63,0
DA:67,0
DA:68,0
DA:72,0
DA:73,0
DA:77,0
DA:81,0
DA:82,0
DA:83,0
DA:92,0
DA:93,0
DA:94,0
DA:95,0
DA:96,0
DA:97,0
DA:100,0
DA:101,0
DA:103,0
DA:105,0
DA:107,0
DA:109,0
DA:111,0
DA:113,0
DA:115,0
DA:119,0
DA:120,0
DA:122,0
DA:128,0
DA:132,0
DA:138,0
DA:144,0
DA:150,0
DA:156,0
DA:160,0
DA:161,0
DA:164,0
DA:166,0
DA:167,0
DA:174,0
DA:175,0
DA:202,0
DA:244,0
DA:246,0
DA:256,0
DA:291,0
DA:294,0
DA:328,0
DA:329,0
DA:371,0
DA:409,0
DA:417,0
DA:435,0
LF:75
LH:0
BRDA:48,0,0,0
BRDA:48,0,1,0
BRDA:55,1,0,0
BRDA:55,1,1,0
BRDA:67,2,0,0
BRDA:67,2,1,0
BRDA:77,3,0,0
BRDA:77,3,1,0
BRDA:82,4,0,0
BRDA:82,4,1,0
BRDA:93,5,0,0
BRDA:93,5,1,0
BRDA:101,6,0,0
BRDA:101,6,1,0
BRDA:101,6,2,0
BRDA:101,6,3,0
BRDA:101,6,4,0
BRDA:101,6,5,0
BRDA:101,6,6,0
BRDA:120,7,0,0
BRDA:120,7,1,0
BRDA:120,7,2,0
BRDA:120,7,3,0
BRDA:120,7,4,0
BRDA:120,7,5,0
BRDA:120,7,6,0
BRDA:161,8,0,0
BRDA:161,8,1,0
BRDA:166,9,0,0
BRDA:166,9,1,0
BRDA:174,10,0,0
BRDA:174,10,1,0
BRDA:217,11,0,0
BRDA:217,11,1,0
BRDA:248,12,0,0
BRDA:248,12,1,0
BRDA:254,13,0,0
BRDA:254,13,1,0
BRDA:342,14,0,0
BRDA:342,14,1,0
BRDA:359,15,0,0
BRDA:359,15,1,0
BRDA:365,16,0,0
BRDA:365,16,1,0
BRDA:400,17,0,0
BRDA:400,17,1,0
BRDA:414,18,0,0
BRDA:414,18,1,0
BRDA:431,19,0,0
BRDA:431,19,1,0
BRDA:431,19,2,0
BRF:51
BRH:0
end_of_record
TN:
SF:src\components\margin\StatementUpload.tsx
FN:18,(anonymous_0)
FN:43,(anonymous_1)
FN:45,(anonymous_2)
FN:49,(anonymous_3)
FN:59,(anonymous_4)
FN:69,(anonymous_5)
FN:77,(anonymous_6)
FN:79,(anonymous_7)
FN:81,(anonymous_8)
FN:88,(anonymous_9)
FN:95,(anonymous_10)
FN:101,(anonymous_11)
FN:122,(anonymous_12)
FN:148,(anonymous_13)
FN:149,(anonymous_14)
FN:170,(anonymous_15)
FN:201,(anonymous_16)
FN:205,(anonymous_17)
FN:234,(anonymous_18)
FN:337,(anonymous_19)
FN:389,(anonymous_20)
FN:403,(anonymous_21)
FN:426,(anonymous_22)
FNF:23
FNH:0
FNDA:0,(anonymous_0)
FNDA:0,(anonymous_1)
FNDA:0,(anonymous_2)
FNDA:0,(anonymous_3)
FNDA:0,(anonymous_4)
FNDA:0,(anonymous_5)
FNDA:0,(anonymous_6)
FNDA:0,(anonymous_7)
FNDA:0,(anonymous_8)
FNDA:0,(anonymous_9)
FNDA:0,(anonymous_10)
FNDA:0,(anonymous_11)
FNDA:0,(anonymous_12)
FNDA:0,(anonymous_13)
FNDA:0,(anonymous_14)
FNDA:0,(anonymous_15)
FNDA:0,(anonymous_16)
FNDA:0,(anonymous_17)
FNDA:0,(anonymous_18)
FNDA:0,(anonymous_19)
FNDA:0,(anonymous_20)
FNDA:0,(anonymous_21)
FNDA:0,(anonymous_22)
DA:18,0
DA:19,0
DA:29,0
DA:30,0
DA:31,0
DA:32,0
DA:33,0
DA:34,0
DA:35,0
DA:37,0
DA:39,0
DA:40,0
DA:41,0
DA:43,0
DA:44,0
DA:45,0
DA:46,0
DA:49,0
DA:50,0
DA:51,0
DA:52,0
DA:53,0
DA:54,0
DA:55,0
DA:59,0
DA:60,0
DA:61,0
DA:62,0
DA:64,0
DA:65,0
DA:69,0
DA:70,0
DA:71,0
DA:72,0
DA:75,0
DA:76,0
DA:77,0
DA:78,0
DA:79,0
DA:80,0
DA:81,0
DA:85,0
DA:86,0
DA:87,0
DA:88,0
DA:95,0
DA:96,0
DA:97,0
DA:101,0
DA:102,0
DA:103,0
DA:104,0
DA:105,0
DA:106,0
DA:109,0
DA:110,0
DA:114,0
DA:115,0
DA:116,0
DA:119,0
DA:122,0
DA:123,0
DA:125,0
DA:126,0
DA:127,0
DA:128,0
DA:131,0
DA:132,0
DA:133,0
DA:134,0
DA:136,0
DA:137,0
DA:138,0
DA:139,0
DA:140,0
DA:141,0
DA:142,0
DA:143,0
DA:144,0
DA:145,0
DA:148,0
DA:149,0
DA:152,0
DA:157,0
DA:158,0
DA:160,0
DA:162,0
DA:163,0
DA:166,0
DA:169,0
DA:170,0
DA:171,0
DA:175,0
DA:176,0
DA:186,0
DA:187,0
DA:190,0
DA:191,0
DA:195,0
DA:196,0
DA:197,0
DA:200,0
DA:201,0
DA:205,0
DA:206,0
DA:207,0
DA:208,0
DA:209,0
DA:210,0
DA:213,0
DA:234,0
DA:338,0
DA:390,0
DA:404,0
DA:427,0
DA:428,0
DA:437,0
DA:438,0
DA:439,0
DA:440,0
LF:120
LH:0
BRDA:52,0,0,0
BRDA:52,0,1,0
BRDA:52,1,0,0
BRDA:52,1,1,0
BRDA:54,2,0,0
BRDA:54,2,1,0
BRDA:64,3,0,0
BRDA:64,3,1,0
BRDA:64,4,0,0
BRDA:64,4,1,0
BRDA:76,5,0,0
BRDA:76,5,1,0
BRDA:78,6,0,0
BRDA:78,6,1,0
BRDA:80,7,0,0
BRDA:80,7,1,0
BRDA:85,8,0,0
BRDA:85,8,1,0
BRDA:96,9,0,0
BRDA:96,9,1,0
BRDA:96,10,0,0
BRDA:96,10,1,0
BRDA:102,11,0,0
BRDA:102,11,1,0
BRDA:103,12,0,0
BRDA:103,12,1,0
BRDA:104,13,0,0
BRDA:104,13,1,0
BRDA:105,14,0,0
BRDA:105,14,1,0
BRDA:106,15,0,0
BRDA:106,15,1,0
BRDA:109,16,0,0
BRDA:109,16,1,0
BRDA:115,17,0,0
BRDA:115,17,1,0
BRDA:126,18,0,0
BRDA:126,18,1,0
BRDA:162,19,0,0
BRDA:162,19,1,0
BRDA:163,20,0,0
BRDA:163,20,1,0
BRDA:186,21,0,0
BRDA:186,21,1,0
BRDA:190,22,0,0
BRDA:190,22,1,0
BRDA:195,23,0,0
BRDA:195,23,1,0
BRDA:196,24,0,0
BRDA:196,24,1,0
BRDA:206,25,0,0
BRDA:206,25,1,0
BRDA:216,26,0,0
BRDA:216,26,1,0
BRDA:262,27,0,0
BRDA:262,27,1,0
BRDA:279,28,0,0
BRDA:279,28,1,0
BRDA:288,29,0,0
BRDA:288,29,1,0
BRDA:288,29,2,0
BRDA:411,30,0,0
BRDA:411,30,1,0
BRDA:439,31,0,0
BRDA:439,31,1,0
BRDA:449,32,0,0
BRDA:449,32,1,0
BRDA:452,33,0,0
BRDA:452,33,1,0
BRDA:455,34,0,0
BRDA:455,34,1,0
BRF:71
BRH:0
end_of_record
TN:
SF:src\components\novation\NovationModal.tsx
FN:23,(anonymous_0)
FN:31,(anonymous_1)
FN:37,(anonymous_2)
FN:47,(anonymous_3)
FN:61,(anonymous_4)
FN:76,(anonymous_5)
FN:151,(anonymous_6)
FN:154,(anonymous_7)
FNF:8
FNH:0
FNDA:0,(anonymous_0)
FNDA:0,(anonymous_1)
FNDA:0,(anonymous_2)
FNDA:0,(anonymous_3)
FNDA:0,(anonymous_4)
FNDA:0,(anonymous_5)
FNDA:0,(anonymous_6)
FNDA:0,(anonymous_7)
DA:23,0
DA:24,0
DA:25,0
DA:26,0
DA:27,0
DA:28,0
DA:31,0
DA:32,0
DA:33,0
DA:37,0
DA:38,0
DA:39,0
DA:40,0
DA:41,0
DA:42,0
DA:43,0
DA:45,0
DA:47,0
DA:48,0
DA:51,0
DA:53,0
DA:54,0
DA:55,0
DA:57,0
DA:61,0
DA:62,0
DA:64,0
DA:65,0
DA:66,0
DA:67,0
DA:68,0
DA:70,0
DA:72,0
DA:76,0
DA:77,0
DA:83,0
DA:85,0
DA:152,0
DA:154,0
LF:39
LH:0
BRDA:32,0,0,0
BRDA:32,0,1,0
BRDA:42,1,0,0
BRDA:42,1,1,0
BRDA:48,2,0,0
BRDA:48,2,1,0
BRDA:62,3,0,0
BRDA:62,3,1,0
BRDA:62,4,0,0
BRDA:62,4,1,0
BRDA:70,5,0,0
BRDA:70,5,1,0
BRDA:79,6,0,0
BRDA:79,6,1,0
BRDA:83,7,0,0
BRDA:83,7,1,0
BRDA:83,8,0,0
BRDA:83,8,1,0
BRDA:140,9,0,0
BRDA:140,9,1,0
BRDA:145,10,0,0
BRDA:145,10,1,0
BRDA:156,11,0,0
BRDA:156,11,1,0
BRDA:164,12,0,0
BRDA:164,12,1,0
BRDA:168,13,0,0
BRDA:168,13,1,0
BRDA:181,14,0,0
BRDA:181,14,1,0
BRDA:190,15,0,0
BRDA:190,15,1,0
BRDA:219,16,0,0
BRDA:219,16,1,0
BRDA:241,17,0,0
BRDA:241,17,1,0
BRDA:244,18,0,0
BRDA:244,18,1,0
BRDA:248,19,0,0
BRDA:248,19,1,0
BRF:40
BRH:0
end_of_record
TN:
SF:src\components\portfolio\AttachInstrumentsModal.tsx
FN:16,(anonymous_0)
FN:29,(anonymous_1)
FN:39,(anonymous_2)
FN:52,(anonymous_3)
FN:65,(anonymous_4)
FN:78,(anonymous_5)
FN:98,(anonymous_6)
FN:110,(anonymous_7)
FN:122,(anonymous_8)
FN:135,(anonymous_9)
FN:140,(anonymous_10)
FN:141,(anonymous_11)
FN:153,(anonymous_12)
FN:163,(anonymous_13)
FN:199,(anonymous_14)
FN:225,(anonymous_15)
FN:241,(anonymous_16)
FN:248,(anonymous_17)
FN:258,(anonymous_18)
FN:269,(anonymous_19)
FN:279,(anonymous_20)
FN:289,(anonymous_21)
FN:321,(anonymous_22)
FN:331,(anonymous_23)
FN:364,(anonymous_24)
FN:374,(anonymous_25)
FN:386,(anonymous_26)
FN:415,(anonymous_27)
FN:425,(anonymous_28)
FN:453,(anonymous_29)
FN:463,(anonymous_30)
FNF:31
FNH:0
FNDA:0,(anonymous_0)
FNDA:0,(anonymous_1)
FNDA:0,(anonymous_2)
FNDA:0,(anonymous_3)
FNDA:0,(anonymous_4)
FNDA:0,(anonymous_5)
FNDA:0,(anonymous_6)
FNDA:0,(anonymous_7)
FNDA:0,(anonymous_8)
FNDA:0,(anonymous_9)
FNDA:0,(anonymous_10)
FNDA:0,(anonymous_11)
FNDA:0,(anonymous_12)
FNDA:0,(anonymous_13)
FNDA:0,(anonymous_14)
FNDA:0,(anonymous_15)
FNDA:0,(anonymous_16)
FNDA:0,(anonymous_17)
FNDA:0,(anonymous_18)
FNDA:0,(anonymous_19)
FNDA:0,(anonymous_20)
FNDA:0,(anonymous_21)
FNDA:0,(anonymous_22)
FNDA:0,(anonymous_23)
FNDA:0,(anonymous_24)
FNDA:0,(anonymous_25)
FNDA:0,(anonymous_26)
FNDA:0,(anonymous_27)
FNDA:0,(anonymous_28)
FNDA:0,(anonymous_29)
FNDA:0,(anonymous_30)
DA:16,0
DA:17,0
DA:18,0
DA:19,0
DA:20,0
DA:21,0
DA:22,0
DA:23,0
DA:24,0
DA:25,0
DA:26,0
DA:27,0
DA:29,0
DA:30,0
DA:31,0
DA:32,0
DA:33,0
DA:35,0
DA:39,0
DA:40,0
DA:41,0
DA:42,0
DA:43,0
DA:45,0
DA:46,0
DA:48,0
DA:52,0
DA:53,0
DA:54,0
DA:55,0
DA:56,0
DA:58,0
DA:59,0
DA:61,0
DA:65,0
DA:66,0
DA:67,0
DA:68,0
DA:69,0
DA:71,0
DA:72,0
DA:74,0
DA:78,0
DA:79,0
DA:81,0
DA:82,0
DA:84,0
DA:88,0
DA:95,0
DA:98,0
DA:99,0
DA:101,0
DA:102,0
DA:104,0
DA:107,0
DA:110,0
DA:111,0
DA:113,0
DA:114,0
DA:116,0
DA:119,0
DA:122,0
DA:123,0
DA:124,0
DA:126,0
DA:127,0
DA:131,0
DA:135,0
DA:136,0
DA:139,0
DA:140,0
DA:141,0
DA:142,0
DA:143,0
DA:150,0
DA:153,0
DA:154,0
DA:155,0
DA:156,0
DA:157,0
DA:161,0
DA:162,0
DA:163,0
DA:165,0
DA:166,0
DA:167,0
DA:171,0
DA:172,0
DA:173,0
DA:175,0
DA:179,0
DA:181,0
DA:182,0
DA:184,0
DA:186,0
DA:188,0
DA:189,0
DA:190,0
DA:193,0
DA:194,0
DA:195,0
DA:198,0
DA:199,0
DA:200,0
DA:201,0
DA:205,0
DA:207,0
DA:208,0
DA:210,0
DA:214,0
DA:215,0
DA:216,0
DA:219,0
DA:220,0
DA:221,0
DA:224,0
DA:225,0
DA:226,0
DA:227,0
DA:231,0
DA:233,0
DA:234,0
DA:236,0
DA:241,0
DA:242,0
DA:248,0
DA:249,0
DA:256,0
DA:258,0
DA:269,0
DA:279,0
DA:289,0
DA:321,0
DA:331,0
DA:365,0
DA:366,0
DA:368,0
DA:374,0
DA:386,0
DA:416,0
DA:417,0
DA:419,0
DA:425,0
DA:454,0
DA:455,0
DA:457,0
DA:463,0
LF:147
LH:0
BRDA:30,0,0,0
BRDA:30,0,1,0
BRDA:32,1,0,0
BRDA:32,1,1,0
BRDA:81,2,0,0
BRDA:81,2,1,0
BRDA:84,3,0,0
BRDA:84,3,1,0
BRDA:101,4,0,0
BRDA:101,4,1,0
BRDA:113,5,0,0
BRDA:113,5,1,0
BRDA:126,6,0,0
BRDA:126,6,1,0
BRDA:142,7,0,0
BRDA:142,7,1,0
BRDA:146,8,0,0
BRDA:146,8,1,0
BRDA:154,9,0,0
BRDA:154,9,1,0
BRDA:155,10,0,0
BRDA:155,10,1,0
BRDA:161,11,0,0
BRDA:161,11,1,0
BRDA:165,12,0,0
BRDA:165,12,1,0
BRDA:181,13,0,0
BRDA:181,13,1,0
BRDA:181,13,2,0
BRDA:186,14,0,0
BRDA:186,14,1,0
BRDA:188,15,0,0
BRDA:188,15,1,0
BRDA:200,16,0,0
BRDA:200,16,1,0
BRDA:207,17,0,0
BRDA:207,17,1,0
BRDA:207,17,2,0
BRDA:214,18,0,0
BRDA:214,18,1,0
BRDA:226,19,0,0
BRDA:226,19,1,0
BRDA:233,20,0,0
BRDA:233,20,1,0
BRDA:233,20,2,0
BRDA:271,21,0,0
BRDA:271,21,1,0
BRDA:281,22,0,0
BRDA:281,22,1,0
BRDA:291,23,0,0
BRDA:291,23,1,0
BRDA:300,24,0,0
BRDA:300,24,1,0
BRDA:302,25,0,0
BRDA:302,25,1,0
BRDA:311,26,0,0
BRDA:311,26,1,0
BRDA:341,27,0,0
BRDA:341,27,1,0
BRDA:348,28,0,0
BRDA:348,28,1,0
BRDA:352,29,0,0
BRDA:352,29,1,0
BRDA:369,30,0,0
BRDA:369,30,1,0
BRDA:382,31,0,0
BRDA:382,31,1,0
BRDA:382,32,0,0
BRDA:382,32,1,0
BRDA:386,33,0,0
BRDA:386,33,1,0
BRDA:387,34,0,0
BRDA:387,34,1,0
BRDA:389,35,0,0
BRDA:389,35,1,0
BRDA:401,36,0,0
BRDA:401,36,1,0
BRDA:416,37,0,0
BRDA:416,37,1,0
BRDA:420,38,0,0
BRDA:420,38,1,0
BRDA:454,39,0,0
BRDA:454,39,1,0
BRDA:458,40,0,0
BRDA:458,40,1,0
BRDA:470,41,0,0
BRDA:470,41,1,0
BRDA:470,42,0,0
BRDA:470,42,1,0
BRDA:473,43,0,0
BRDA:473,43,1,0
BRDA:473,43,2,0
BRDA:497,44,0,0
BRDA:497,44,1,0
BRDA:497,45,0,0
BRDA:497,45,1,0
BRDA:497,46,0,0
BRDA:497,46,1,0
BRDA:499,47,0,0
BRDA:499,47,1,0
BRDA:501,48,0,0
BRDA:501,48,1,0
BRDA:503,49,0,0
BRDA:503,49,1,0
BRF:104
BRH:0
end_of_record
TN:
SF:src\components\portfolio\AttachTradesModal.tsx
FN:11,(anonymous_0)
FN:19,(anonymous_1)
FN:23,(anonymous_2)
FN:36,(anonymous_3)
FN:56,(anonymous_4)
FN:69,(anonymous_5)
FN:74,(anonymous_6)
FN:75,(anonymous_7)
FN:87,(anonymous_8)
FN:96,(anonymous_9)
FN:121,(anonymous_10)
FN:130,(anonymous_11)
FN:144,(anonymous_12)
FN:154,(anonymous_13)
FN:199,(anonymous_14)
FN:209,(anonymous_15)
FN:227,(anonymous_16)
FNF:17
FNH:0
FNDA:0,(anonymous_0)
FNDA:0,(anonymous_1)
FNDA:0,(anonymous_2)
FNDA:0,(anonymous_3)
FNDA:0,(anonymous_4)
FNDA:0,(anonymous_5)
FNDA:0,(anonymous_6)
FNDA:0,(anonymous_7)
FNDA:0,(anonymous_8)
FNDA:0,(anonymous_9)
FNDA:0,(anonymous_10)
FNDA:0,(anonymous_11)
FNDA:0,(anonymous_12)
FNDA:0,(anonymous_13)
FNDA:0,(anonymous_14)
FNDA:0,(anonymous_15)
FNDA:0,(anonymous_16)
DA:11,0
DA:12,0
DA:13,0
DA:14,0
DA:15,0
DA:16,0
DA:17,0
DA:19,0
DA:20,0
DA:23,0
DA:24,0
DA:25,0
DA:26,0
DA:27,0
DA:29,0
DA:30,0
DA:32,0
DA:36,0
DA:37,0
DA:39,0
DA:40,0
DA:42,0
DA:46,0
DA:53,0
DA:56,0
DA:57,0
DA:58,0
DA:60,0
DA:61,0
DA:65,0
DA:69,0
DA:70,0
DA:73,0
DA:74,0
DA:75,0
DA:76,0
DA:77,0
DA:84,0
DA:87,0
DA:88,0
DA:89,0
DA:90,0
DA:94,0
DA:95,0
DA:96,0
DA:98,0
DA:99,0
DA:100,0
DA:104,0
DA:105,0
DA:106,0
DA:108,0
DA:112,0
DA:114,0
DA:115,0
DA:117,0
DA:121,0
DA:122,0
DA:128,0
DA:130,0
DA:144,0
DA:154,0
DA:200,0
DA:201,0
DA:203,0
DA:209,0
DA:227,0
LF:67
LH:0
BRDA:39,0,0,0
BRDA:39,0,1,0
BRDA:42,1,0,0
BRDA:42,1,1,0
BRDA:60,2,0,0
BRDA:60,2,1,0
BRDA:76,3,0,0
BRDA:76,3,1,0
BRDA:80,4,0,0
BRDA:80,4,1,0
BRDA:88,5,0,0
BRDA:88,5,1,0
BRDA:94,6,0,0
BRDA:94,6,1,0
BRDA:98,7,0,0
BRDA:98,7,1,0
BRDA:114,8,0,0
BRDA:114,8,1,0
BRDA:114,8,2,0
BRDA:166,9,0,0
BRDA:166,9,1,0
BRDA:173,10,0,0
BRDA:173,10,1,0
BRDA:204,11,0,0
BRDA:204,11,1,0
BRDA:223,12,0,0
BRDA:223,12,1,0
BRDA:223,13,0,0
BRDA:223,13,1,0
BRDA:227,14,0,0
BRDA:227,14,1,0
BRDA:228,15,0,0
BRDA:228,15,1,0
BRDA:230,16,0,0
BRDA:230,16,1,0
BRDA:258,17,0,0
BRDA:258,17,1,0
BRDA:260,18,0,0
BRDA:260,18,1,0
BRF:39
BRH:0
end_of_record
TN:
SF:src\components\portfolio\CreatePortfolioModal.tsx
FN:9,(anonymous_0)
FN:15,(anonymous_1)
FN:39,(anonymous_2)
FN:59,(anonymous_3)
FN:75,(anonymous_4)
FNF:5
FNH:0
FNDA:0,(anonymous_0)
FNDA:0,(anonymous_1)
FNDA:0,(anonymous_2)
FNDA:0,(anonymous_3)
FNDA:0,(anonymous_4)
DA:9,0
DA:10,0
DA:11,0
DA:12,0
DA:13,0
DA:15,0
DA:16,0
DA:18,0
DA:19,0
DA:20,0
DA:23,0
DA:24,0
DA:25,0
DA:26,0
DA:27,0
DA:29,0
DA:30,0
DA:31,0
DA:33,0
DA:37,0
DA:39,0
DA:59,0
DA:75,0
LF:23
LH:0
BRDA:18,0,0,0
BRDA:18,0,1,0
BRDA:26,1,0,0
BRDA:26,1,1,0
BRDA:29,2,0,0
BRDA:29,2,1,0
BRDA:29,2,2,0
BRDA:45,3,0,0
BRDA:45,3,1,0
BRDA:97,4,0,0
BRDA:97,4,1,0
BRF:11
BRH:0
end_of_record
TN:
SF:src\components\portfolio\EnhancedOverview.tsx
FN:31,(anonymous_0)
FN:41,(anonymous_1)
FN:46,(anonymous_2)
FN:51,(anonymous_3)
FN:71,(anonymous_4)
FN:95,(anonymous_5)
FN:122,(anonymous_6)
FN:127,(anonymous_7)
FN:137,(anonymous_8)
FN:149,(anonymous_9)
FN:161,(anonymous_10)
FN:164,(anonymous_11)
FN:173,(anonymous_12)
FN:176,(anonymous_13)
FN:186,(anonymous_14)
FN:195,(anonymous_15)
FN:205,(anonymous_16)
FN:215,(anonymous_17)
FN:223,(anonymous_18)
FN:224,(anonymous_19)
FN:225,(anonymous_20)
FN:303,(anonymous_21)
FN:350,(anonymous_22)
FN:425,(anonymous_23)
FNF:24
FNH:0
FNDA:0,(anonymous_0)
FNDA:0,(anonymous_1)
FNDA:0,(anonymous_2)
FNDA:0,(anonymous_3)
FNDA:0,(anonymous_4)
FNDA:0,(anonymous_5)
FNDA:0,(anonymous_6)
FNDA:0,(anonymous_7)
FNDA:0,(anonymous_8)
FNDA:0,(anonymous_9)
FNDA:0,(anonymous_10)
FNDA:0,(anonymous_11)
FNDA:0,(anonymous_12)
FNDA:0,(anonymous_13)
FNDA:0,(anonymous_14)
FNDA:0,(anonymous_15)
FNDA:0,(anonymous_16)
FNDA:0,(anonymous_17)
FNDA:0,(anonymous_18)
FNDA:0,(anonymous_19)
FNDA:0,(anonymous_20)
FNDA:0,(anonymous_21)
FNDA:0,(anonymous_22)
FNDA:0,(anonymous_23)
DA:31,0
DA:38,0
DA:39,0
DA:41,0
DA:42,0
DA:46,0
DA:48,0
DA:51,0
DA:52,0
DA:53,0
DA:54,0
DA:66,0
DA:67,0
DA:71,0
DA:72,0
DA:73,0
DA:74,0
DA:86,0
DA:90,0
DA:94,0
DA:95,0
DA:96,0
DA:98,0
DA:99,0
DA:101,0
DA:102,0
DA:103,0
DA:104,0
DA:105,0
DA:106,0
DA:107,0
DA:108,0
DA:109,0
DA:111,0
DA:112,0
DA:114,0
DA:115,0
DA:116,0
DA:119,0
DA:122,0
DA:125,0
DA:127,0
DA:128,0
DA:129,0
DA:130,0
DA:132,0
DA:133,0
DA:134,0
DA:137,0
DA:138,0
DA:139,0
DA:140,0
DA:142,0
DA:143,0
DA:144,0
DA:149,0
DA:150,0
DA:151,0
DA:152,0
DA:154,0
DA:156,0
DA:157,0
DA:158,0
DA:161,0
DA:162,0
DA:164,0
DA:165,0
DA:173,0
DA:176,0
DA:177,0
DA:183,0
DA:186,0
DA:187,0
DA:195,0
DA:196,0
DA:197,0
DA:198,0
DA:199,0
DA:200,0
DA:201,0
DA:205,0
DA:206,0
DA:207,0
DA:208,0
DA:209,0
DA:210,0
DA:211,0
DA:215,0
DA:216,0
DA:220,0
DA:223,0
DA:224,0
DA:225,0
DA:227,0
DA:228,0
DA:230,0
DA:232,0
DA:304,0
DA:351,0
DA:425,0
LF:100
LH:0
BRDA:53,0,0,0
BRDA:53,0,1,0
BRDA:73,1,0,0
BRDA:73,1,1,0
BRDA:98,2,0,0
BRDA:98,2,1,0
BRDA:101,3,0,0
BRDA:101,3,1,0
BRDA:104,4,0,0
BRDA:104,4,1,0
BRDA:104,5,0,0
BRDA:104,5,1,0
BRDA:107,6,0,0
BRDA:107,6,1,0
BRDA:114,7,0,0
BRDA:114,7,1,0
BRDA:129,8,0,0
BRDA:129,8,1,0
BRDA:139,9,0,0
BRDA:139,9,1,0
BRDA:151,10,0,0
BRDA:151,10,1,0
BRDA:156,11,0,0
BRDA:156,11,1,0
BRDA:156,11,2,0
BRDA:168,12,0,0
BRDA:168,12,1,0
BRDA:183,13,0,0
BRDA:183,13,1,0
BRDA:196,14,0,0
BRDA:196,14,1,0
BRDA:196,14,2,0
BRDA:196,14,3,0
BRDA:196,14,4,0
BRDA:206,15,0,0
BRDA:206,15,1,0
BRDA:206,15,2,0
BRDA:206,15,3,0
BRDA:206,15,4,0
BRDA:227,16,0,0
BRDA:227,16,1,0
BRDA:227,16,2,0
BRDA:248,17,0,0
BRDA:248,17,1,0
BRDA:255,18,0,0
BRDA:255,18,1,0
BRDA:267,19,0,0
BRDA:267,19,1,0
BRDA:274,20,0,0
BRDA:274,20,1,0
BRDA:286,21,0,0
BRDA:286,21,1,0
BRDA:293,22,0,0
BRDA:293,22,1,0
BRDA:355,23,0,0
BRDA:355,23,1,0
BRDA:358,24,0,0
BRDA:358,24,1,0
BRDA:361,25,0,0
BRDA:361,25,1,0
BRDA:361,26,0,0
BRDA:361,26,1,0
BRDA:364,27,0,0
BRDA:364,27,1,0
BRDA:364,28,0,0
BRDA:364,28,1,0
BRDA:367,29,0,0
BRDA:367,29,1,0
BRDA:383,30,0,0
BRDA:383,30,1,0
BRDA:415,31,0,0
BRDA:415,31,1,0
BRDA:425,32,0,0
BRDA:425,32,1,0
BRF:74
BRH:0
end_of_record
TN:
SF:src\components\portfolio\PortfolioDetail.tsx
FN:13,(anonymous_0)
FN:26,(anonymous_1)
FN:30,(anonymous_2)
FN:65,(anonymous_3)
FN:81,(anonymous_4)
FN:103,(anonymous_5)
FN:118,(anonymous_6)
FN:124,(anonymous_7)
FN:138,(anonymous_8)
FN:152,(anonymous_9)
FN:166,(anonymous_10)
FN:171,(anonymous_11)
FN:181,(anonymous_12)
FN:241,(anonymous_13)
FN:252,(anonymous_14)
FN:263,(anonymous_15)
FN:274,(anonymous_16)
FN:288,(anonymous_17)
FN:309,(anonymous_18)
FN:319,(anonymous_19)
FN:329,(anonymous_20)
FN:339,(anonymous_21)
FN:413,(anonymous_22)
FN:439,(anonymous_23)
FN:447,(anonymous_24)
FN:471,(anonymous_25)
FN:479,(anonymous_26)
FN:508,(anonymous_27)
FN:540,(anonymous_28)
FN:578,(anonymous_29)
FN:586,(anonymous_30)
FNF:31
FNH:0
FNDA:0,(anonymous_0)
FNDA:0,(anonymous_1)
FNDA:0,(anonymous_2)
FNDA:0,(anonymous_3)
FNDA:0,(anonymous_4)
FNDA:0,(anonymous_5)
FNDA:0,(anonymous_6)
FNDA:0,(anonymous_7)
FNDA:0,(anonymous_8)
FNDA:0,(anonymous_9)
FNDA:0,(anonymous_10)
FNDA:0,(anonymous_11)
FNDA:0,(anonymous_12)
FNDA:0,(anonymous_13)
FNDA:0,(anonymous_14)
FNDA:0,(anonymous_15)
FNDA:0,(anonymous_16)
FNDA:0,(anonymous_17)
FNDA:0,(anonymous_18)
FNDA:0,(anonymous_19)
FNDA:0,(anonymous_20)
FNDA:0,(anonymous_21)
FNDA:0,(anonymous_22)
FNDA:0,(anonymous_23)
FNDA:0,(anonymous_24)
FNDA:0,(anonymous_25)
FNDA:0,(anonymous_26)
FNDA:0,(anonymous_27)
FNDA:0,(anonymous_28)
FNDA:0,(anonymous_29)
FNDA:0,(anonymous_30)
DA:13,0
DA:14,0
DA:15,0
DA:16,0
DA:17,0
DA:18,0
DA:19,0
DA:20,0
DA:21,0
DA:22,0
DA:23,0
DA:24,0
DA:26,0
DA:27,0
DA:30,0
DA:31,0
DA:32,0
DA:33,0
DA:35,0
DA:42,0
DA:43,0
DA:44,0
DA:45,0
DA:48,0
DA:49,0
DA:50,0
DA:51,0
DA:54,0
DA:57,0
DA:58,0
DA:59,0
DA:61,0
DA:65,0
DA:66,0
DA:67,0
DA:68,0
DA:70,0
DA:71,0
DA:72,0
DA:73,0
DA:74,0
DA:78,0
DA:81,0
DA:84,0
DA:86,0
DA:87,0
DA:89,0
DA:90,0
DA:92,0
DA:93,0
DA:95,0
DA:96,0
DA:99,0
DA:100,0
DA:103,0
DA:104,0
DA:105,0
DA:106,0
DA:107,0
DA:108,0
DA:110,0
DA:111,0
DA:112,0
DA:114,0
DA:118,0
DA:119,0
DA:120,0
DA:121,0
DA:124,0
DA:125,0
DA:126,0
DA:129,0
DA:130,0
DA:131,0
DA:133,0
DA:134,0
DA:138,0
DA:139,0
DA:140,0
DA:143,0
DA:144,0
DA:145,0
DA:147,0
DA:148,0
DA:152,0
DA:153,0
DA:154,0
DA:157,0
DA:158,0
DA:159,0
DA:161,0
DA:162,0
DA:166,0
DA:167,0
DA:168,0
DA:171,0
DA:172,0
DA:173,0
DA:181,0
DA:182,0
DA:183,0
DA:186,0
DA:187,0
DA:194,0
DA:195,0
DA:214,0
DA:241,0
DA:252,0
DA:263,0
DA:274,0
DA:288,0
DA:309,0
DA:319,0
DA:329,0
DA:339,0
DA:414,0
DA:439,0
DA:448,0
DA:471,0
DA:480,0
DA:508,0
DA:541,0
DA:578,0
DA:586,0
DA:587,0
LF:125
LH:0
BRDA:57,0,0,0
BRDA:57,0,1,0
BRDA:73,1,0,0
BRDA:73,1,1,0
BRDA:73,2,0,0
BRDA:73,2,1,0
BRDA:84,3,0,0
BRDA:84,3,1,0
BRDA:84,3,2,0
BRDA:84,3,3,0
BRDA:110,4,0,0
BRDA:110,4,1,0
BRDA:110,4,2,0
BRDA:125,5,0,0
BRDA:125,5,1,0
BRDA:133,6,0,0
BRDA:133,6,1,0
BRDA:139,7,0,0
BRDA:139,7,1,0
BRDA:147,8,0,0
BRDA:147,8,1,0
BRDA:153,9,0,0
BRDA:153,9,1,0
BRDA:161,10,0,0
BRDA:161,10,1,0
BRDA:172,11,0,0
BRDA:172,11,1,0
BRDA:172,12,0,0
BRDA:172,12,1,0
BRDA:181,13,0,0
BRDA:182,14,0,0
BRDA:182,14,1,0
BRDA:182,15,0,0
BRDA:182,15,1,0
BRDA:186,16,0,0
BRDA:186,16,1,0
BRDA:194,17,0,0
BRDA:194,17,1,0
BRDA:194,18,0,0
BRDA:194,18,1,0
BRDA:206,19,0,0
BRDA:206,19,1,0
BRDA:220,20,0,0
BRDA:220,20,1,0
BRDA:230,21,0,0
BRDA:230,21,1,0
BRDA:244,22,0,0
BRDA:244,22,1,0
BRDA:255,23,0,0
BRDA:255,23,1,0
BRDA:266,24,0,0
BRDA:266,24,1,0
BRDA:277,25,0,0
BRDA:277,25,1,0
BRDA:295,26,0,0
BRDA:295,26,1,0
BRDA:298,27,0,0
BRDA:298,27,1,0
BRDA:311,28,0,0
BRDA:311,28,1,0
BRDA:321,29,0,0
BRDA:321,29,1,0
BRDA:331,30,0,0
BRDA:331,30,1,0
BRDA:341,31,0,0
BRDA:341,31,1,0
BRDA:353,32,0,0
BRDA:353,32,1,0
BRDA:363,33,0,0
BRDA:363,33,1,0
BRDA:365,34,0,0
BRDA:365,34,1,0
BRDA:365,35,0,0
BRDA:365,35,1,0
BRDA:365,35,2,0
BRDA:433,36,0,0
BRDA:433,36,1,0
BRDA:490,37,0,0
BRDA:490,37,1,0
BRDA:492,38,0,0
BRDA:492,38,1,0
BRDA:523,39,0,0
BRDA:523,39,1,0
BRDA:525,40,0,0
BRDA:525,40,1,0
BRDA:547,41,0,0
BRDA:547,41,1,0
BRDA:569,42,0,0
BRDA:569,42,1,0
BRDA:575,43,0,0
BRDA:575,43,1,0
BRF:91
BRH:0
end_of_record
TN:
SF:src\components\portfolio\PortfolioList.tsx
FN:9,(anonymous_0)
FN:16,(anonymous_1)
FN:20,(anonymous_2)
FN:40,(anonymous_3)
FN:47,(anonymous_4)
FN:52,(anonymous_5)
FN:107,(anonymous_6)
FN:158,(anonymous_7)
FN:161,(anonymous_8)
FN:174,(anonymous_9)
FN:192,(anonymous_10)
FNF:11
FNH:0
FNDA:0,(anonymous_0)
FNDA:0,(anonymous_1)
FNDA:0,(anonymous_2)
FNDA:0,(anonymous_3)
FNDA:0,(anonymous_4)
FNDA:0,(anonymous_5)
FNDA:0,(anonymous_6)
FNDA:0,(anonymous_7)
FNDA:0,(anonymous_8)
FNDA:0,(anonymous_9)
FNDA:0,(anonymous_10)
DA:9,0
DA:10,0
DA:11,0
DA:12,0
DA:13,0
DA:14,0
DA:16,0
DA:17,0
DA:20,0
DA:21,0
DA:22,0
DA:23,0
DA:24,0
DA:25,0
DA:27,0
DA:28,0
DA:29,0
DA:32,0
DA:33,0
DA:36,0
DA:40,0
DA:41,0
DA:42,0
DA:43,0
DA:47,0
DA:48,0
DA:49,0
DA:52,0
DA:53,0
DA:54,0
DA:61,0
DA:62,0
DA:69,0
DA:70,0
DA:97,0
DA:107,0
DA:159,0
DA:161,0
DA:174,0
DA:192,0
LF:40
LH:0
BRDA:27,0,0,0
BRDA:27,0,1,0
BRDA:32,1,0,0
BRDA:32,1,1,0
BRDA:32,2,0,0
BRDA:32,2,1,0
BRDA:42,3,0,0
BRDA:42,3,1,0
BRDA:53,4,0,0
BRDA:53,4,1,0
BRDA:61,5,0,0
BRDA:61,5,1,0
BRDA:69,6,0,0
BRDA:69,6,1,0
BRDA:104,7,0,0
BRDA:104,7,1,0
BRDA:116,8,0,0
BRDA:116,8,1,0
BRDA:163,9,0,0
BRDA:163,9,1,0
BRDA:170,10,0,0
BRDA:170,10,1,0
BRDA:174,11,0,0
BRDA:174,11,1,0
BRDA:190,12,0,0
BRDA:190,12,1,0
BRF:26
BRH:0
end_of_record
TN:
SF:src\components\portfolio\PortfolioPage.tsx
FN:6,(anonymous_0)
FN:9,(anonymous_1)
FN:13,(anonymous_2)
FNF:3
FNH:0
FNDA:0,(anonymous_0)
FNDA:0,(anonymous_1)
FNDA:0,(anonymous_2)
DA:6,0
DA:7,0
DA:9,0
DA:10,0
DA:13,0
DA:14,0
DA:17,0
LF:7
LH:0
BRDA:19,0,0,0
BRDA:19,0,1,0
BRF:2
BRH:0
end_of_record
TN:
SF:src\components\portfolio\simulation\ContributorsTable.tsx
FN:11,(anonymous_0)
FN:15,(anonymous_1)
FN:24,(anonymous_2)
FN:38,(anonymous_3)
FN:66,(anonymous_4)
FN:75,(anonymous_5)
FN:84,(anonymous_6)
FN:94,(anonymous_7)
FNF:8
FNH:0
FNDA:0,(anonymous_0)
FNDA:0,(anonymous_1)
FNDA:0,(anonymous_2)
FNDA:0,(anonymous_3)
FNDA:0,(anonymous_4)
FNDA:0,(anonymous_5)
FNDA:0,(anonymous_6)
FNDA:0,(anonymous_7)
DA:11,0
DA:12,0
DA:13,0
DA:15,0
DA:16,0
DA:17,0
DA:19,0
DA:20,0
DA:24,0
DA:25,0
DA:26,0
DA:28,0
DA:29,0
DA:30,0
DA:33,0
DA:34,0
DA:35,0
DA:38,0
DA:39,0
DA:40,0
DA:47,0
DA:58,0
DA:66,0
DA:75,0
DA:84,0
DA:95,0
LF:26
LH:0
BRDA:16,0,0,0
BRDA:16,0,1,0
BRDA:17,1,0,0
BRDA:17,1,1,0
BRDA:20,2,0,0
BRDA:20,2,1,0
BRDA:28,3,0,0
BRDA:28,3,1,0
BRDA:33,4,0,0
BRDA:33,4,1,0
BRDA:33,5,0,0
BRDA:33,5,1,0
BRDA:34,6,0,0
BRDA:34,6,1,0
BRDA:34,7,0,0
BRDA:34,7,1,0
BRDA:39,8,0,0
BRDA:39,8,1,0
BRDA:47,9,0,0
BRDA:47,9,1,0
BRDA:109,10,0,0
BRDA:109,10,1,0
BRF:22
BRH:0
end_of_record
TN:
SF:src\components\portfolio\simulation\MetricsCard.tsx
FN:9,(anonymous_0)
FNF:1
FNH:0
FNDA:0,(anonymous_0)
DA:9,0
DA:10,0
LF:2
LH:0
BRF:0
BRH:0
end_of_record
TN:
SF:src\components\portfolio\simulation\MetricsGlossaryModal.tsx
FN:9,(anonymous_0)
FN:13,(anonymous_1)
FN:16,(anonymous_2)
FN:43,(anonymous_3)
FN:47,(anonymous_4)
FN:66,(anonymous_5)
FN:97,(anonymous_6)
FNF:7
FNH:0
FNDA:0,(anonymous_0)
FNDA:0,(anonymous_1)
FNDA:0,(anonymous_2)
FNDA:0,(anonymous_3)
FNDA:0,(anonymous_4)
FNDA:0,(anonymous_5)
FNDA:0,(anonymous_6)
DA:9,0
DA:10,0
DA:13,0
DA:14,0
DA:16,0
DA:17,0
DA:18,0
DA:22,0
DA:23,0
DA:27,0
DA:29,0
DA:30,0
DA:32,0
DA:33,0
DA:34,0
DA:35,0
DA:36,0
DA:37,0
DA:42,0
DA:43,0
DA:47,0
DA:48,0
DA:49,0
DA:53,0
DA:55,0
DA:66,0
DA:98,0
LF:27
LH:0
BRDA:14,0,0,0
BRDA:14,0,1,0
BRDA:17,1,0,0
BRDA:17,1,1,0
BRDA:22,2,0,0
BRDA:22,2,1,0
BRDA:27,3,0,0
BRDA:27,3,1,0
BRDA:27,4,0,0
BRDA:27,4,1,0
BRDA:32,5,0,0
BRDA:32,5,1,0
BRDA:32,6,0,0
BRDA:32,6,1,0
BRDA:35,7,0,0
BRDA:35,7,1,0
BRDA:35,8,0,0
BRDA:35,8,1,0
BRDA:48,9,0,0
BRDA:48,9,1,0
BRDA:48,10,0,0
BRDA:48,10,1,0
BRDA:53,11,0,0
BRDA:53,11,1,0
BRDA:101,12,0,0
BRDA:101,12,1,0
BRF:26
BRH:0
end_of_record
TN:
SF:src\components\portfolio\simulation\SimulationConfigForm.tsx
FN:9,(anonymous_0)
FN:21,(anonymous_1)
FN:22,(anonymous_2)
FN:24,(anonymous_3)
FN:29,(anonymous_4)
FN:39,(anonymous_5)
FN:70,(anonymous_6)
FN:84,(anonymous_7)
FN:87,(anonymous_8)
FN:102,(anonymous_9)
FN:106,(anonymous_10)
FN:131,(anonymous_11)
FN:149,(anonymous_12)
FNF:13
FNH:0
FNDA:0,(anonymous_0)
FNDA:0,(anonymous_1)
FNDA:0,(anonymous_2)
FNDA:0,(anonymous_3)
FNDA:0,(anonymous_4)
FNDA:0,(anonymous_5)
FNDA:0,(anonymous_6)
FNDA:0,(anonymous_7)
FNDA:0,(anonymous_8)
FNDA:0,(anonymous_9)
FNDA:0,(anonymous_10)
FNDA:0,(anonymous_11)
FNDA:0,(anonymous_12)
DA:9,0
DA:10,0
DA:12,0
DA:13,0
DA:14,0
DA:15,0
DA:16,0
DA:18,0
DA:19,0
DA:21,0
DA:22,0
DA:23,0
DA:24,0
DA:29,0
DA:30,0
DA:32,0
DA:33,0
DA:34,0
DA:37,0
DA:40,0
DA:41,0
DA:42,0
DA:55,0
DA:58,0
DA:70,0
DA:84,0
DA:88,0
DA:103,0
DA:106,0
DA:131,0
DA:149,0
LF:31
LH:0
BRDA:23,0,0,0
BRDA:23,0,1,0
BRDA:32,1,0,0
BRDA:32,1,1,0
BRDA:52,2,0,0
BRDA:52,2,1,0
BRDA:108,3,0,0
BRDA:108,3,1,0
BRDA:162,4,0,0
BRDA:162,4,1,0
BRDA:165,5,0,0
BRDA:165,5,1,0
BRF:12
BRH:0
end_of_record
TN:
SF:src\components\portfolio\simulation\SimulationPanel.tsx
FN:12,(anonymous_0)
FN:20,(anonymous_1)
FN:36,(anonymous_2)
[...]
BRDA:262,31,0,0
BRDA:262,31,1,0
BRDA:262,31,2,0
BRDA:262,31,3,0
BRDA:262,31,4,0
BRDA:265,32,0,0
BRDA:265,32,1,0
BRDA:278,33,0,0
BRDA:278,33,1,0
BRDA:288,34,0,0
BRDA:288,34,1,0
BRDA:291,35,0,0
BRDA:291,35,1,0
BRDA:342,36,0,0
BRDA:342,36,1,0
BRDA:342,36,2,0
BRDA:342,36,3,0
BRDA:370,37,0,0
BRDA:370,37,1,0
BRDA:383,38,0,0
BRDA:383,38,1,0
BRDA:395,39,0,0
BRDA:395,39,1,0
BRDA:412,40,0,0
BRDA:412,40,1,0
BRDA:423,41,0,0
BRDA:423,41,1,0
BRDA:434,42,0,0
BRDA:434,42,1,0
BRDA:443,43,0,0
BRDA:443,43,1,0
BRDA:476,44,0,0
BRDA:476,44,1,0
BRDA:476,44,2,0
BRDA:476,44,3,0
BRDA:476,45,0,0
BRDA:476,45,1,0
BRDA:485,46,0,0
BRDA:485,46,1,0
BRDA:498,47,0,0
BRDA:498,47,1,0
BRDA:524,48,0,0
BRDA:524,48,1,0
BRDA:537,49,0,0
BRDA:537,49,1,0
BRDA:551,50,0,0
BRDA:551,50,1,0
BRDA:555,51,0,0
BRDA:555,51,1,0
BRDA:555,51,2,0
BRDA:555,51,3,0
BRDA:563,52,0,0
BRDA:563,52,1,0
BRDA:575,53,0,0
BRDA:575,53,1,0
BRDA:582,54,0,0
BRDA:582,54,1,0
BRDA:588,55,0,0
BRDA:588,55,1,0
BRDA:594,56,0,0
BRDA:594,56,1,0
BRDA:598,57,0,0
BRDA:598,57,1,0
BRDA:601,58,0,0
BRDA:601,58,1,0
BRDA:605,59,0,0
BRDA:605,59,1,0
BRDA:616,60,0,0
BRDA:616,60,1,0
BRDA:616,60,2,0
BRDA:628,61,0,0
BRDA:628,61,1,0
BRDA:628,61,2,0
BRDA:636,62,0,0
BRDA:636,62,1,0
BRDA:642,63,0,0
BRDA:642,63,1,0
BRDA:656,64,0,0
BRDA:656,64,1,0
BRDA:656,64,2,0
BRDA:656,64,3,0
BRDA:664,65,0,0
BRDA:664,65,1,0
BRDA:667,66,0,0
BRDA:667,66,1,0
BRDA:670,67,0,0
BRDA:670,67,1,0
BRDA:674,68,0,0
BRDA:674,68,1,0
BRDA:677,69,0,0
BRDA:677,69,1,0
BRDA:683,70,0,0
BRDA:683,70,1,0
BRDA:695,71,0,0
BRDA:695,71,1,0
BRDA:695,71,2,0
BRDA:695,71,3,0
BRDA:705,72,0,0
BRDA:705,72,1,0
BRDA:714,73,0,0
BRDA:714,73,1,0
BRDA:714,73,2,0
BRDA:719,74,0,0
BRDA:719,74,1,0
BRDA:725,75,0,0
BRDA:725,75,1,0
BRDA:731,76,0,0
BRDA:731,76,1,0
BRDA:740,77,0,0
BRDA:740,77,1,0
BRDA:746,78,0,0
BRDA:746,78,1,0
BRDA:767,79,0,0
BRDA:767,79,1,0
BRDA:789,80,0,0
BRDA:789,80,1,0
BRDA:800,81,0,0
BRDA:800,81,1,0
BRDA:808,82,0,0
BRDA:808,82,1,0
BRDA:841,83,0,0
BRDA:841,83,1,0
BRDA:841,83,2,0
BRDA:841,83,3,0
BRDA:841,84,0,0
BRDA:841,84,1,0
BRDA:849,85,0,0
BRDA:849,85,1,0
BRDA:862,86,0,0
BRDA:862,86,1,0
BRDA:886,87,0,0
BRDA:886,87,1,0
BRDA:899,88,0,0
BRDA:899,88,1,0
BRDA:913,89,0,0
BRDA:913,89,1,0
BRDA:917,90,0,0
BRDA:917,90,1,0
BRDA:917,90,2,0
BRDA:920,91,0,0
BRDA:920,91,1,0
BRDA:928,92,0,0
BRDA:928,92,1,0
BRDA:940,93,0,0
BRDA:940,93,1,0
BRDA:947,94,0,0
BRDA:947,94,1,0
BRDA:953,95,0,0
BRDA:953,95,1,0
BRDA:959,96,0,0
BRDA:959,96,1,0
BRDA:963,97,0,0
BRDA:963,97,1,0
BRDA:966,98,0,0
BRDA:966,98,1,0
BRDA:970,99,0,0
BRDA:970,99,1,0
BRDA:989,100,0,0
BRDA:989,100,1,0
BRDA:989,100,2,0
BRDA:994,101,0,0
BRDA:994,101,1,0
BRDA:1000,102,0,0
BRDA:1000,102,1,0
BRDA:1007,103,0,0
BRDA:1007,103,1,0
BRDA:1007,103,2,0
BRDA:1015,104,0,0
BRDA:1015,104,1,0
BRDA:1021,105,0,0
BRDA:1021,105,1,0
BRDA:1036,106,0,0
BRDA:1036,106,1,0
BRDA:1036,106,2,0
BRDA:1039,107,0,0
BRDA:1039,107,1,0
BRDA:1044,108,0,0
BRDA:1044,108,1,0
BRDA:1049,109,0,0
BRDA:1049,109,1,0
BRDA:1052,110,0,0
BRDA:1052,110,1,0
BRDA:1055,111,0,0
BRDA:1055,111,1,0
BRDA:1059,112,0,0
BRDA:1059,112,1,0
BRDA:1062,113,0,0
BRDA:1062,113,1,0
BRDA:1068,114,0,0
BRDA:1068,114,1,0
BRDA:1088,115,0,0
BRDA:1088,115,1,0
BRDA:1088,115,2,0
BRDA:1091,116,0,0
BRDA:1091,116,1,0
BRDA:1101,117,0,0
BRDA:1101,117,1,0
BRDA:1118,118,0,0
BRDA:1118,118,1,0
BRDA:1118,118,2,0
BRDA:1125,119,0,0
BRDA:1125,119,1,0
BRDA:1131,120,0,0
BRDA:1131,120,1,0
BRDA:1137,121,0,0
BRDA:1137,121,1,0
BRDA:1146,122,0,0
BRDA:1146,122,1,0
BRDA:1152,123,0,0
BRDA:1152,123,1,0
BRDA:1171,124,0,0
BRDA:1171,124,1,0
BRDA:1171,124,2,0
BRDA:1222,125,0,0
BRDA:1222,125,1,0
BRDA:1222,125,2,0
BRDA:1222,125,3,0
BRDA:1253,126,0,0
BRDA:1253,126,1,0
BRDA:1279,127,0,0
BRDA:1279,127,1,0
BRF:288
BRH:0
end_of_record
TN:
SF:src\services\basketService.ts
FN:13,(anonymous_0)
FN:31,(anonymous_1)
FN:44,(anonymous_2)
FN:60,(anonymous_3)
FN:78,(anonymous_4)
FN:114,(anonymous_5)
FNF:6
FNH:0
FNDA:0,(anonymous_0)
FNDA:0,(anonymous_1)
FNDA:0,(anonymous_2)
FNDA:0,(anonymous_3)
FNDA:0,(anonymous_4)
FNDA:0,(anonymous_5)
DA:8,0
DA:14,0
DA:20,0
DA:21,0
DA:22,0
DA:25,0
DA:32,0
DA:34,0
DA:35,0
DA:38,0
DA:45,0
DA:47,0
DA:48,0
DA:49,0
DA:51,0
DA:54,0
DA:61,0
DA:67,0
DA:68,0
DA:69,0
DA:72,0
DA:79,0
DA:81,0
DA:82,0
DA:84,0
DA:85,0
DA:87,0
DA:88,0
DA:90,0
DA:91,0
DA:93,0
DA:94,0
DA:97,0
DA:98,0
DA:103,0
DA:104,0
DA:105,0
DA:108,0
DA:115,0
DA:119,0
DA:120,0
DA:125,0
LF:42
LH:0
BRDA:20,0,0,0
BRDA:20,0,1,0
BRDA:22,1,0,0
BRDA:22,1,1,0
BRDA:34,2,0,0
BRDA:34,2,1,0
BRDA:47,3,0,0
BRDA:47,3,1,0
BRDA:48,4,0,0
BRDA:48,4,1,0
BRDA:67,5,0,0
BRDA:67,5,1,0
BRDA:69,6,0,0
BRDA:69,6,1,0
BRDA:81,7,0,0
BRDA:81,7,1,0
BRDA:84,8,0,0
BRDA:84,8,1,0
BRDA:87,9,0,0
BRDA:87,9,1,0
BRDA:90,10,0,0
BRDA:90,10,1,0
BRDA:93,11,0,0
BRDA:93,11,1,0
BRDA:97,12,0,0
BRDA:97,12,1,0
BRDA:103,13,0,0
BRDA:103,13,1,0
BRDA:105,14,0,0
BRDA:105,14,1,0
BRDA:119,15,0,0
BRDA:119,15,1,0
BRF:32
BRH:0
end_of_record
TN:
SF:src\services\bondService.ts
FN:49,(anonymous_0)
FN:66,(anonymous_1)
FN:76,(anonymous_2)
FN:86,(anonymous_3)
FN:103,(anonymous_4)
FN:126,(anonymous_5)
FNF:6
FNH:0
FNDA:0,(anonymous_0)
FNDA:0,(anonymous_1)
FNDA:0,(anonymous_2)
FNDA:0,(anonymous_3)
FNDA:0,(anonymous_4)
FNDA:0,(anonymous_5)
DA:47,0
DA:50,0
DA:58,0
DA:59,0
DA:60,0
DA:63,0
DA:67,0
DA:69,0
DA:70,0
DA:73,0
DA:77,0
DA:79,0
DA:80,0
DA:83,0
DA:87,0
DA:95,0
DA:96,0
DA:97,0
DA:100,0
DA:109,0
DA:110,0
DA:111,0
DA:112,0
DA:114,0
DA:118,0
DA:119,0
DA:120,0
DA:123,0
DA:127,0
DA:129,0
DA:130,0
DA:133,0
DA:137,0
LF:33
LH:0
BRDA:58,0,0,0
BRDA:58,0,1,0
BRDA:60,1,0,0
BRDA:60,1,1,0
BRDA:69,2,0,0
BRDA:69,2,1,0
BRDA:79,3,0,0
BRDA:79,3,1,0
BRDA:95,4,0,0
BRDA:95,4,1,0
BRDA:97,5,0,0
BRDA:97,5,1,0
BRDA:110,6,0,0
BRDA:110,6,1,0
BRDA:111,7,0,0
BRDA:111,7,1,0
BRDA:112,8,0,0
BRDA:112,8,1,0
BRDA:118,9,0,0
BRDA:118,9,1,0
BRDA:120,10,0,0
BRDA:120,10,1,0
BRDA:129,11,0,0
BRDA:129,11,1,0
BRF:24
BRH:0
end_of_record
TN:
SF:src\services\cdsTradeService.ts
FN:44,(anonymous_0)
FN:61,(anonymous_1)
FN:71,(anonymous_2)
FN:81,(anonymous_3)
FN:97,(anonymous_4)
FN:107,(anonymous_5)
FN:117,(anonymous_6)
FN:127,(anonymous_7)
FN:137,(anonymous_8)
FNF:9
FNH:0
FNDA:0,(anonymous_0)
FNDA:0,(anonymous_1)
FNDA:0,(anonymous_2)
FNDA:0,(anonymous_3)
FNDA:0,(anonymous_4)
FNDA:0,(anonymous_5)
FNDA:0,(anonymous_6)
FNDA:0,(anonymous_7)
FNDA:0,(anonymous_8)
DA:45,0
DA:53,0
DA:54,0
DA:55,0
DA:58,0
DA:62,0
DA:64,0
DA:65,0
DA:68,0
DA:72,0
DA:74,0
DA:75,0
DA:78,0
DA:82,0
DA:90,0
DA:91,0
DA:94,0
DA:98,0
DA:102,0
DA:103,0
DA:108,0
DA:110,0
DA:111,0
DA:114,0
DA:118,0
DA:120,0
DA:121,0
DA:124,0
DA:128,0
DA:130,0
DA:131,0
DA:134,0
DA:138,0
DA:140,0
DA:141,0
DA:144,0
DA:148,0
LF:37
LH:0
BRDA:53,0,0,0
BRDA:53,0,1,0
BRDA:64,1,0,0
BRDA:64,1,1,0
BRDA:74,2,0,0
BRDA:74,2,1,0
BRDA:90,3,0,0
BRDA:90,3,1,0
BRDA:102,4,0,0
BRDA:102,4,1,0
BRDA:110,5,0,0
BRDA:110,5,1,0
BRDA:120,6,0,0
BRDA:120,6,1,0
BRDA:130,7,0,0
BRDA:130,7,1,0
BRDA:140,8,0,0
BRDA:140,8,1,0
BRF:18
BRH:0
end_of_record
TN:
SF:src\services\creditEventService.ts
FN:52,(anonymous_0)
FN:62,(anonymous_1)
FN:72,(anonymous_2)
FN:90,(anonymous_3)
FN:108,(anonymous_4)
FN:124,(anonymous_5)
FN:148,(anonymous_6)
FN:166,(anonymous_7)
FNF:8
FNH:0
FNDA:0,(anonymous_0)
FNDA:0,(anonymous_1)
FNDA:0,(anonymous_2)
FNDA:0,(anonymous_3)
FNDA:0,(anonymous_4)
FNDA:0,(anonymous_5)
FNDA:0,(anonymous_6)
FNDA:0,(anonymous_7)
DA:46,0
DA:53,0
DA:61,0
DA:62,0
DA:63,0
DA:66,0
DA:73,0
DA:77,0
DA:78,0
DA:79,0
DA:81,0
DA:84,0
DA:91,0
DA:95,0
DA:96,0
DA:97,0
DA:99,0
DA:102,0
DA:109,0
DA:111,0
DA:112,0
DA:113,0
DA:115,0
DA:118,0
DA:125,0
DA:132,0
DA:133,0
DA:134,0
DA:136,0
DA:137,0
DA:139,0
DA:142,0
DA:149,0
DA:153,0
DA:154,0
DA:155,0
DA:157,0
DA:160,0
DA:167,0
DA:168,0
DA:170,0
DA:175,0
LF:42
LH:0
BRDA:61,0,0,0
BRDA:61,0,1,0
BRDA:63,1,0,0
BRDA:63,1,1,0
BRDA:77,2,0,0
BRDA:77,2,1,0
BRDA:78,3,0,0
BRDA:78,3,1,0
BRDA:95,4,0,0
BRDA:95,4,1,0
BRDA:96,5,0,0
BRDA:96,5,1,0
BRDA:111,6,0,0
BRDA:111,6,1,0
BRDA:112,7,0,0
BRDA:112,7,1,0
BRDA:132,8,0,0
BRDA:132,8,1,0
BRDA:133,9,0,0
BRDA:133,9,1,0
BRDA:136,10,0,0
BRDA:136,10,1,0
BRDA:153,11,0,0
BRDA:153,11,1,0
BRDA:154,12,0,0
BRDA:154,12,1,0
BRDA:167,13,0,0
BRDA:167,13,1,0
BRDA:167,14,0,0
BRDA:167,14,1,0
BRDA:168,15,0,0
BRDA:168,15,1,0
BRDA:168,15,2,0
BRDA:170,16,0,0
BRDA:170,16,1,0
BRF:35
BRH:0
end_of_record
TN:
SF:src\services\lifecycleService.ts
FN:7,handleResponse
FN:30,(anonymous_1)
FN:34,(anonymous_2)
FN:38,(anonymous_3)
FN:43,(anonymous_4)
FN:52,(anonymous_5)
FN:60,(anonymous_6)
FN:65,(anonymous_7)
FN:70,(anonymous_8)
FN:75,(anonymous_9)
FN:80,(anonymous_10)
FN:88,(anonymous_11)
FN:96,(anonymous_12)
FN:100,(anonymous_13)
FN:106,(anonymous_14)
FN:114,(anonymous_15)
FN:118,(anonymous_16)
FN:124,(anonymous_17)
FN:132,(anonymous_18)
FNF:19
FNH:0
FNDA:0,handleResponse
FNDA:0,(anonymous_1)
FNDA:0,(anonymous_2)
FNDA:0,(anonymous_3)
FNDA:0,(anonymous_4)
FNDA:0,(anonymous_5)
FNDA:0,(anonymous_6)
FNDA:0,(anonymous_7)
FNDA:0,(anonymous_8)
FNDA:0,(anonymous_9)
FNDA:0,(anonymous_10)
FNDA:0,(anonymous_11)
FNDA:0,(anonymous_12)
FNDA:0,(anonymous_13)
FNDA:0,(anonymous_14)
FNDA:0,(anonymous_15)
FNDA:0,(anonymous_16)
FNDA:0,(anonymous_17)
FNDA:0,(anonymous_18)
DA:5,0
DA:8,0
DA:9,0
DA:12,0
DA:13,0
DA:15,0
DA:16,0
DA:19,0
DA:22,0
DA:25,0
DA:28,0
DA:31,0
DA:32,0
DA:35,0
DA:36,0
DA:39,0
DA:40,0
DA:41,0
DA:44,0
DA:45,0
DA:50,0
DA:53,0
DA:56,0
DA:61,0
DA:62,0
DA:63,0
DA:66,0
DA:67,0
DA:68,0
DA:71,0
DA:72,0
DA:73,0
DA:76,0
DA:77,0
DA:78,0
DA:81,0
DA:82,0
DA:83,0
DA:84,0
DA:89,0
DA:94,0
DA:97,0
DA:98,0
DA:101,0
DA:102,0
DA:107,0
DA:112,0
DA:115,0
DA:116,0
DA:119,0
DA:120,0
DA:121,0
DA:122,0
DA:125,0
DA:126,0
DA:127,0
DA:128,0
DA:133,0
DA:134,0
LF:59
LH:0
BRDA:8,0,0,0
BRDA:8,0,1,0
BRDA:15,1,0,0
BRDA:15,1,1,0
BRDA:19,2,0,0
BRDA:19,2,1,0
BRDA:19,2,2,0
BRDA:44,3,0,0
BRDA:44,3,1,0
BRDA:47,4,0,0
BRDA:47,4,1,0
BRDA:48,5,0,0
BRDA:48,5,1,0
BRDA:120,6,0,0
BRDA:120,6,1,0
BRDA:126,7,0,0
BRDA:126,7,1,0
BRF:17
BRH:0
end_of_record
TN:
SF:src\services\lineageService.ts
FN:61,(anonymous_0)
FN:71,(anonymous_1)
FN:79,(anonymous_2)
FN:92,(anonymous_3)
FN:103,(anonymous_4)
FN:111,(anonymous_5)
FN:119,(anonymous_6)
FN:127,(anonymous_7)
FN:137,(anonymous_8)
FN:138,(anonymous_9)
FN:145,(anonymous_10)
FN:157,(anonymous_11)
FN:162,(anonymous_12)
FN:184,(anonymous_13)
FN:211,(anonymous_14)
FN:238,(anonymous_15)
FN:264,(anonymous_16)
FNF:17
FNH:0
FNDA:0,(anonymous_0)
FNDA:0,(anonymous_1)
FNDA:0,(anonymous_2)
FNDA:0,(anonymous_3)
FNDA:0,(anonymous_4)
FNDA:0,(anonymous_5)
FNDA:0,(anonymous_6)
FNDA:0,(anonymous_7)
FNDA:0,(anonymous_8)
FNDA:0,(anonymous_9)
FNDA:0,(anonymous_10)
FNDA:0,(anonymous_11)
FNDA:0,(anonymous_12)
FNDA:0,(anonymous_13)
FNDA:0,(anonymous_14)
FNDA:0,(anonymous_15)
FNDA:0,(anonymous_16)
DA:4,0
DA:5,0
DA:62,0
DA:65,0
DA:72,0
DA:73,0
DA:80,0
DA:81,0
DA:82,0
DA:84,0
DA:85,0
DA:93,0
DA:94,0
DA:96,0
DA:97,0
DA:104,0
DA:105,0
DA:112,0
DA:113,0
DA:120,0
DA:121,0
DA:128,0
DA:131,0
DA:138,0
DA:145,0
DA:151,0
DA:158,0
DA:159,0
DA:160,0
DA:162,0
DA:164,0
DA:165,0
DA:166,0
DA:178,0
DA:179,0
DA:183,0
DA:184,0
DA:185,0
DA:186,0
DA:187,0
DA:189,0
DA:190,0
DA:196,0
DA:197,0
DA:200,0
DA:210,0
DA:211,0
DA:212,0
DA:213,0
DA:215,0
DA:217,0
DA:218,0
DA:224,0
DA:225,0
DA:228,0
DA:238,0
DA:240,0
DA:241,0
DA:242,0
DA:247,0
DA:248,0
DA:250,0
DA:258,0
DA:265,0
DA:266,0
LF:65
LH:0
BRDA:94,0,0,0
BRDA:94,0,1,0
BRDA:127,1,0,0
BRDA:165,2,0,0
BRDA:165,2,1,0
BRDA:183,3,0,0
BRDA:183,3,1,0
BRDA:183,4,0,0
BRDA:183,4,1,0
BRDA:185,5,0,0
BRDA:185,5,1,0
BRDA:185,6,0,0
BRDA:185,6,1,0
BRDA:185,6,2,0
BRDA:189,7,0,0
BRDA:189,7,1,0
BRDA:210,8,0,0
BRDA:210,8,1,0
BRDA:210,9,0,0
BRDA:210,9,1,0
BRDA:212,10,0,0
BRDA:212,10,1,0
BRDA:212,11,0,0
BRDA:212,11,1,0
BRDA:212,11,2,0
BRDA:217,12,0,0
BRDA:217,12,1,0
BRDA:238,13,0,0
BRDA:238,13,1,0
BRDA:238,14,0,0
BRDA:238,14,1,0
BRDA:241,15,0,0
BRDA:241,15,1,0
BRF:33
BRH:0
end_of_record
TN:
SF:src\services\novationService.ts
FN:36,(anonymous_0)
FN:38,(anonymous_1)
FN:48,(anonymous_2)
FN:74,(anonymous_3)
FN:93,(anonymous_4)
FN:112,(anonymous_5)
FN:135,(anonymous_6)
FNF:7
FNH:0
FNDA:0,(anonymous_0)
FNDA:0,(anonymous_1)
FNDA:0,(anonymous_2)
FNDA:0,(anonymous_3)
FNDA:0,(anonymous_4)
FNDA:0,(anonymous_5)
FNDA:0,(anonymous_6)
DA:34,0
DA:39,0
DA:40,0
DA:42,0
DA:49,0
DA:50,0
DA:58,0
DA:60,0
DA:61,0
DA:64,0
DA:66,0
DA:67,0
DA:75,0
DA:76,0
DA:77,0
DA:79,0
DA:80,0
DA:83,0
DA:85,0
DA:86,0
DA:94,0
DA:95,0
DA:96,0
DA:98,0
DA:99,0
DA:102,0
DA:104,0
DA:105,0
DA:113,0
DA:114,0
DA:115,0
DA:116,0
DA:118,0
DA:119,0
DA:121,0
DA:122,0
DA:125,0
DA:127,0
DA:128,0
DA:136,0
DA:137,0
DA:145,0
DA:147,0
DA:148,0
DA:151,0
DA:153,0
DA:154,0
DA:160,0
LF:48
LH:0
BRDA:39,0,0,0
BRDA:39,0,1,0
BRDA:60,1,0,0
BRDA:60,1,1,0
BRDA:61,2,0,0
BRDA:61,2,1,0
BRDA:61,2,2,0
BRDA:67,3,0,0
BRDA:67,3,1,0
BRDA:79,4,0,0
BRDA:79,4,1,0
BRDA:80,5,0,0
BRDA:80,5,1,0
BRDA:86,6,0,0
BRDA:86,6,1,0
BRDA:98,7,0,0
BRDA:98,7,1,0
BRDA:99,8,0,0
BRDA:99,8,1,0
BRDA:105,9,0,0
BRDA:105,9,1,0
BRDA:115,10,0,0
BRDA:115,10,1,0
BRDA:116,11,0,0
BRDA:116,11,1,0
BRDA:118,12,0,0
BRDA:118,12,1,0
BRDA:121,13,0,0
BRDA:121,13,1,0
BRDA:128,14,0,0
BRDA:128,14,1,0
BRDA:147,15,0,0
BRDA:147,15,1,0
BRDA:148,16,0,0
BRDA:148,16,1,0
BRDA:154,17,0,0
BRDA:154,17,1,0
BRF:37
BRH:0
end_of_record
TN:
SF:src\services\portfolioService.ts
FN:131,(anonymous_0)
FN:146,(anonymous_1)
FN:168,(anonymous_2)
FN:185,(anonymous_3)
FN:200,(anonymous_4)
FN:211,(anonymous_5)
FN:226,(anonymous_6)
FN:236,(anonymous_7)
FN:259,(anonymous_8)
FN:272,(anonymous_9)
FN:283,(anonymous_10)
FN:298,(anonymous_11)
FN:309,(anonymous_12)
FN:331,(anonymous_13)
FN:346,(anonymous_14)
FN:357,(anonymous_15)
FNF:16
FNH:0
FNDA:0,(anonymous_0)
FNDA:0,(anonymous_1)
FNDA:0,(anonymous_2)
FNDA:0,(anonymous_3)
FNDA:0,(anonymous_4)
FNDA:0,(anonymous_5)
FNDA:0,(anonymous_6)
FNDA:0,(anonymous_7)
FNDA:0,(anonymous_8)
FNDA:0,(anonymous_9)
FNDA:0,(anonymous_10)
FNDA:0,(anonymous_11)
FNDA:0,(anonymous_12)
FNDA:0,(anonymous_13)
FNDA:0,(anonymous_14)
FNDA:0,(anonymous_15)
DA:3,0
DA:129,0
DA:132,0
DA:138,0
DA:139,0
DA:140,0
DA:143,0
DA:147,0
DA:149,0
DA:150,0
DA:153,0
DA:156,0
DA:157,0
DA:160,0
DA:161,0
DA:163,0
DA:164,0
DA:169,0
DA:171,0
DA:172,0
DA:175,0
DA:177,0
DA:178,0
DA:180,0
DA:181,0
DA:186,0
DA:192,0
DA:193,0
DA:194,0
DA:197,0
DA:201,0
DA:205,0
DA:206,0
DA:212,0
DA:218,0
DA:219,0
DA:220,0
DA:223,0
DA:227,0
DA:231,0
DA:232,0
DA:237,0
DA:239,0
DA:240,0
DA:243,0
DA:246,0
DA:247,0
DA:250,0
DA:251,0
DA:253,0
DA:254,0
DA:260,0
DA:264,0
DA:265,0
DA:266,0
DA:269,0
DA:273,0
DA:275,0
DA:276,0
DA:279,0
DA:284,0
DA:290,0
DA:291,0
DA:292,0
DA:295,0
DA:299,0
DA:303,0
DA:304,0
DA:305,0
DA:310,0
DA:312,0
DA:313,0
DA:316,0
DA:318,0
DA:319,0
DA:322,0
DA:323,0
DA:325,0
DA:326,0
DA:332,0
DA:338,0
DA:339,0
DA:340,0
DA:343,0
DA:347,0
DA:351,0
DA:352,0
DA:353,0
DA:358,0
DA:360,0
DA:361,0
DA:364,0
DA:366,0
DA:367,0
DA:370,0
DA:371,0
DA:373,0
DA:374,0
LF:98
LH:0
BRDA:138,0,0,0
BRDA:138,0,1,0
BRDA:140,1,0,0
BRDA:140,1,1,0
BRDA:149,2,0,0
BRDA:149,2,1,0
BRDA:156,3,0,0
BRDA:156,3,1,0
BRDA:156,4,0,0
BRDA:156,4,1,0
BRDA:171,5,0,0
BRDA:171,5,1,0
BRDA:192,6,0,0
BRDA:192,6,1,0
BRDA:194,7,0,0
BRDA:194,7,1,0
BRDA:205,8,0,0
BRDA:205,8,1,0
BRDA:218,9,0,0
BRDA:218,9,1,0
BRDA:220,10,0,0
BRDA:220,10,1,0
BRDA:231,11,0,0
BRDA:231,11,1,0
BRDA:239,12,0,0
BRDA:239,12,1,0
BRDA:246,13,0,0
BRDA:246,13,1,0
BRDA:246,14,0,0
BRDA:246,14,1,0
BRDA:264,15,0,0
BRDA:264,15,1,0
BRDA:266,16,0,0
BRDA:266,16,1,0
BRDA:275,17,0,0
BRDA:275,17,1,0
BRDA:283,18,0,0
BRDA:283,19,0,0
BRDA:290,20,0,0
BRDA:290,20,1,0
BRDA:292,21,0,0
BRDA:292,21,1,0
BRDA:303,22,0,0
BRDA:303,22,1,0
BRDA:305,23,0,0
BRDA:305,23,1,0
BRDA:312,24,0,0
BRDA:312,24,1,0
BRDA:318,25,0,0
BRDA:318,25,1,0
BRDA:318,26,0,0
BRDA:318,26,1,0
BRDA:331,27,0,0
BRDA:331,28,0,0
BRDA:338,29,0,0
BRDA:338,29,1,0
BRDA:340,30,0,0
BRDA:340,30,1,0
BRDA:351,31,0,0
BRDA:351,31,1,0
BRDA:353,32,0,0
BRDA:353,32,1,0
BRDA:360,33,0,0
BRDA:360,33,1,0
BRDA:366,34,0,0
BRDA:366,34,1,0
BRDA:366,35,0,0
BRDA:366,35,1,0
BRF:68
BRH:0
end_of_record
TN:
SF:src\services\simulationService.ts
FN:68,(anonymous_0)
FN:88,(anonymous_1)
FN:105,(anonymous_2)
FN:119,(anonymous_3)
FNF:4
FNH:0
FNDA:0,(anonymous_0)
FNDA:0,(anonymous_1)
FNDA:0,(anonymous_2)
FNDA:0,(anonymous_3)
DA:63,0
DA:69,0
DA:77,0
DA:78,0
DA:79,0
DA:82,0
DA:89,0
DA:91,0
DA:92,0
DA:93,0
DA:95,0
DA:96,0
DA:99,0
DA:106,0
DA:110,0
DA:111,0
DA:112,0
DA:120,0
DA:121,0
DA:122,0
DA:124,0
DA:125,0
DA:126,0
DA:127,0
DA:128,0
DA:129,0
DA:130,0
DA:134,0
LF:28
LH:0
BRDA:77,0,0,0
BRDA:77,0,1,0
BRDA:91,1,0,0
BRDA:91,1,1,0
BRDA:92,2,0,0
BRDA:92,2,1,0
BRDA:110,3,0,0
BRDA:110,3,1,0
BRDA:110,4,0,0
BRDA:110,4,1,0
BRF:10
BRH:0
end_of_record
TN:
SF:src\services\stressTestService.ts
FN:35,(anonymous_0)
FNF:1
FNH:0
FNDA:0,(anonymous_0)
DA:36,0
DA:44,0
DA:45,0
DA:48,0
DA:52,0
LF:5
LH:0
BRDA:44,0,0,0
BRDA:44,0,1,0
BRF:2
BRH:0
end_of_record
TN:
SF:src\services\risk\riskService.ts
FN:4,fetchRiskMeasures
FN:44,runRiskScenarios
FNF:2
FNH:2
FNDA:2,fetchRiskMeasures
FNDA:1,runRiskScenarios
DA:6,2
DA:8,2
DA:14,2
DA:21,2
DA:23,2
DA:31,2
DA:33,2
DA:37,2
DA:38,1
DA:40,1
DA:46,1
DA:54,1
DA:60,1
DA:61,1
DA:63,1
DA:64,0
DA:67,1
DA:70,1
DA:72,1
DA:73,3
DA:88,3
DA:94,3
DA:95,1
DA:96,1
DA:99,2
DA:100,2
DA:101,2
DA:108,1
LF:28
LH:27
BRDA:6,0,0,2
BRDA:6,0,1,2
BRDA:31,1,0,0
BRDA:31,1,1,2
BRDA:37,2,0,1
BRDA:37,2,1,1
BRDA:37,3,0,2
BRDA:37,3,1,2
BRDA:60,4,0,0
BRDA:60,4,1,1
BRDA:63,5,0,0
BRDA:63,5,1,1
BRDA:63,6,0,1
BRDA:63,6,1,1
BRDA:94,7,0,1
BRDA:94,7,1,2
BRDA:100,8,0,2
BRDA:100,8,1,0
BRDA:100,9,0,2
BRDA:100,9,1,2
BRF:20
BRH:16
end_of_record
TN:
SF:src\services\risk\riskTypes.ts
FNF:0
FNH:0
LF:0
LH:0
BRF:0
BRH:0
end_of_record
TN:
SF:src\types\basket.ts
FNF:0
FNH:0
LF:0
LH:0
BRF:0
BRH:0
end_of_record
TN:
SF:src\types\lifecycle.ts
FNF:0
FNH:0
LF:0
LH:0
BRF:0
BRH:0
end_of_record
TN:
SF:src\utils\formatters.ts
FN:8,(anonymous_0)
FN:34,(anonymous_1)
FN:58,(anonymous_2)
FN:78,(anonymous_3)
FN:109,(anonymous_4)
FN:139,(anonymous_5)
FN:174,(anonymous_6)
FN:189,(anonymous_7)
FN:210,(anonymous_8)
FNF:9
FNH:9
FNDA:6,(anonymous_0)
FNDA:13,(anonymous_1)
FNDA:5,(anonymous_2)
FNDA:6,(anonymous_3)
FNDA:4,(anonymous_4)
FNDA:2,(anonymous_5)
FNDA:4,(anonymous_6)
FNDA:3,(anonymous_7)
FNDA:3,(anonymous_8)
DA:8,1
DA:13,6
DA:14,3
DA:17,3
DA:19,3
DA:20,1
DA:23,2
DA:34,1
DA:39,13
DA:40,3
DA:43,10
DA:45,10
DA:46,0
DA:49,10
DA:58,1
DA:62,5
DA:63,2
DA:66,3
DA:68,3
DA:69,0
DA:72,3
DA:78,1
DA:82,6
DA:83,1
DA:86,5
DA:88,5
DA:89,0
DA:92,5
DA:93,5
DA:95,5
DA:96,1
DA:97,4
DA:98,1
DA:99,3
DA:100,2
DA:102,1
DA:109,1
DA:113,4
DA:114,1
DA:117,3
DA:119,3
DA:120,1
DA:123,2
DA:129,2
DA:130,1
DA:133,2
DA:139,1
DA:143,2
DA:144,1
DA:147,1
DA:149,1
DA:150,0
DA:153,1
DA:159,1
DA:165,1
DA:166,1
DA:168,1
DA:174,1
DA:175,4
DA:176,2
DA:179,2
DA:180,2
DA:181,2
DA:183,2
DA:189,1
DA:193,3
DA:194,1
DA:197,2
DA:199,2
DA:200,0
DA:203,2
DA:204,2
DA:210,1
DA:214,3
DA:215,1
DA:218,2
DA:219,1
DA:222,1
LF:78
LH:73
BRDA:10,0,0,6
BRDA:11,1,0,6
BRDA:13,2,0,3
BRDA:13,2,1,3
BRDA:13,3,0,6
BRDA:13,3,1,5
BRDA:13,3,2,4
BRDA:17,4,0,2
BRDA:17,4,1,1
BRDA:19,5,0,1
BRDA:19,5,1,2
BRDA:36,6,0,3
BRDA:37,7,0,13
BRDA:39,8,0,3
BRDA:39,8,1,10
BRDA:39,9,0,13
BRDA:39,9,1,12
BRDA:39,9,2,11
BRDA:43,10,0,1
BRDA:43,10,1,9
BRDA:45,11,0,0
BRDA:45,11,1,10
BRDA:60,12,0,3
BRDA:62,13,0,2
BRDA:62,13,1,3
BRDA:62,14,0,5
BRDA:62,14,1,4
BRDA:62,14,2,3
BRDA:66,15,0,0
BRDA:66,15,1,3
BRDA:68,16,0,0
BRDA:68,16,1,3
BRDA:80,17,0,6
BRDA:82,18,0,1
BRDA:82,18,1,5
BRDA:82,19,0,6
BRDA:82,19,1,5
BRDA:82,19,2,5
BRDA:86,20,0,0
BRDA:86,20,1,5
BRDA:88,21,0,0
BRDA:88,21,1,5
BRDA:93,22,0,1
BRDA:93,22,1,4
BRDA:95,23,0,1
BRDA:95,23,1,4
BRDA:97,24,0,1
BRDA:97,24,1,3
BRDA:99,25,0,2
BRDA:99,25,1,1
BRDA:111,26,0,3
BRDA:113,27,0,1
BRDA:113,27,1,3
BRDA:117,28,0,3
BRDA:117,28,1,0
BRDA:119,29,0,1
BRDA:119,29,1,2
BRDA:125,30,0,0
BRDA:125,30,1,2
BRDA:125,31,0,1
BRDA:125,31,1,1
BRDA:129,32,0,1
BRDA:129,32,1,1
BRDA:141,33,0,1
BRDA:143,34,0,1
BRDA:143,34,1,1
BRDA:147,35,0,1
BRDA:147,35,1,0
BRDA:149,36,0,0
BRDA:149,36,1,1
BRDA:162,37,0,1
BRDA:162,37,1,1
BRDA:175,38,0,2
BRDA:175,38,1,2
BRDA:175,39,0,4
BRDA:175,39,1,2
BRDA:191,40,0,3
BRDA:193,41,0,1
BRDA:193,41,1,2
BRDA:193,42,0,3
BRDA:193,42,1,2
BRDA:193,42,2,2
BRDA:197,43,0,1
BRDA:197,43,1,1
BRDA:199,44,0,0
BRDA:199,44,1,2
BRDA:214,45,0,1
BRDA:214,45,1,2
BRDA:218,46,0,1
BRDA:218,46,1,1
BRF:90
BRH:80
end_of_record
