<?xml version="1.0" encoding="UTF-8"?>
<testsuite xmlns:xsi="http://www.w3.org/2001/XMLSchema-instance" xsi:noNamespaceSchemaLocation="https://maven.apache.org/surefire/maven-surefire-plugin/xsd/surefire-test-report-3.0.xsd" version="3.0" name="com.creditdefaultswap.riskengine.service.RiskCalculationServiceTest" time="2.054" tests="7" errors="0" skipped="0" failures="0">
  <properties>
[...]
</properties>
  <testcase name="testBaseCalculationNotNull" classname="com.creditdefaultswap.riskengine.service.RiskCalculationServiceTest" time="1.364">
    <system-err><![CDATA[WARNING: A Java agent has been loaded dynamically (/Users/facundolaxalde/.m2/repository/net/bytebuddy/byte-buddy-agent/1.14.10/byte-buddy-agent-1.14.10.jar)
WARNING: If a serviceability tool is in use, please run with -XX:+EnableDynamicAgentLoading to hide this warning
WARNING: If a serviceability tool is not in use, please run with -Djdk.instrument.traceUsage for more information
WARNING: Dynamic loading of agents will be disallowed by default in a future release
]]></system-err>
  </testcase>
  <testcase name="testCalculateRiskMeasures_WithStubImplementation" classname="com.creditdefaultswap.riskengine.service.RiskCalculationServiceTest" time="0.427">
    <system-out><![CDATA[14:40:07.819 [main] INFO com.creditdefaultswap.riskengine.service.RiskCalculationService -- Calculating risk measures for scenario: TEST_SCENARIO with 2 trades using implementation: STUB
]]></system-out>
  </testcase>
  <testcase name="testGetEngineStatus_StubImplementation" classname="com.creditdefaultswap.riskengine.service.RiskCalculationServiceTest" time="0.006"/>
  <testcase name="testParallelShiftAdjustsSpread" classname="com.creditdefaultswap.riskengine.service.RiskCalculationServiceTest" time="0.005"/>
  <testcase name="testGetEngineStatus_OreImplementation" classname="com.creditdefaultswap.riskengine.service.RiskCalculationServiceTest" time="0.007"/>
  <testcase name="testCalculateRiskMeasures_WithOreImplementation_ProcessNotReady" classname="com.creditdefaultswap.riskengine.service.RiskCalculationServiceTest" time="0.174">
    <system-out><![CDATA[14:40:08.237 [main] INFO com.creditdefaultswap.riskengine.service.RiskCalculationService -- Calculating risk measures for scenario: TEST_SCENARIO with 1 trades using implementation: ORE
14:40:08.238 [main] ERROR com.creditdefaultswap.riskengine.service.RiskCalculationService -- ORE process is not ready, falling back to stub calculation
]]></system-out>
  </testcase>
  <testcase name="testCalculateRiskMeasures_WithOreImplementation_Success" classname="com.creditdefaultswap.riskengine.service.RiskCalculationServiceTest" time="0.016">
    <system-out><![CDATA[14:40:08.420 [main] INFO com.creditdefaultswap.riskengine.service.RiskCalculationService -- Calculating risk measures for scenario: TEST_SCENARIO with 2 trades using implementation: ORE
]]></system-out>
  </testcase>
</testsuite>